<?xml version="1.0" encoding="UTF-8"?>
<coverage generated="1705523530733" clover="3.2.0">
  <project timestamp="1705523530733" name="All files">
    <metrics statements="439" coveredstatements="407" conditionals="258" coveredconditionals="189" methods="73" coveredmethods="61" elements="770" coveredelements="657" complexity="0" loc="439" ncloc="439" packages="1" files="1" classes="1"/>
    <file name="fieldfinder.ts" path="/Users/ericl/devenv/netsuite-field-finder/src/fieldfinder.ts">
      <metrics statements="439" coveredstatements="407" conditionals="258" coveredconditionals="189" methods="73" coveredmethods="61"/>
      <line num="18" count="1" type="stmt"/>
      <line num="23" count="1" type="stmt"/>
      <line num="26" count="1" type="cond" truecount="2" falsecount="0"/>
      <line num="27" count="1" type="stmt"/>
      <line num="28" count="1" type="stmt"/>
      <line num="29" count="1" type="stmt"/>
      <line num="30" count="1" type="stmt"/>
      <line num="31" count="1" type="stmt"/>
      <line num="34" count="1" type="cond" truecount="2" falsecount="0"/>
      <line num="35" count="1" type="stmt"/>
      <line num="36" count="1" type="stmt"/>
      <line num="37" count="1" type="stmt"/>
      <line num="38" count="1" type="stmt"/>
      <line num="39" count="1" type="stmt"/>
      <line num="43" count="1" type="stmt"/>
      <line num="54" count="1" type="stmt"/>
      <line num="61" count="1" type="stmt"/>
      <line num="73" count="1" type="cond" truecount="0" falsecount="1"/>
      <line num="74" count="0" type="cond" truecount="0" falsecount="2"/>
      <line num="75" count="0" type="stmt"/>
      <line num="77" count="0" type="stmt"/>
      <line num="83" count="1" type="stmt"/>
      <line num="85" count="24" type="stmt"/>
      <line num="87" count="24" type="stmt"/>
      <line num="88" count="24" type="stmt"/>
      <line num="89" count="24" type="cond" truecount="1" falsecount="1"/>
      <line num="91" count="0" type="stmt"/>
      <line num="92" count="0" type="stmt"/>
      <line num="95" count="24" type="cond" truecount="0" falsecount="1"/>
      <line num="96" count="0" type="stmt"/>
      <line num="99" count="24" type="cond" truecount="1" falsecount="0"/>
      <line num="100" count="18" type="cond" truecount="1" falsecount="1"/>
      <line num="102" count="24" type="cond" truecount="1" falsecount="0"/>
      <line num="103" count="18" type="stmt"/>
      <line num="104" count="36" type="cond" truecount="1" falsecount="0"/>
      <line num="105" count="18" type="stmt"/>
      <line num="106" count="18" type="cond" truecount="1" falsecount="0"/>
      <line num="107" count="18" type="stmt"/>
      <line num="108" count="18" type="stmt"/>
      <line num="115" count="24" type="cond" truecount="4" falsecount="2"/>
      <line num="116" count="24" type="cond" truecount="4" falsecount="3"/>
      <line num="118" count="24" type="cond" truecount="1" falsecount="0"/>
      <line num="119" count="24" type="stmt"/>
      <line num="120" count="72" type="cond" truecount="1" falsecount="0"/>
      <line num="121" count="72" type="stmt"/>
      <line num="126" count="24" type="stmt"/>
      <line num="127" count="24" type="stmt"/>
      <line num="132" count="1" type="stmt"/>
      <line num="133" count="8" type="stmt"/>
      <line num="134" count="8" type="stmt"/>
      <line num="135" count="8" type="cond" truecount="0" falsecount="1"/>
      <line num="136" count="8" type="stmt"/>
      <line num="140" count="1" type="stmt"/>
      <line num="141" count="128" type="stmt"/>
      <line num="145" count="1" type="stmt"/>
      <line num="146" count="24" type="cond" truecount="1" falsecount="0"/>
      <line num="147" count="24" type="stmt"/>
      <line num="148" count="24" type="stmt"/>
      <line num="151" count="1" type="stmt"/>
      <line num="152" count="32" type="stmt"/>
      <line num="155" count="1" type="stmt"/>
      <line num="156" count="240" type="cond" truecount="5" falsecount="0"/>
      <line num="157" count="24" type="stmt"/>
      <line num="159" count="216" type="cond" truecount="6" falsecount="0"/>
      <line num="160" count="96" type="stmt"/>
      <line num="162" count="120" type="cond" truecount="4" falsecount="0"/>
      <line num="163" count="120" type="stmt"/>
      <line num="168" count="1" type="stmt"/>
      <line num="169" count="16" type="stmt"/>
      <line num="172" count="1" type="stmt"/>
      <line num="177" count="72" type="stmt"/>
      <line num="178" count="72" type="stmt"/>
      <line num="179" count="72" type="stmt"/>
      <line num="180" count="72" type="stmt"/>
      <line num="185" count="72" type="stmt"/>
      <line num="186" count="72" type="stmt"/>
      <line num="187" count="72" type="stmt"/>
      <line num="188" count="72" type="stmt"/>
      <line num="190" count="72" type="stmt"/>
      <line num="191" count="72" type="stmt"/>
      <line num="192" count="72" type="stmt"/>
      <line num="193" count="72" type="stmt"/>
      <line num="194" count="72" type="stmt"/>
      <line num="195" count="72" type="stmt"/>
      <line num="196" count="72" type="stmt"/>
      <line num="197" count="72" type="stmt"/>
      <line num="198" count="72" type="stmt"/>
      <line num="201" count="72" type="stmt"/>
      <line num="202" count="72" type="stmt"/>
      <line num="203" count="72" type="stmt"/>
      <line num="204" count="72" type="stmt"/>
      <line num="205" count="72" type="stmt"/>
      <line num="206" count="72" type="stmt"/>
      <line num="210" count="72" type="cond" truecount="8" falsecount="1"/>
      <line num="211" count="24" type="stmt"/>
      <line num="212" count="72" type="cond" truecount="0" falsecount="1"/>
      <line num="213" count="0" type="stmt"/>
      <line num="214" count="72" type="stmt"/>
      <line num="215" count="72" type="stmt"/>
      <line num="216" count="72" type="stmt"/>
      <line num="217" count="72" type="stmt"/>
      <line num="218" count="72" type="stmt"/>
      <line num="219" count="72" type="stmt"/>
      <line num="220" count="72" type="stmt"/>
      <line num="225" count="72" type="cond" truecount="1" falsecount="0"/>
      <line num="226" count="24" type="stmt"/>
      <line num="230" count="128" type="stmt"/>
      <line num="231" count="128" type="stmt"/>
      <line num="232" count="1584" type="stmt"/>
      <line num="233" count="1584" type="stmt"/>
      <line num="234" count="1584" type="cond" truecount="5" falsecount="0"/>
      <line num="235" count="384" type="stmt"/>
      <line num="236" count="384" type="stmt"/>
      <line num="238" count="1200" type="cond" truecount="2" falsecount="0"/>
      <line num="239" count="192" type="stmt"/>
      <line num="240" count="192" type="stmt"/>
      <line num="243" count="1008" type="stmt"/>
      <line num="244" count="1584" type="stmt"/>
      <line num="249" count="56" type="stmt"/>
      <line num="250" count="56" type="stmt"/>
      <line num="251" count="56" type="stmt"/>
      <line num="252" count="56" type="stmt"/>
      <line num="256" count="72" type="stmt"/>
      <line num="257" count="72" type="cond" truecount="2" falsecount="2"/>
      <line num="261" count="192" type="stmt"/>
      <line num="262" count="192" type="stmt"/>
      <line num="263" count="192" type="stmt"/>
      <line num="264" count="192" type="stmt"/>
      <line num="265" count="192" type="stmt"/>
      <line num="266" count="192" type="stmt"/>
      <line num="267" count="192" type="stmt"/>
      <line num="268" count="192" type="stmt"/>
      <line num="272" count="192" type="stmt"/>
      <line num="273" count="192" type="stmt"/>
      <line num="274" count="192" type="stmt"/>
      <line num="275" count="192" type="stmt"/>
      <line num="276" count="192" type="stmt"/>
      <line num="277" count="192" type="stmt"/>
      <line num="281" count="216" type="cond" truecount="3" falsecount="1"/>
      <line num="285" count="72" type="stmt"/>
      <line num="286" count="0" type="stmt"/>
      <line num="291" count="128" type="stmt"/>
      <line num="292" count="128" type="cond" truecount="1" falsecount="0"/>
      <line num="293" count="32" type="stmt"/>
      <line num="294" count="128" type="cond" truecount="1" falsecount="0"/>
      <line num="295" count="16" type="stmt"/>
      <line num="296" count="128" type="cond" truecount="1" falsecount="0"/>
      <line num="297" count="32" type="stmt"/>
      <line num="298" count="128" type="cond" truecount="1" falsecount="1"/>
      <line num="299" count="128" type="stmt"/>
      <line num="300" count="128" type="stmt"/>
      <line num="301" count="128" type="stmt"/>
      <line num="305" count="72" type="stmt"/>
      <line num="306" count="72" type="stmt"/>
      <line num="307" count="72" type="stmt"/>
      <line num="308" count="72" type="stmt"/>
      <line num="309" count="72" type="stmt"/>
      <line num="310" count="72" type="cond" truecount="1" falsecount="0"/>
      <line num="311" count="72" type="stmt"/>
      <line num="312" count="72" type="cond" truecount="1" falsecount="0"/>
      <line num="313" count="48" type="stmt"/>
      <line num="314" count="72" type="stmt"/>
      <line num="318" count="72" type="stmt"/>
      <line num="319" count="72" type="stmt"/>
      <line num="320" count="72" type="stmt"/>
      <line num="321" count="72" type="stmt"/>
      <line num="322" count="72" type="stmt"/>
      <line num="323" count="72" type="stmt"/>
      <line num="324" count="72" type="stmt"/>
      <line num="325" count="72" type="stmt"/>
      <line num="326" count="72" type="stmt"/>
      <line num="327" count="0" type="stmt"/>
      <line num="328" count="0" type="stmt"/>
      <line num="330" count="72" type="stmt"/>
      <line num="331" count="0" type="stmt"/>
      <line num="332" count="0" type="stmt"/>
      <line num="334" count="72" type="stmt"/>
      <line num="335" count="72" type="stmt"/>
      <line num="340" count="72" type="stmt"/>
      <line num="341" count="72" type="stmt"/>
      <line num="342" count="72" type="stmt"/>
      <line num="343" count="72" type="stmt"/>
      <line num="344" count="72" type="stmt"/>
      <line num="345" count="72" type="stmt"/>
      <line num="350" count="72" type="stmt"/>
      <line num="351" count="72" type="stmt"/>
      <line num="352" count="72" type="stmt"/>
      <line num="353" count="72" type="stmt"/>
      <line num="355" count="72" type="stmt"/>
      <line num="356" count="72" type="stmt"/>
      <line num="357" count="72" type="stmt"/>
      <line num="358" count="72" type="stmt"/>
      <line num="359" count="72" type="stmt"/>
      <line num="360" count="72" type="stmt"/>
      <line num="361" count="72" type="stmt"/>
      <line num="362" count="72" type="stmt"/>
      <line num="364" count="72" type="stmt"/>
      <line num="365" count="72" type="stmt"/>
      <line num="366" count="72" type="stmt"/>
      <line num="367" count="72" type="stmt"/>
      <line num="368" count="72" type="stmt"/>
      <line num="369" count="72" type="stmt"/>
      <line num="371" count="72" type="stmt"/>
      <line num="372" count="72" type="stmt"/>
      <line num="374" count="72" type="stmt"/>
      <line num="380" count="32" type="cond" truecount="3" falsecount="1"/>
      <line num="382" count="32" type="cond" truecount="0" falsecount="1"/>
      <line num="384" count="32" type="stmt"/>
      <line num="391" count="32" type="stmt"/>
      <line num="394" count="32" type="cond" truecount="2" falsecount="0"/>
      <line num="395" count="16" type="stmt"/>
      <line num="396" count="16" type="stmt"/>
      <line num="397" count="16" type="stmt"/>
      <line num="400" count="16" type="stmt"/>
      <line num="401" count="16" type="stmt"/>
      <line num="402" count="16" type="stmt"/>
      <line num="405" count="32" type="stmt"/>
      <line num="410" count="408" type="stmt"/>
      <line num="411" count="408" type="stmt"/>
      <line num="415" count="48" type="stmt"/>
      <line num="416" count="48" type="cond" truecount="3" falsecount="1"/>
      <line num="417" count="48" type="cond" truecount="4" falsecount="0"/>
      <line num="418" count="48" type="cond" truecount="3" falsecount="1"/>
      <line num="419" count="48" type="stmt"/>
      <line num="420" count="48" type="stmt"/>
      <line num="421" count="48" type="stmt"/>
      <line num="422" count="48" type="stmt"/>
      <line num="426" count="408" type="stmt"/>
      <line num="427" count="408" type="stmt"/>
      <line num="428" count="408" type="stmt"/>
      <line num="429" count="3056" type="stmt"/>
      <line num="430" count="3056" type="stmt"/>
      <line num="431" count="3056" type="cond" truecount="1" falsecount="0"/>
      <line num="432" count="1888" type="stmt"/>
      <line num="433" count="3056" type="stmt"/>
      <line num="435" count="408" type="stmt"/>
      <line num="440" count="32" type="stmt"/>
      <line num="441" count="32" type="stmt"/>
      <line num="445" count="32" type="stmt"/>
      <line num="446" count="32" type="stmt"/>
      <line num="447" count="24" type="stmt"/>
      <line num="449" count="32" type="stmt"/>
      <line num="450" count="32" type="stmt"/>
      <line num="451" count="32" type="stmt"/>
      <line num="452" count="32" type="stmt"/>
      <line num="453" count="32" type="stmt"/>
      <line num="454" count="32" type="stmt"/>
      <line num="459" count="72" type="stmt"/>
      <line num="467" count="72" type="stmt"/>
      <line num="471" count="0" type="stmt"/>
      <line num="472" count="0" type="stmt"/>
      <line num="473" count="0" type="stmt"/>
      <line num="474" count="0" type="stmt"/>
      <line num="475" count="0" type="stmt"/>
      <line num="476" count="0" type="stmt"/>
      <line num="477" count="0" type="stmt"/>
      <line num="478" count="0" type="stmt"/>
      <line num="479" count="0" type="stmt"/>
      <line num="480" count="0" type="cond" truecount="0" falsecount="6"/>
      <line num="484" count="0" type="stmt"/>
      <line num="485" count="0" type="stmt"/>
      <line num="486" count="0" type="stmt"/>
      <line num="492" count="32" type="stmt"/>
      <line num="493" count="32" type="stmt"/>
      <line num="497" count="48" type="cond" truecount="7" falsecount="3"/>
      <line num="498" count="48" type="stmt"/>
      <line num="499" count="48" type="stmt"/>
      <line num="500" count="48" type="cond" truecount="0" falsecount="1"/>
      <line num="501" count="0" type="stmt"/>
      <line num="503" count="0" type="stmt"/>
      <line num="506" count="48" type="cond" truecount="1" falsecount="1"/>
      <line num="510" count="48" type="cond" truecount="7" falsecount="3"/>
      <line num="511" count="48" type="stmt"/>
      <line num="512" count="48" type="stmt"/>
      <line num="513" count="48" type="cond" truecount="0" falsecount="1"/>
      <line num="514" count="0" type="stmt"/>
      <line num="515" count="48" type="stmt"/>
      <line num="516" count="48" type="cond" truecount="1" falsecount="1"/>
      <line num="517" count="48" type="stmt"/>
      <line num="525" count="64" type="cond" truecount="7" falsecount="3"/>
      <line num="526" count="64" type="cond" truecount="1" falsecount="0"/>
      <line num="527" count="16" type="stmt"/>
      <line num="530" count="48" type="stmt"/>
      <line num="531" count="48" type="cond" truecount="0" falsecount="1"/>
      <line num="532" count="0" type="stmt"/>
      <line num="534" count="48" type="stmt"/>
      <line num="535" count="48" type="stmt"/>
      <line num="537" count="16" type="stmt"/>
      <line num="538" count="16" type="stmt"/>
      <line num="542" count="32" type="stmt"/>
      <line num="545" count="32" type="stmt"/>
      <line num="546" count="480" type="cond" truecount="1" falsecount="0"/>
      <line num="547" count="32" type="stmt"/>
      <line num="548" count="448" type="stmt"/>
      <line num="550" count="32" type="stmt"/>
      <line num="551" count="32" type="stmt"/>
      <line num="552" count="32" type="stmt"/>
      <line num="553" count="32" type="stmt"/>
      <line num="554" count="32" type="stmt"/>
      <line num="555" count="32" type="stmt"/>
      <line num="556" count="32" type="stmt"/>
      <line num="560" count="24" type="cond" truecount="2" falsecount="0"/>
      <line num="561" count="24" type="stmt"/>
      <line num="562" count="24" type="stmt"/>
      <line num="566" count="120" type="cond" truecount="2" falsecount="0"/>
      <line num="567" count="120" type="cond" truecount="3" falsecount="0"/>
      <line num="568" count="48" type="stmt"/>
      <line num="570" count="72" type="cond" truecount="2" falsecount="0"/>
      <line num="571" count="72" type="stmt"/>
      <line num="572" count="72" type="stmt"/>
      <line num="573" count="176" type="cond" truecount="1" falsecount="0"/>
      <line num="574" count="48" type="stmt"/>
      <line num="575" count="48" type="stmt"/>
      <line num="577" count="128" type="cond" truecount="1" falsecount="1"/>
      <line num="578" count="128" type="stmt"/>
      <line num="583" count="168" type="stmt"/>
      <line num="584" count="168" type="stmt"/>
      <line num="589" count="1" type="stmt"/>
      <line num="605" count="1584" type="stmt"/>
      <line num="606" count="1584" type="stmt"/>
      <line num="607" count="1584" type="stmt"/>
      <line num="608" count="1584" type="stmt"/>
      <line num="609" count="1584" type="stmt"/>
      <line num="610" count="1584" type="stmt"/>
      <line num="611" count="1584" type="stmt"/>
      <line num="612" count="1584" type="stmt"/>
      <line num="613" count="1584" type="stmt"/>
      <line num="614" count="1584" type="stmt"/>
      <line num="615" count="1584" type="stmt"/>
      <line num="616" count="1584" type="stmt"/>
      <line num="617" count="1584" type="stmt"/>
      <line num="618" count="1584" type="stmt"/>
      <line num="622" count="1584" type="stmt"/>
      <line num="623" count="1584" type="stmt"/>
      <line num="624" count="1584" type="stmt"/>
      <line num="625" count="1584" type="stmt"/>
      <line num="626" count="1584" type="cond" truecount="1" falsecount="0"/>
      <line num="627" count="1584" type="cond" truecount="1" falsecount="0"/>
      <line num="628" count="1584" type="cond" truecount="1" falsecount="0"/>
      <line num="629" count="1584" type="cond" truecount="4" falsecount="0"/>
      <line num="632" count="600" type="stmt"/>
      <line num="634" count="1584" type="cond" truecount="3" falsecount="0"/>
      <line num="635" count="144" type="stmt"/>
      <line num="640" count="40" type="stmt"/>
      <line num="644" count="48" type="stmt"/>
      <line num="648" count="3024" type="stmt"/>
      <line num="649" count="3024" type="cond" truecount="1" falsecount="0"/>
      <line num="650" count="3024" type="stmt"/>
      <line num="651" count="3024" type="stmt"/>
      <line num="655" count="1648" type="stmt"/>
      <line num="656" count="1648" type="cond" truecount="2" falsecount="0"/>
      <line num="657" count="152" type="stmt"/>
      <line num="658" count="1496" type="cond" truecount="2" falsecount="0"/>
      <line num="659" count="128" type="stmt"/>
      <line num="660" count="1368" type="cond" truecount="2" falsecount="0"/>
      <line num="661" count="128" type="stmt"/>
      <line num="662" count="1240" type="cond" truecount="2" falsecount="0"/>
      <line num="663" count="208" type="stmt"/>
      <line num="665" count="1032" type="stmt"/>
      <line num="669" count="1584" type="stmt"/>
      <line num="670" count="1584" type="stmt"/>
      <line num="671" count="1584" type="stmt"/>
      <line num="672" count="1584" type="stmt"/>
      <line num="676" count="1188" type="stmt"/>
      <line num="677" count="1188" type="stmt"/>
      <line num="678" count="1188" type="cond" truecount="3" falsecount="1"/>
      <line num="679" count="1188" type="cond" truecount="1" falsecount="1"/>
      <line num="680" count="1188" type="stmt"/>
      <line num="684" count="1584" type="stmt"/>
      <line num="685" count="1584" type="stmt"/>
      <line num="686" count="1584" type="stmt"/>
      <line num="687" count="1584" type="stmt"/>
      <line num="691" count="1386" type="stmt"/>
      <line num="692" count="1386" type="stmt"/>
      <line num="693" count="1386" type="stmt"/>
      <line num="694" count="1386" type="cond" truecount="1" falsecount="1"/>
      <line num="695" count="1386" type="stmt"/>
      <line num="699" count="1188" type="stmt"/>
      <line num="700" count="1188" type="stmt"/>
      <line num="703" count="1188" type="cond" truecount="2" falsecount="2"/>
      <line num="704" count="0" type="stmt"/>
      <line num="706" count="1188" type="cond" truecount="3" falsecount="1"/>
      <line num="707" count="0" type="stmt"/>
      <line num="709" count="1188" type="cond" truecount="3" falsecount="1"/>
      <line num="710" count="0" type="stmt"/>
      <line num="713" count="1188" type="stmt"/>
      <line num="716" count="1188" type="cond" truecount="1" falsecount="1"/>
      <line num="717" count="1188" type="stmt"/>
      <line num="721" count="600" type="stmt"/>
      <line num="722" count="600" type="stmt"/>
      <line num="723" count="600" type="stmt"/>
      <line num="724" count="600" type="stmt"/>
      <line num="728" count="144" type="cond" truecount="8" falsecount="2"/>
      <line num="729" count="36" type="stmt"/>
      <line num="731" count="108" type="stmt"/>
      <line num="732" count="144" type="stmt"/>
      <line num="733" count="144" type="stmt"/>
      <line num="734" count="144" type="stmt"/>
      <line num="738" count="3056" type="stmt"/>
      <line num="739" count="3056" type="cond" truecount="1" falsecount="0"/>
      <line num="740" count="2528" type="stmt"/>
      <line num="745" count="3056" type="stmt"/>
      <line num="746" count="3056" type="stmt"/>
      <line num="747" count="3056" type="stmt"/>
      <line num="748" count="3056" type="stmt"/>
      <line num="749" count="3056" type="cond" truecount="1" falsecount="0"/>
      <line num="750" count="2192" type="stmt"/>
      <line num="751" count="2192" type="stmt"/>
      <line num="753" count="864" type="cond" truecount="2" falsecount="0"/>
      <line num="754" count="192" type="cond" truecount="2" falsecount="0"/>
      <line num="755" count="672" type="cond" truecount="5" falsecount="0"/>
      <line num="756" count="336" type="cond" truecount="2" falsecount="0"/>
      <line num="757" count="336" type="cond" truecount="1" falsecount="0"/>
      <line num="758" count="336" type="cond" truecount="2" falsecount="0"/>
      <line num="762" count="2528" type="stmt"/>
      <line num="763" count="2528" type="stmt"/>
      <line num="764" count="2528" type="cond" truecount="1" falsecount="0"/>
      <line num="765" count="1648" type="stmt"/>
      <line num="766" count="1648" type="stmt"/>
      <line num="768" count="880" type="stmt"/>
      <line num="769" count="880" type="cond" truecount="6" falsecount="1"/>
      <line num="772" count="640" type="stmt"/>
      <line num="773" count="640" type="stmt"/>
      <line num="776" count="240" type="stmt"/>
      <line num="777" count="240" type="stmt"/>
      <line num="782" count="240" type="stmt"/>
      <line num="783" count="240" type="stmt"/>
      <line num="784" count="240" type="stmt"/>
      <line num="785" count="240" type="cond" truecount="3" falsecount="0"/>
      <line num="786" count="240" type="cond" truecount="1" falsecount="1"/>
      <line num="787" count="240" type="cond" truecount="3" falsecount="0"/>
      <line num="788" count="180" type="stmt"/>
      <line num="793" count="2288" type="cond" truecount="1" falsecount="1"/>
      <line num="794" count="2288" type="cond" truecount="1" falsecount="0"/>
      <line num="795" count="1776" type="stmt"/>
      <line num="799" count="1168" type="stmt"/>
      <line num="800" count="1168" type="stmt"/>
      <line num="804" count="2768" type="stmt"/>
      <line num="805" count="2768" type="stmt"/>
    </file>
  </project>
</coverage>
