<?xml version="1.0" encoding="UTF-8"?>
<coverage generated="1705097007555" clover="3.2.0">
  <project timestamp="1705097007555" name="All files">
    <metrics statements="416" coveredstatements="396" conditionals="209" coveredconditionals="157" methods="72" coveredmethods="62" elements="697" coveredelements="615" complexity="0" loc="416" ncloc="416" packages="1" files="1" classes="1"/>
    <file name="fieldfinder.ts" path="/Users/ericl/devenv/netsuite-field-finder/src/fieldfinder.ts">
      <metrics statements="416" coveredstatements="396" conditionals="209" coveredconditionals="157" methods="72" coveredmethods="62"/>
      <line num="19" count="1" type="stmt"/>
      <line num="22" count="1" type="cond" truecount="2" falsecount="0"/>
      <line num="23" count="1" type="stmt"/>
      <line num="24" count="1" type="stmt"/>
      <line num="25" count="1" type="stmt"/>
      <line num="26" count="1" type="stmt"/>
      <line num="27" count="1" type="stmt"/>
      <line num="30" count="1" type="cond" truecount="2" falsecount="0"/>
      <line num="31" count="1" type="stmt"/>
      <line num="32" count="1" type="stmt"/>
      <line num="33" count="1" type="stmt"/>
      <line num="34" count="1" type="stmt"/>
      <line num="35" count="1" type="stmt"/>
      <line num="39" count="1" type="stmt"/>
      <line num="50" count="1" type="stmt"/>
      <line num="57" count="1" type="stmt"/>
      <line num="67" count="1" type="cond" truecount="0" falsecount="1"/>
      <line num="68" count="0" type="cond" truecount="0" falsecount="2"/>
      <line num="69" count="0" type="stmt"/>
      <line num="71" count="0" type="stmt"/>
      <line num="77" count="1" type="stmt"/>
      <line num="79" count="1" type="stmt"/>
      <line num="80" count="1" type="stmt"/>
      <line num="81" count="1" type="cond" truecount="1" falsecount="1"/>
      <line num="83" count="0" type="stmt"/>
      <line num="84" count="0" type="stmt"/>
      <line num="87" count="1" type="cond" truecount="0" falsecount="1"/>
      <line num="88" count="0" type="stmt"/>
      <line num="89" count="0" type="stmt"/>
      <line num="92" count="1" type="stmt"/>
      <line num="95" count="1" type="cond" truecount="1" falsecount="0"/>
      <line num="96" count="1" type="cond" truecount="1" falsecount="1"/>
      <line num="98" count="1" type="cond" truecount="1" falsecount="0"/>
      <line num="99" count="1" type="stmt"/>
      <line num="100" count="2" type="cond" truecount="1" falsecount="0"/>
      <line num="101" count="1" type="stmt"/>
      <line num="102" count="1" type="cond" truecount="1" falsecount="0"/>
      <line num="103" count="1" type="stmt"/>
      <line num="104" count="1" type="stmt"/>
      <line num="105" count="1" type="stmt"/>
      <line num="112" count="1" type="cond" truecount="4" falsecount="2"/>
      <line num="113" count="1" type="cond" truecount="4" falsecount="3"/>
      <line num="115" count="1" type="stmt"/>
      <line num="117" count="1" type="cond" truecount="1" falsecount="0"/>
      <line num="118" count="1" type="stmt"/>
      <line num="119" count="2" type="cond" truecount="1" falsecount="0"/>
      <line num="120" count="2" type="stmt"/>
      <line num="122" count="2" type="stmt"/>
      <line num="129" count="1" type="stmt"/>
      <line num="130" count="1" type="stmt"/>
      <line num="131" count="1" type="stmt"/>
      <line num="132" count="1" type="cond" truecount="0" falsecount="1"/>
      <line num="133" count="1" type="stmt"/>
      <line num="137" count="1" type="stmt"/>
      <line num="138" count="6" type="stmt"/>
      <line num="142" count="1" type="stmt"/>
      <line num="143" count="1" type="cond" truecount="1" falsecount="0"/>
      <line num="144" count="1" type="stmt"/>
      <line num="145" count="1" type="stmt"/>
      <line num="148" count="1" type="stmt"/>
      <line num="149" count="4" type="stmt"/>
      <line num="152" count="1" type="stmt"/>
      <line num="153" count="7" type="cond" truecount="5" falsecount="0"/>
      <line num="154" count="1" type="stmt"/>
      <line num="156" count="6" type="cond" truecount="6" falsecount="0"/>
      <line num="157" count="4" type="stmt"/>
      <line num="159" count="2" type="cond" truecount="3" falsecount="1"/>
      <line num="160" count="2" type="stmt"/>
      <line num="165" count="1" type="stmt"/>
      <line num="166" count="1" type="stmt"/>
      <line num="169" count="1" type="stmt"/>
      <line num="174" count="2" type="stmt"/>
      <line num="175" count="2" type="stmt"/>
      <line num="176" count="2" type="stmt"/>
      <line num="177" count="2" type="stmt"/>
      <line num="182" count="2" type="stmt"/>
      <line num="183" count="2" type="stmt"/>
      <line num="184" count="2" type="stmt"/>
      <line num="185" count="2" type="stmt"/>
      <line num="186" count="2" type="stmt"/>
      <line num="187" count="2" type="stmt"/>
      <line num="188" count="2" type="stmt"/>
      <line num="190" count="2" type="stmt"/>
      <line num="191" count="2" type="stmt"/>
      <line num="194" count="2" type="stmt"/>
      <line num="195" count="2" type="stmt"/>
      <line num="196" count="2" type="stmt"/>
      <line num="197" count="2" type="stmt"/>
      <line num="198" count="2" type="stmt"/>
      <line num="199" count="2" type="stmt"/>
      <line num="203" count="2" type="cond" truecount="0" falsecount="1"/>
      <line num="204" count="0" type="stmt"/>
      <line num="205" count="2" type="stmt"/>
      <line num="206" count="2" type="stmt"/>
      <line num="207" count="2" type="stmt"/>
      <line num="208" count="2" type="stmt"/>
      <line num="209" count="2" type="stmt"/>
      <line num="210" count="2" type="stmt"/>
      <line num="211" count="2" type="stmt"/>
      <line num="215" count="2" type="cond" truecount="7" falsecount="2"/>
      <line num="216" count="1" type="stmt"/>
      <line num="220" count="5" type="stmt"/>
      <line num="221" count="5" type="stmt"/>
      <line num="222" count="79" type="stmt"/>
      <line num="223" count="79" type="stmt"/>
      <line num="224" count="79" type="cond" truecount="5" falsecount="0"/>
      <line num="225" count="15" type="stmt"/>
      <line num="226" count="64" type="cond" truecount="1" falsecount="0"/>
      <line num="227" count="10" type="stmt"/>
      <line num="228" count="79" type="stmt"/>
      <line num="233" count="3" type="stmt"/>
      <line num="234" count="3" type="stmt"/>
      <line num="235" count="3" type="stmt"/>
      <line num="236" count="3" type="stmt"/>
      <line num="240" count="2" type="stmt"/>
      <line num="241" count="2" type="cond" truecount="2" falsecount="2"/>
      <line num="245" count="6" type="stmt"/>
      <line num="246" count="6" type="stmt"/>
      <line num="247" count="6" type="stmt"/>
      <line num="248" count="6" type="stmt"/>
      <line num="249" count="6" type="stmt"/>
      <line num="250" count="6" type="stmt"/>
      <line num="251" count="6" type="stmt"/>
      <line num="252" count="6" type="stmt"/>
      <line num="256" count="10" type="stmt"/>
      <line num="257" count="10" type="stmt"/>
      <line num="258" count="10" type="stmt"/>
      <line num="259" count="10" type="stmt"/>
      <line num="260" count="10" type="stmt"/>
      <line num="261" count="10" type="stmt"/>
      <line num="265" count="11" type="cond" truecount="3" falsecount="1"/>
      <line num="269" count="2" type="stmt"/>
      <line num="270" count="0" type="stmt"/>
      <line num="275" count="5" type="stmt"/>
      <line num="276" count="5" type="cond" truecount="0" falsecount="1"/>
      <line num="277" count="0" type="stmt"/>
      <line num="278" count="5" type="cond" truecount="0" falsecount="1"/>
      <line num="279" count="0" type="stmt"/>
      <line num="280" count="5" type="cond" truecount="0" falsecount="1"/>
      <line num="281" count="0" type="stmt"/>
      <line num="282" count="5" type="cond" truecount="1" falsecount="1"/>
      <line num="283" count="5" type="stmt"/>
      <line num="284" count="5" type="stmt"/>
      <line num="285" count="5" type="stmt"/>
      <line num="289" count="2" type="stmt"/>
      <line num="290" count="2" type="stmt"/>
      <line num="291" count="2" type="stmt"/>
      <line num="292" count="2" type="stmt"/>
      <line num="293" count="2" type="stmt"/>
      <line num="294" count="2" type="stmt"/>
      <line num="295" count="2" type="stmt"/>
      <line num="298" count="7" type="cond" truecount="1" falsecount="1"/>
      <line num="299" count="14" type="cond" truecount="1" falsecount="1"/>
      <line num="301" count="2" type="cond" truecount="1" falsecount="0"/>
      <line num="302" count="2" type="stmt"/>
      <line num="304" count="2" type="cond" truecount="1" falsecount="0"/>
      <line num="305" count="2" type="stmt"/>
      <line num="307" count="2" type="stmt"/>
      <line num="311" count="2" type="stmt"/>
      <line num="312" count="2" type="stmt"/>
      <line num="313" count="2" type="stmt"/>
      <line num="314" count="2" type="stmt"/>
      <line num="315" count="2" type="stmt"/>
      <line num="316" count="2" type="stmt"/>
      <line num="317" count="2" type="stmt"/>
      <line num="318" count="2" type="stmt"/>
      <line num="319" count="2" type="stmt"/>
      <line num="320" count="0" type="stmt"/>
      <line num="321" count="0" type="stmt"/>
      <line num="323" count="2" type="stmt"/>
      <line num="324" count="0" type="stmt"/>
      <line num="325" count="0" type="stmt"/>
      <line num="327" count="2" type="stmt"/>
      <line num="328" count="2" type="stmt"/>
      <line num="333" count="2" type="stmt"/>
      <line num="334" count="2" type="stmt"/>
      <line num="335" count="2" type="stmt"/>
      <line num="336" count="2" type="stmt"/>
      <line num="337" count="2" type="stmt"/>
      <line num="338" count="2" type="stmt"/>
      <line num="343" count="2" type="stmt"/>
      <line num="344" count="2" type="stmt"/>
      <line num="345" count="2" type="stmt"/>
      <line num="346" count="2" type="stmt"/>
      <line num="348" count="2" type="stmt"/>
      <line num="349" count="2" type="stmt"/>
      <line num="350" count="2" type="stmt"/>
      <line num="351" count="2" type="stmt"/>
      <line num="352" count="2" type="stmt"/>
      <line num="353" count="2" type="stmt"/>
      <line num="354" count="2" type="stmt"/>
      <line num="355" count="2" type="stmt"/>
      <line num="357" count="2" type="stmt"/>
      <line num="358" count="2" type="stmt"/>
      <line num="359" count="2" type="stmt"/>
      <line num="360" count="2" type="stmt"/>
      <line num="361" count="2" type="stmt"/>
      <line num="362" count="2" type="stmt"/>
      <line num="364" count="2" type="stmt"/>
      <line num="365" count="2" type="stmt"/>
      <line num="367" count="2" type="stmt"/>
      <line num="373" count="4" type="cond" truecount="3" falsecount="1"/>
      <line num="375" count="4" type="cond" truecount="0" falsecount="1"/>
      <line num="377" count="4" type="stmt"/>
      <line num="384" count="4" type="stmt"/>
      <line num="387" count="4" type="cond" truecount="2" falsecount="0"/>
      <line num="388" count="2" type="stmt"/>
      <line num="389" count="2" type="stmt"/>
      <line num="390" count="2" type="stmt"/>
      <line num="393" count="2" type="stmt"/>
      <line num="394" count="2" type="stmt"/>
      <line num="395" count="2" type="stmt"/>
      <line num="398" count="4" type="stmt"/>
      <line num="403" count="19" type="stmt"/>
      <line num="404" count="19" type="stmt"/>
      <line num="408" count="2" type="stmt"/>
      <line num="409" count="2" type="stmt"/>
      <line num="410" count="6" type="stmt"/>
      <line num="412" count="2" type="stmt"/>
      <line num="413" count="2" type="stmt"/>
      <line num="414" count="2" type="stmt"/>
      <line num="415" count="2" type="stmt"/>
      <line num="419" count="19" type="stmt"/>
      <line num="420" count="19" type="stmt"/>
      <line num="421" count="19" type="stmt"/>
      <line num="422" count="152" type="stmt"/>
      <line num="423" count="152" type="stmt"/>
      <line num="424" count="152" type="cond" truecount="1" falsecount="0"/>
      <line num="425" count="92" type="stmt"/>
      <line num="426" count="152" type="stmt"/>
      <line num="428" count="19" type="stmt"/>
      <line num="433" count="4" type="stmt"/>
      <line num="434" count="4" type="stmt"/>
      <line num="438" count="4" type="stmt"/>
      <line num="439" count="4" type="stmt"/>
      <line num="440" count="3" type="stmt"/>
      <line num="442" count="4" type="stmt"/>
      <line num="443" count="4" type="stmt"/>
      <line num="444" count="4" type="stmt"/>
      <line num="445" count="4" type="stmt"/>
      <line num="446" count="4" type="stmt"/>
      <line num="447" count="4" type="stmt"/>
      <line num="452" count="4" type="stmt"/>
      <line num="460" count="4" type="stmt"/>
      <line num="465" count="3" type="cond" truecount="7" falsecount="3"/>
      <line num="466" count="3" type="stmt"/>
      <line num="467" count="3" type="stmt"/>
      <line num="468" count="3" type="cond" truecount="0" falsecount="1"/>
      <line num="469" count="0" type="stmt"/>
      <line num="470" count="3" type="stmt"/>
      <line num="471" count="3" type="cond" truecount="1" falsecount="1"/>
      <line num="472" count="3" type="stmt"/>
      <line num="473" count="3" type="stmt"/>
      <line num="474" count="3" type="cond" truecount="1" falsecount="1"/>
      <line num="475" count="2" type="stmt"/>
      <line num="476" count="2" type="stmt"/>
      <line num="477" count="2" type="stmt"/>
      <line num="483" count="4" type="cond" truecount="7" falsecount="3"/>
      <line num="484" count="4" type="cond" truecount="1" falsecount="0"/>
      <line num="485" count="1" type="stmt"/>
      <line num="486" count="1" type="stmt"/>
      <line num="489" count="3" type="stmt"/>
      <line num="490" count="3" type="cond" truecount="0" falsecount="1"/>
      <line num="491" count="0" type="stmt"/>
      <line num="493" count="0" type="stmt"/>
      <line num="495" count="3" type="stmt"/>
      <line num="496" count="3" type="stmt"/>
      <line num="498" count="1" type="stmt"/>
      <line num="499" count="1" type="stmt"/>
      <line num="503" count="2" type="stmt"/>
      <line num="506" count="2" type="stmt"/>
      <line num="507" count="30" type="cond" truecount="1" falsecount="0"/>
      <line num="508" count="2" type="stmt"/>
      <line num="509" count="28" type="stmt"/>
      <line num="510" count="28" type="stmt"/>
      <line num="511" count="28" type="stmt"/>
      <line num="515" count="2" type="stmt"/>
      <line num="516" count="2" type="stmt"/>
      <line num="517" count="2" type="stmt"/>
      <line num="518" count="2" type="stmt"/>
      <line num="519" count="2" type="stmt"/>
      <line num="520" count="2" type="stmt"/>
      <line num="521" count="2" type="stmt"/>
      <line num="525" count="1" type="cond" truecount="1" falsecount="1"/>
      <line num="526" count="1" type="stmt"/>
      <line num="527" count="1" type="stmt"/>
      <line num="531" count="2" type="cond" truecount="2" falsecount="0"/>
      <line num="532" count="2" type="cond" truecount="2" falsecount="1"/>
      <line num="533" count="0" type="stmt"/>
      <line num="535" count="2" type="cond" truecount="1" falsecount="1"/>
      <line num="536" count="2" type="stmt"/>
      <line num="537" count="2" type="stmt"/>
      <line num="538" count="7" type="cond" truecount="1" falsecount="0"/>
      <line num="539" count="1" type="stmt"/>
      <line num="540" count="1" type="stmt"/>
      <line num="542" count="6" type="cond" truecount="1" falsecount="1"/>
      <line num="543" count="6" type="stmt"/>
      <line num="548" count="7" type="stmt"/>
      <line num="549" count="7" type="stmt"/>
      <line num="554" count="1" type="stmt"/>
      <line num="570" count="79" type="stmt"/>
      <line num="571" count="79" type="stmt"/>
      <line num="572" count="79" type="stmt"/>
      <line num="573" count="79" type="stmt"/>
      <line num="574" count="79" type="stmt"/>
      <line num="575" count="79" type="stmt"/>
      <line num="576" count="79" type="stmt"/>
      <line num="577" count="79" type="stmt"/>
      <line num="578" count="79" type="stmt"/>
      <line num="579" count="79" type="stmt"/>
      <line num="580" count="79" type="stmt"/>
      <line num="581" count="79" type="stmt"/>
      <line num="582" count="79" type="stmt"/>
      <line num="583" count="79" type="stmt"/>
      <line num="587" count="79" type="stmt"/>
      <line num="588" count="79" type="stmt"/>
      <line num="589" count="79" type="stmt"/>
      <line num="590" count="79" type="stmt"/>
      <line num="591" count="79" type="cond" truecount="1" falsecount="0"/>
      <line num="592" count="79" type="cond" truecount="1" falsecount="0"/>
      <line num="593" count="79" type="cond" truecount="1" falsecount="0"/>
      <line num="594" count="79" type="cond" truecount="4" falsecount="0"/>
      <line num="597" count="63" type="stmt"/>
      <line num="599" count="79" type="cond" truecount="3" falsecount="0"/>
      <line num="600" count="10" type="stmt"/>
      <line num="605" count="5" type="stmt"/>
      <line num="609" count="4" type="stmt"/>
      <line num="613" count="161" type="stmt"/>
      <line num="614" count="161" type="cond" truecount="1" falsecount="0"/>
      <line num="615" count="161" type="stmt"/>
      <line num="616" count="161" type="stmt"/>
      <line num="620" count="81" type="stmt"/>
      <line num="621" count="81" type="stmt"/>
      <line num="622" count="81" type="cond" truecount="2" falsecount="0"/>
      <line num="623" count="5" type="stmt"/>
      <line num="624" count="76" type="cond" truecount="2" falsecount="0"/>
      <line num="625" count="5" type="stmt"/>
      <line num="626" count="71" type="cond" truecount="1" falsecount="0"/>
      <line num="627" count="5" type="stmt"/>
      <line num="628" count="81" type="cond" truecount="1" falsecount="0"/>
      <line num="629" count="10" type="stmt"/>
      <line num="630" count="81" type="stmt"/>
      <line num="634" count="79" type="stmt"/>
      <line num="635" count="79" type="stmt"/>
      <line num="636" count="79" type="stmt"/>
      <line num="637" count="79" type="stmt"/>
      <line num="641" count="79" type="stmt"/>
      <line num="642" count="79" type="stmt"/>
      <line num="643" count="79" type="cond" truecount="3" falsecount="1"/>
      <line num="644" count="79" type="cond" truecount="1" falsecount="1"/>
      <line num="645" count="79" type="stmt"/>
      <line num="649" count="79" type="stmt"/>
      <line num="650" count="79" type="stmt"/>
      <line num="651" count="79" type="stmt"/>
      <line num="652" count="79" type="stmt"/>
      <line num="656" count="79" type="stmt"/>
      <line num="657" count="79" type="stmt"/>
      <line num="658" count="79" type="stmt"/>
      <line num="659" count="79" type="cond" truecount="1" falsecount="1"/>
      <line num="660" count="79" type="stmt"/>
      <line num="664" count="79" type="stmt"/>
      <line num="665" count="79" type="stmt"/>
      <line num="666" count="79" type="cond" truecount="3" falsecount="1"/>
      <line num="667" count="79" type="cond" truecount="1" falsecount="1"/>
      <line num="668" count="79" type="stmt"/>
      <line num="672" count="63" type="stmt"/>
      <line num="673" count="63" type="stmt"/>
      <line num="674" count="63" type="stmt"/>
      <line num="675" count="63" type="stmt"/>
      <line num="679" count="10" type="cond" truecount="8" falsecount="2"/>
      <line num="680" count="3" type="stmt"/>
      <line num="682" count="7" type="stmt"/>
      <line num="683" count="10" type="stmt"/>
      <line num="684" count="10" type="stmt"/>
      <line num="685" count="10" type="stmt"/>
      <line num="689" count="152" type="stmt"/>
      <line num="690" count="152" type="cond" truecount="1" falsecount="0"/>
      <line num="691" count="122" type="stmt"/>
      <line num="696" count="152" type="stmt"/>
      <line num="697" count="152" type="stmt"/>
      <line num="698" count="152" type="stmt"/>
      <line num="699" count="152" type="stmt"/>
      <line num="700" count="152" type="cond" truecount="1" falsecount="0"/>
      <line num="701" count="104" type="stmt"/>
      <line num="702" count="104" type="stmt"/>
      <line num="704" count="48" type="cond" truecount="2" falsecount="0"/>
      <line num="705" count="12" type="cond" truecount="2" falsecount="0"/>
      <line num="706" count="36" type="cond" truecount="5" falsecount="0"/>
      <line num="707" count="18" type="cond" truecount="2" falsecount="0"/>
      <line num="708" count="18" type="cond" truecount="1" falsecount="0"/>
      <line num="709" count="18" type="cond" truecount="2" falsecount="0"/>
      <line num="713" count="122" type="stmt"/>
      <line num="714" count="122" type="stmt"/>
      <line num="715" count="122" type="cond" truecount="1" falsecount="0"/>
      <line num="716" count="82" type="stmt"/>
      <line num="717" count="82" type="stmt"/>
      <line num="719" count="40" type="stmt"/>
      <line num="720" count="40" type="cond" truecount="6" falsecount="1"/>
      <line num="723" count="30" type="stmt"/>
      <line num="724" count="30" type="stmt"/>
      <line num="727" count="10" type="stmt"/>
      <line num="728" count="10" type="stmt"/>
      <line num="733" count="10" type="stmt"/>
      <line num="734" count="10" type="stmt"/>
      <line num="735" count="10" type="stmt"/>
      <line num="736" count="10" type="cond" truecount="3" falsecount="0"/>
      <line num="737" count="10" type="cond" truecount="1" falsecount="1"/>
      <line num="738" count="10" type="cond" truecount="3" falsecount="0"/>
      <line num="739" count="10" type="stmt"/>
      <line num="744" count="112" type="cond" truecount="1" falsecount="1"/>
      <line num="745" count="112" type="cond" truecount="1" falsecount="0"/>
      <line num="746" count="80" type="stmt"/>
      <line num="750" count="60" type="stmt"/>
      <line num="751" count="60" type="stmt"/>
      <line num="755" count="132" type="stmt"/>
      <line num="756" count="132" type="stmt"/>
    </file>
  </project>
</coverage>
