{"/Users/ericl/devenv/netsuite-field-finder/src/fieldfinder.ts": {"path":"/Users/ericl/devenv/netsuite-field-finder/src/fieldfinder.ts","statementMap":{"0":{"start":{"line":19,"column":16},"end":{"line":19,"column":18}},"1":{"start":{"line":22,"column":0},"end":{"line":22,"column":null}},"2":{"start":{"line":23,"column":4},"end":{"line":23,"column":null}},"3":{"start":{"line":24,"column":4},"end":{"line":24,"column":null}},"4":{"start":{"line":25,"column":4},"end":{"line":25,"column":null}},"5":{"start":{"line":26,"column":4},"end":{"line":26,"column":null}},"6":{"start":{"line":27,"column":4},"end":{"line":27,"column":null}},"7":{"start":{"line":30,"column":0},"end":{"line":30,"column":null}},"8":{"start":{"line":31,"column":4},"end":{"line":31,"column":null}},"9":{"start":{"line":32,"column":4},"end":{"line":32,"column":null}},"10":{"start":{"line":33,"column":4},"end":{"line":33,"column":null}},"11":{"start":{"line":34,"column":4},"end":{"line":34,"column":null}},"12":{"start":{"line":35,"column":4},"end":{"line":35,"column":null}},"13":{"start":{"line":39,"column":26},"end":{"line":48,"column":2}},"14":{"start":{"line":50,"column":39},"end":{"line":54,"column":2}},"15":{"start":{"line":57,"column":13},"end":{"line":64,"column":2}},"16":{"start":{"line":67,"column":0},"end":{"line":75,"column":1}},"17":{"start":{"line":68,"column":4},"end":{"line":74,"column":10}},"18":{"start":{"line":69,"column":8},"end":{"line":69,"column":32}},"19":{"start":{"line":71,"column":8},"end":{"line":74,"column":10}},"20":{"start":{"line":79,"column":4},"end":{"line":85,"column":5}},"21":{"start":{"line":80,"column":32},"end":{"line":80,"column":100}},"22":{"start":{"line":81,"column":8},"end":{"line":81,"column":107}},"23":{"start":{"line":83,"column":8},"end":{"line":83,"column":87}},"24":{"start":{"line":84,"column":8},"end":{"line":84,"column":15}},"25":{"start":{"line":87,"column":4},"end":{"line":90,"column":5}},"26":{"start":{"line":88,"column":8},"end":{"line":88,"column":39}},"27":{"start":{"line":89,"column":8},"end":{"line":89,"column":15}},"28":{"start":{"line":92,"column":4},"end":{"line":92,"column":28}},"29":{"start":{"line":95,"column":4},"end":{"line":96,"column":94}},"30":{"start":{"line":96,"column":8},"end":{"line":96,"column":94}},"31":{"start":{"line":98,"column":4},"end":{"line":109,"column":5}},"32":{"start":{"line":99,"column":8},"end":{"line":108,"column":9}},"33":{"start":{"line":100,"column":12},"end":{"line":107,"column":13}},"34":{"start":{"line":101,"column":24},"end":{"line":101,"column":45}},"35":{"start":{"line":102,"column":16},"end":{"line":106,"column":17}},"36":{"start":{"line":103,"column":20},"end":{"line":103,"column":71}},"37":{"start":{"line":104,"column":20},"end":{"line":104,"column":89}},"38":{"start":{"line":104,"column":64},"end":{"line":104,"column":85}},"39":{"start":{"line":105,"column":20},"end":{"line":105,"column":35}},"40":{"start":{"line":112,"column":4},"end":{"line":112,"column":127}},"41":{"start":{"line":113,"column":4},"end":{"line":113,"column":125}},"42":{"start":{"line":115,"column":4},"end":{"line":115,"column":38}},"43":{"start":{"line":117,"column":4},"end":{"line":124,"column":5}},"44":{"start":{"line":118,"column":8},"end":{"line":123,"column":9}},"45":{"start":{"line":119,"column":12},"end":{"line":121,"column":13}},"46":{"start":{"line":120,"column":16},"end":{"line":120,"column":122}},"47":{"start":{"line":122,"column":12},"end":{"line":122,"column":40}},"48":{"start":{"line":77,"column":0},"end":{"line":77,"column":16}},"49":{"start":{"line":130,"column":21},"end":{"line":130,"column":37}},"50":{"start":{"line":131,"column":32},"end":{"line":131,"column":75}},"51":{"start":{"line":132,"column":4},"end":{"line":132,"column":37}},"52":{"start":{"line":132,"column":30},"end":{"line":132,"column":37}},"53":{"start":{"line":133,"column":4},"end":{"line":133,"column":52}},"54":{"start":{"line":129,"column":0},"end":{"line":129,"column":16}},"55":{"start":{"line":138,"column":4},"end":{"line":138,"column":54}},"56":{"start":{"line":137,"column":0},"end":{"line":137,"column":16}},"57":{"start":{"line":143,"column":4},"end":{"line":144,"column":36}},"58":{"start":{"line":144,"column":8},"end":{"line":144,"column":36}},"59":{"start":{"line":145,"column":4},"end":{"line":145,"column":44}},"60":{"start":{"line":142,"column":0},"end":{"line":142,"column":16}},"61":{"start":{"line":149,"column":4},"end":{"line":149,"column":45}},"62":{"start":{"line":148,"column":0},"end":{"line":148,"column":16}},"63":{"start":{"line":153,"column":4},"end":{"line":161,"column":5}},"64":{"start":{"line":154,"column":8},"end":{"line":154,"column":50}},"65":{"start":{"line":156,"column":9},"end":{"line":161,"column":5}},"66":{"start":{"line":157,"column":8},"end":{"line":157,"column":52}},"67":{"start":{"line":159,"column":9},"end":{"line":161,"column":5}},"68":{"start":{"line":160,"column":8},"end":{"line":160,"column":48}},"69":{"start":{"line":152,"column":0},"end":{"line":152,"column":16}},"70":{"start":{"line":166,"column":4},"end":{"line":166,"column":61}},"71":{"start":{"line":165,"column":0},"end":{"line":165,"column":22}},"72":{"start":{"line":174,"column":4},"end":{"line":174,"column":20}},"73":{"start":{"line":175,"column":4},"end":{"line":175,"column":24}},"74":{"start":{"line":176,"column":4},"end":{"line":176,"column":24}},"75":{"start":{"line":177,"column":4},"end":{"line":181,"column":6}},"76":{"start":{"line":182,"column":4},"end":{"line":182,"column":55}},"77":{"start":{"line":183,"column":4},"end":{"line":183,"column":55}},"78":{"start":{"line":184,"column":4},"end":{"line":184,"column":43}},"79":{"start":{"line":185,"column":4},"end":{"line":185,"column":38}},"80":{"start":{"line":186,"column":4},"end":{"line":186,"column":40}},"81":{"start":{"line":187,"column":4},"end":{"line":187,"column":null}},"82":{"start":{"line":188,"column":4},"end":{"line":188,"column":56}},"83":{"start":{"line":190,"column":4},"end":{"line":190,"column":28}},"84":{"start":{"line":191,"column":4},"end":{"line":191,"column":34}},"85":{"start":{"line":194,"column":8},"end":{"line":194,"column":37}},"86":{"start":{"line":195,"column":8},"end":{"line":195,"column":33}},"87":{"start":{"line":196,"column":8},"end":{"line":196,"column":37}},"88":{"start":{"line":197,"column":8},"end":{"line":197,"column":31}},"89":{"start":{"line":198,"column":8},"end":{"line":198,"column":20}},"90":{"start":{"line":199,"column":8},"end":{"line":199,"column":20}},"91":{"start":{"line":203,"column":8},"end":{"line":204,"column":39}},"92":{"start":{"line":204,"column":12},"end":{"line":204,"column":39}},"93":{"start":{"line":205,"column":8},"end":{"line":205,"column":32}},"94":{"start":{"line":206,"column":8},"end":{"line":206,"column":44}},"95":{"start":{"line":207,"column":8},"end":{"line":207,"column":42}},"96":{"start":{"line":208,"column":8},"end":{"line":208,"column":38}},"97":{"start":{"line":209,"column":8},"end":{"line":209,"column":44}},"98":{"start":{"line":210,"column":8},"end":{"line":210,"column":43}},"99":{"start":{"line":211,"column":8},"end":{"line":211,"column":43}},"100":{"start":{"line":215,"column":8},"end":{"line":216,"column":36}},"101":{"start":{"line":216,"column":12},"end":{"line":216,"column":36}},"102":{"start":{"line":220,"column":8},"end":{"line":220,"column":26}},"103":{"start":{"line":221,"column":8},"end":{"line":229,"column":11}},"104":{"start":{"line":222,"column":25},"end":{"line":222,"column":66}},"105":{"start":{"line":223,"column":12},"end":{"line":223,"column":38}},"106":{"start":{"line":224,"column":12},"end":{"line":227,"column":48}},"107":{"start":{"line":225,"column":16},"end":{"line":225,"column":42}},"108":{"start":{"line":226,"column":17},"end":{"line":227,"column":48}},"109":{"start":{"line":227,"column":16},"end":{"line":227,"column":48}},"110":{"start":{"line":228,"column":12},"end":{"line":228,"column":24}},"111":{"start":{"line":233,"column":8},"end":{"line":233,"column":32}},"112":{"start":{"line":234,"column":8},"end":{"line":234,"column":38}},"113":{"start":{"line":235,"column":8},"end":{"line":235,"column":100}},"114":{"start":{"line":236,"column":8},"end":{"line":236,"column":53}},"115":{"start":{"line":240,"column":8},"end":{"line":240,"column":92}},"116":{"start":{"line":240,"column":59},"end":{"line":240,"column":90}},"117":{"start":{"line":241,"column":8},"end":{"line":241,"column":132}},"118":{"start":{"line":241,"column":99},"end":{"line":241,"column":130}},"119":{"start":{"line":245,"column":30},"end":{"line":245,"column":62}},"120":{"start":{"line":246,"column":8},"end":{"line":246,"column":78}},"121":{"start":{"line":247,"column":8},"end":{"line":247,"column":49}},"122":{"start":{"line":248,"column":8},"end":{"line":248,"column":52}},"123":{"start":{"line":249,"column":8},"end":{"line":249,"column":48}},"124":{"start":{"line":250,"column":8},"end":{"line":250,"column":38}},"125":{"start":{"line":251,"column":8},"end":{"line":251,"column":92}},"126":{"start":{"line":251,"column":52},"end":{"line":251,"column":90}},"127":{"start":{"line":252,"column":8},"end":{"line":252,"column":29}},"128":{"start":{"line":256,"column":29},"end":{"line":256,"column":70}},"129":{"start":{"line":257,"column":25},"end":{"line":257,"column":34}},"130":{"start":{"line":258,"column":8},"end":{"line":258,"column":79}},"131":{"start":{"line":259,"column":8},"end":{"line":259,"column":70}},"132":{"start":{"line":260,"column":8},"end":{"line":260,"column":33}},"133":{"start":{"line":261,"column":8},"end":{"line":261,"column":30}},"134":{"start":{"line":265,"column":8},"end":{"line":265,"column":39}},"135":{"start":{"line":269,"column":8},"end":{"line":271,"column":11}},"136":{"start":{"line":270,"column":12},"end":{"line":270,"column":37}},"137":{"start":{"line":275,"column":28},"end":{"line":275,"column":31}},"138":{"start":{"line":276,"column":8},"end":{"line":277,"column":72}},"139":{"start":{"line":277,"column":12},"end":{"line":277,"column":72}},"140":{"start":{"line":278,"column":8},"end":{"line":279,"column":73}},"141":{"start":{"line":279,"column":12},"end":{"line":279,"column":73}},"142":{"start":{"line":280,"column":8},"end":{"line":281,"column":71}},"143":{"start":{"line":281,"column":12},"end":{"line":281,"column":71}},"144":{"start":{"line":282,"column":8},"end":{"line":282,"column":68}},"145":{"start":{"line":283,"column":8},"end":{"line":283,"column":76}},"146":{"start":{"line":284,"column":8},"end":{"line":284,"column":70}},"147":{"start":{"line":285,"column":8},"end":{"line":285,"column":67}},"148":{"start":{"line":289,"column":28},"end":{"line":289,"column":57}},"149":{"start":{"line":290,"column":8},"end":{"line":290,"column":57}},"150":{"start":{"line":291,"column":8},"end":{"line":291,"column":54}},"151":{"start":{"line":292,"column":8},"end":{"line":292,"column":61}},"152":{"start":{"line":293,"column":37},"end":{"line":293,"column":90}},"153":{"start":{"line":294,"column":8},"end":{"line":294,"column":null}},"154":{"start":{"line":295,"column":8},"end":{"line":295,"column":48}},"155":{"start":{"line":298,"column":29},"end":{"line":298,"column":155}},"156":{"start":{"line":298,"column":76},"end":{"line":298,"column":139}},"157":{"start":{"line":299,"column":35},"end":{"line":299,"column":117}},"158":{"start":{"line":299,"column":81},"end":{"line":299,"column":101}},"159":{"start":{"line":301,"column":8},"end":{"line":302,"column":106}},"160":{"start":{"line":302,"column":12},"end":{"line":302,"column":106}},"161":{"start":{"line":304,"column":8},"end":{"line":305,"column":113}},"162":{"start":{"line":305,"column":12},"end":{"line":305,"column":113}},"163":{"start":{"line":307,"column":8},"end":{"line":307,"column":57}},"164":{"start":{"line":311,"column":8},"end":{"line":311,"column":58}},"165":{"start":{"line":312,"column":8},"end":{"line":312,"column":81}},"166":{"start":{"line":313,"column":8},"end":{"line":313,"column":58}},"167":{"start":{"line":314,"column":8},"end":{"line":314,"column":72}},"168":{"start":{"line":315,"column":8},"end":{"line":315,"column":96}},"169":{"start":{"line":316,"column":8},"end":{"line":316,"column":97}},"170":{"start":{"line":317,"column":8},"end":{"line":317,"column":93}},"171":{"start":{"line":318,"column":8},"end":{"line":318,"column":65}},"172":{"start":{"line":319,"column":8},"end":{"line":322,"column":11}},"173":{"start":{"line":320,"column":12},"end":{"line":320,"column":36}},"174":{"start":{"line":321,"column":12},"end":{"line":321,"column":49}},"175":{"start":{"line":323,"column":8},"end":{"line":326,"column":11}},"176":{"start":{"line":324,"column":12},"end":{"line":324,"column":36}},"177":{"start":{"line":325,"column":12},"end":{"line":325,"column":49}},"178":{"start":{"line":327,"column":8},"end":{"line":327,"column":94}},"179":{"start":{"line":327,"column":68},"end":{"line":327,"column":92}},"180":{"start":{"line":328,"column":8},"end":{"line":328,"column":67}},"181":{"start":{"line":333,"column":8},"end":{"line":333,"column":56}},"182":{"start":{"line":334,"column":8},"end":{"line":334,"column":82}},"183":{"start":{"line":335,"column":8},"end":{"line":335,"column":88}},"184":{"start":{"line":336,"column":8},"end":{"line":336,"column":26}},"185":{"start":{"line":337,"column":8},"end":{"line":337,"column":26}},"186":{"start":{"line":338,"column":8},"end":{"line":338,"column":100}},"187":{"start":{"line":343,"column":26},"end":{"line":343,"column":55}},"188":{"start":{"line":344,"column":36},"end":{"line":344,"column":66}},"189":{"start":{"line":345,"column":29},"end":{"line":345,"column":59}},"190":{"start":{"line":346,"column":30},"end":{"line":346,"column":57}},"191":{"start":{"line":348,"column":8},"end":{"line":348,"column":49}},"192":{"start":{"line":349,"column":8},"end":{"line":349,"column":49}},"193":{"start":{"line":350,"column":8},"end":{"line":350,"column":64}},"194":{"start":{"line":351,"column":8},"end":{"line":351,"column":55}},"195":{"start":{"line":352,"column":8},"end":{"line":352,"column":51}},"196":{"start":{"line":353,"column":8},"end":{"line":353,"column":50}},"197":{"start":{"line":354,"column":8},"end":{"line":354,"column":47}},"198":{"start":{"line":355,"column":8},"end":{"line":355,"column":38}},"199":{"start":{"line":357,"column":8},"end":{"line":357,"column":148}},"200":{"start":{"line":358,"column":8},"end":{"line":358,"column":57}},"201":{"start":{"line":359,"column":8},"end":{"line":359,"column":63}},"202":{"start":{"line":360,"column":8},"end":{"line":360,"column":157}},"203":{"start":{"line":361,"column":8},"end":{"line":361,"column":109}},"204":{"start":{"line":362,"column":8},"end":{"line":362,"column":105}},"205":{"start":{"line":364,"column":8},"end":{"line":364,"column":48}},"206":{"start":{"line":365,"column":8},"end":{"line":365,"column":44}},"207":{"start":{"line":367,"column":8},"end":{"line":367,"column":65}},"208":{"start":{"line":373,"column":28},"end":{"line":373,"column":57}},"209":{"start":{"line":375,"column":8},"end":{"line":375,"column":29}},"210":{"start":{"line":375,"column":22},"end":{"line":375,"column":29}},"211":{"start":{"line":377,"column":34},"end":{"line":381,"column":10}},"212":{"start":{"line":384,"column":29},"end":{"line":384,"column":107}},"213":{"start":{"line":387,"column":8},"end":{"line":396,"column":9}},"214":{"start":{"line":388,"column":12},"end":{"line":388,"column":85}},"215":{"start":{"line":389,"column":12},"end":{"line":389,"column":37}},"216":{"start":{"line":390,"column":12},"end":{"line":390,"column":62}},"217":{"start":{"line":393,"column":12},"end":{"line":393,"column":51}},"218":{"start":{"line":394,"column":12},"end":{"line":394,"column":62}},"219":{"start":{"line":395,"column":12},"end":{"line":395,"column":32}},"220":{"start":{"line":398,"column":8},"end":{"line":398,"column":29}},"221":{"start":{"line":403,"column":31},"end":{"line":403,"column":56}},"222":{"start":{"line":404,"column":8},"end":{"line":404,"column":100}},"223":{"start":{"line":408,"column":8},"end":{"line":408,"column":41}},"224":{"start":{"line":409,"column":8},"end":{"line":411,"column":11}},"225":{"start":{"line":410,"column":12},"end":{"line":410,"column":54}},"226":{"start":{"line":412,"column":8},"end":{"line":412,"column":50}},"227":{"start":{"line":413,"column":8},"end":{"line":413,"column":56}},"228":{"start":{"line":414,"column":8},"end":{"line":414,"column":52}},"229":{"start":{"line":415,"column":8},"end":{"line":415,"column":30}},"230":{"start":{"line":419,"column":8},"end":{"line":419,"column":33}},"231":{"start":{"line":420,"column":8},"end":{"line":420,"column":29}},"232":{"start":{"line":421,"column":8},"end":{"line":427,"column":11}},"233":{"start":{"line":422,"column":12},"end":{"line":422,"column":31}},"234":{"start":{"line":423,"column":12},"end":{"line":423,"column":31}},"235":{"start":{"line":424,"column":12},"end":{"line":425,"column":39}},"236":{"start":{"line":425,"column":16},"end":{"line":425,"column":39}},"237":{"start":{"line":426,"column":12},"end":{"line":426,"column":24}},"238":{"start":{"line":428,"column":8},"end":{"line":428,"column":43}},"239":{"start":{"line":433,"column":26},"end":{"line":433,"column":54}},"240":{"start":{"line":434,"column":8},"end":{"line":434,"column":110}},"241":{"start":{"line":434,"column":83},"end":{"line":434,"column":107}},"242":{"start":{"line":438,"column":31},"end":{"line":438,"column":55}},"243":{"start":{"line":439,"column":8},"end":{"line":441,"column":9}},"244":{"start":{"line":440,"column":12},"end":{"line":440,"column":30}},"245":{"start":{"line":442,"column":8},"end":{"line":442,"column":34}},"246":{"start":{"line":443,"column":8},"end":{"line":448,"column":9}},"247":{"start":{"line":444,"column":34},"end":{"line":444,"column":68}},"248":{"start":{"line":445,"column":35},"end":{"line":445,"column":62}},"249":{"start":{"line":446,"column":12},"end":{"line":446,"column":36}},"250":{"start":{"line":447,"column":12},"end":{"line":447,"column":54}},"251":{"start":{"line":452,"column":21},"end":{"line":459,"column":30}},"252":{"start":{"line":460,"column":8},"end":{"line":460,"column":59}},"253":{"start":{"line":465,"column":28},"end":{"line":465,"column":87}},"254":{"start":{"line":466,"column":20},"end":{"line":466,"column":79}},"255":{"start":{"line":467,"column":29},"end":{"line":467,"column":45}},"256":{"start":{"line":468,"column":8},"end":{"line":469,"column":75}},"257":{"start":{"line":469,"column":12},"end":{"line":469,"column":75}},"258":{"start":{"line":470,"column":25},"end":{"line":470,"column":50}},"259":{"start":{"line":471,"column":30},"end":{"line":471,"column":90}},"260":{"start":{"line":472,"column":30},"end":{"line":472,"column":62}},"261":{"start":{"line":473,"column":34},"end":{"line":473,"column":116}},"262":{"start":{"line":474,"column":8},"end":{"line":474,"column":86}},"263":{"start":{"line":475,"column":34},"end":{"line":475,"column":106}},"264":{"start":{"line":476,"column":8},"end":{"line":476,"column":43}},"265":{"start":{"line":477,"column":8},"end":{"line":477,"column":39}},"266":{"start":{"line":483,"column":28},"end":{"line":483,"column":87}},"267":{"start":{"line":484,"column":8},"end":{"line":488,"column":9}},"268":{"start":{"line":485,"column":12},"end":{"line":485,"column":65}},"269":{"start":{"line":486,"column":12},"end":{"line":486,"column":25}},"270":{"start":{"line":489,"column":30},"end":{"line":489,"column":71}},"271":{"start":{"line":490,"column":8},"end":{"line":494,"column":9}},"272":{"start":{"line":491,"column":12},"end":{"line":491,"column":72}},"273":{"start":{"line":493,"column":12},"end":{"line":493,"column":25}},"274":{"start":{"line":495,"column":8},"end":{"line":500,"column":9}},"275":{"start":{"line":496,"column":12},"end":{"line":496,"column":80}},"276":{"start":{"line":498,"column":12},"end":{"line":498,"column":95}},"277":{"start":{"line":499,"column":12},"end":{"line":499,"column":25}},"278":{"start":{"line":503,"column":8},"end":{"line":503,"column":32}},"279":{"start":{"line":506,"column":8},"end":{"line":513,"column":9}},"280":{"start":{"line":507,"column":12},"end":{"line":508,"column":25}},"281":{"start":{"line":508,"column":16},"end":{"line":508,"column":25}},"282":{"start":{"line":509,"column":22},"end":{"line":509,"column":107}},"283":{"start":{"line":510,"column":12},"end":{"line":512,"column":27}},"284":{"start":{"line":511,"column":16},"end":{"line":511,"column":42}},"285":{"start":{"line":515,"column":8},"end":{"line":515,"column":66}},"286":{"start":{"line":516,"column":8},"end":{"line":516,"column":35}},"287":{"start":{"line":517,"column":8},"end":{"line":517,"column":26}},"288":{"start":{"line":518,"column":8},"end":{"line":518,"column":31}},"289":{"start":{"line":519,"column":8},"end":{"line":519,"column":86}},"290":{"start":{"line":520,"column":8},"end":{"line":520,"column":57}},"291":{"start":{"line":521,"column":8},"end":{"line":521,"column":20}},"292":{"start":{"line":525,"column":28},"end":{"line":525,"column":60}},"293":{"start":{"line":526,"column":8},"end":{"line":526,"column":49}},"294":{"start":{"line":527,"column":8},"end":{"line":527,"column":15}},"295":{"start":{"line":531,"column":28},"end":{"line":531,"column":60}},"296":{"start":{"line":532,"column":8},"end":{"line":534,"column":9}},"297":{"start":{"line":533,"column":12},"end":{"line":533,"column":19}},"298":{"start":{"line":535,"column":23},"end":{"line":535,"column":71}},"299":{"start":{"line":536,"column":25},"end":{"line":536,"column":47}},"300":{"start":{"line":537,"column":8},"end":{"line":544,"column":9}},"301":{"start":{"line":538,"column":12},"end":{"line":541,"column":13}},"302":{"start":{"line":539,"column":16},"end":{"line":539,"column":69}},"303":{"start":{"line":540,"column":16},"end":{"line":540,"column":22}},"304":{"start":{"line":542,"column":12},"end":{"line":542,"column":66}},"305":{"start":{"line":543,"column":12},"end":{"line":543,"column":48}},"306":{"start":{"line":548,"column":8},"end":{"line":548,"column":30}},"307":{"start":{"line":549,"column":8},"end":{"line":549,"column":70}},"308":{"start":{"line":169,"column":0},"end":{"line":169,"column":13}},"309":{"start":{"line":570,"column":8},"end":{"line":570,"column":65}},"310":{"start":{"line":571,"column":8},"end":{"line":571,"column":33}},"311":{"start":{"line":572,"column":8},"end":{"line":572,"column":27}},"312":{"start":{"line":573,"column":8},"end":{"line":573,"column":28}},"313":{"start":{"line":574,"column":8},"end":{"line":574,"column":61}},"314":{"start":{"line":575,"column":8},"end":{"line":575,"column":63}},"315":{"start":{"line":576,"column":8},"end":{"line":576,"column":63}},"316":{"start":{"line":577,"column":8},"end":{"line":577,"column":62}},"317":{"start":{"line":578,"column":8},"end":{"line":578,"column":63}},"318":{"start":{"line":579,"column":8},"end":{"line":579,"column":61}},"319":{"start":{"line":580,"column":8},"end":{"line":580,"column":116}},"320":{"start":{"line":581,"column":8},"end":{"line":581,"column":45}},"321":{"start":{"line":582,"column":8},"end":{"line":582,"column":35}},"322":{"start":{"line":583,"column":8},"end":{"line":583,"column":20}},"323":{"start":{"line":587,"column":8},"end":{"line":587,"column":61}},"324":{"start":{"line":588,"column":8},"end":{"line":588,"column":39}},"325":{"start":{"line":589,"column":8},"end":{"line":589,"column":35}},"326":{"start":{"line":590,"column":34},"end":{"line":590,"column":67}},"327":{"start":{"line":591,"column":8},"end":{"line":591,"column":64}},"328":{"start":{"line":591,"column":39},"end":{"line":591,"column":64}},"329":{"start":{"line":592,"column":8},"end":{"line":592,"column":68}},"330":{"start":{"line":592,"column":41},"end":{"line":592,"column":68}},"331":{"start":{"line":593,"column":8},"end":{"line":593,"column":66}},"332":{"start":{"line":593,"column":40},"end":{"line":593,"column":66}},"333":{"start":{"line":594,"column":8},"end":{"line":598,"column":9}},"334":{"start":{"line":597,"column":12},"end":{"line":597,"column":37}},"335":{"start":{"line":599,"column":8},"end":{"line":601,"column":9}},"336":{"start":{"line":600,"column":12},"end":{"line":600,"column":48}},"337":{"start":{"line":605,"column":8},"end":{"line":605,"column":69}},"338":{"start":{"line":609,"column":8},"end":{"line":609,"column":72}},"339":{"start":{"line":613,"column":23},"end":{"line":613,"column":71}},"340":{"start":{"line":614,"column":8},"end":{"line":615,"column":72}},"341":{"start":{"line":615,"column":12},"end":{"line":615,"column":72}},"342":{"start":{"line":616,"column":8},"end":{"line":616,"column":92}},"343":{"start":{"line":620,"column":22},"end":{"line":620,"column":48}},"344":{"start":{"line":621,"column":24},"end":{"line":621,"column":42}},"345":{"start":{"line":622,"column":8},"end":{"line":627,"column":41}},"346":{"start":{"line":623,"column":12},"end":{"line":623,"column":48}},"347":{"start":{"line":624,"column":13},"end":{"line":627,"column":41}},"348":{"start":{"line":625,"column":12},"end":{"line":625,"column":46}},"349":{"start":{"line":626,"column":13},"end":{"line":627,"column":41}},"350":{"start":{"line":627,"column":12},"end":{"line":627,"column":41}},"351":{"start":{"line":628,"column":8},"end":{"line":629,"column":null}},"352":{"start":{"line":629,"column":12},"end":{"line":629,"column":null}},"353":{"start":{"line":630,"column":8},"end":{"line":630,"column":25}},"354":{"start":{"line":634,"column":8},"end":{"line":634,"column":99}},"355":{"start":{"line":635,"column":8},"end":{"line":635,"column":57}},"356":{"start":{"line":636,"column":8},"end":{"line":636,"column":71}},"357":{"start":{"line":637,"column":8},"end":{"line":637,"column":56}},"358":{"start":{"line":641,"column":8},"end":{"line":641,"column":55}},"359":{"start":{"line":642,"column":8},"end":{"line":642,"column":91}},"360":{"start":{"line":643,"column":8},"end":{"line":643,"column":111}},"361":{"start":{"line":644,"column":8},"end":{"line":644,"column":111}},"362":{"start":{"line":645,"column":8},"end":{"line":645,"column":54}},"363":{"start":{"line":649,"column":8},"end":{"line":649,"column":57}},"364":{"start":{"line":650,"column":8},"end":{"line":650,"column":95}},"365":{"start":{"line":651,"column":8},"end":{"line":651,"column":57}},"366":{"start":{"line":652,"column":8},"end":{"line":652,"column":56}},"367":{"start":{"line":656,"column":8},"end":{"line":656,"column":57}},"368":{"start":{"line":657,"column":8},"end":{"line":657,"column":95}},"369":{"start":{"line":658,"column":8},"end":{"line":658,"column":57}},"370":{"start":{"line":659,"column":8},"end":{"line":659,"column":115}},"371":{"start":{"line":660,"column":8},"end":{"line":660,"column":56}},"372":{"start":{"line":664,"column":8},"end":{"line":664,"column":56}},"373":{"start":{"line":665,"column":8},"end":{"line":665,"column":93}},"374":{"start":{"line":666,"column":8},"end":{"line":666,"column":141}},"375":{"start":{"line":667,"column":8},"end":{"line":667,"column":113}},"376":{"start":{"line":668,"column":8},"end":{"line":668,"column":55}},"377":{"start":{"line":672,"column":8},"end":{"line":672,"column":60}},"378":{"start":{"line":673,"column":8},"end":{"line":673,"column":115}},"379":{"start":{"line":674,"column":8},"end":{"line":674,"column":113}},"380":{"start":{"line":675,"column":8},"end":{"line":675,"column":117}},"381":{"start":{"line":675,"column":64},"end":{"line":675,"column":115}},"382":{"start":{"line":679,"column":8},"end":{"line":682,"column":68}},"383":{"start":{"line":680,"column":12},"end":{"line":680,"column":74}},"384":{"start":{"line":682,"column":12},"end":{"line":682,"column":68}},"385":{"start":{"line":683,"column":8},"end":{"line":683,"column":115}},"386":{"start":{"line":684,"column":8},"end":{"line":684,"column":113}},"387":{"start":{"line":685,"column":8},"end":{"line":685,"column":123}},"388":{"start":{"line":685,"column":69},"end":{"line":685,"column":121}},"389":{"start":{"line":689,"column":8},"end":{"line":689,"column":33}},"390":{"start":{"line":690,"column":8},"end":{"line":692,"column":9}},"391":{"start":{"line":691,"column":12},"end":{"line":691,"column":38}},"392":{"start":{"line":696,"column":33},"end":{"line":696,"column":75}},"393":{"start":{"line":697,"column":39},"end":{"line":697,"column":87}},"394":{"start":{"line":698,"column":35},"end":{"line":698,"column":79}},"395":{"start":{"line":699,"column":20},"end":{"line":699,"column":89}},"396":{"start":{"line":700,"column":8},"end":{"line":703,"column":9}},"397":{"start":{"line":701,"column":12},"end":{"line":701,"column":24}},"398":{"start":{"line":702,"column":12},"end":{"line":702,"column":19}},"399":{"start":{"line":704,"column":8},"end":{"line":709,"column":61}},"400":{"start":{"line":705,"column":12},"end":{"line":705,"column":65}},"401":{"start":{"line":706,"column":13},"end":{"line":709,"column":61}},"402":{"start":{"line":707,"column":12},"end":{"line":707,"column":59}},"403":{"start":{"line":708,"column":13},"end":{"line":709,"column":61}},"404":{"start":{"line":709,"column":12},"end":{"line":709,"column":61}},"405":{"start":{"line":713,"column":33},"end":{"line":713,"column":63}},"406":{"start":{"line":714,"column":27},"end":{"line":714,"column":49}},"407":{"start":{"line":715,"column":8},"end":{"line":718,"column":9}},"408":{"start":{"line":716,"column":12},"end":{"line":716,"column":41}},"409":{"start":{"line":717,"column":12},"end":{"line":717,"column":19}},"410":{"start":{"line":719,"column":28},"end":{"line":719,"column":56}},"411":{"start":{"line":720,"column":8},"end":{"line":729,"column":9}},"412":{"start":{"line":723,"column":12},"end":{"line":723,"column":24}},"413":{"start":{"line":724,"column":12},"end":{"line":724,"column":41}},"414":{"start":{"line":727,"column":12},"end":{"line":727,"column":40}},"415":{"start":{"line":728,"column":12},"end":{"line":728,"column":24}},"416":{"start":{"line":733,"column":33},"end":{"line":733,"column":63}},"417":{"start":{"line":734,"column":27},"end":{"line":734,"column":49}},"418":{"start":{"line":735,"column":28},"end":{"line":735,"column":56}},"419":{"start":{"line":736,"column":8},"end":{"line":740,"column":9}},"420":{"start":{"line":737,"column":12},"end":{"line":737,"column":127}},"421":{"start":{"line":738,"column":12},"end":{"line":739,"column":127}},"422":{"start":{"line":739,"column":16},"end":{"line":739,"column":127}},"423":{"start":{"line":744,"column":8},"end":{"line":744,"column":63}},"424":{"start":{"line":745,"column":8},"end":{"line":746,"column":65}},"425":{"start":{"line":746,"column":12},"end":{"line":746,"column":65}},"426":{"start":{"line":750,"column":8},"end":{"line":750,"column":57}},"427":{"start":{"line":751,"column":8},"end":{"line":751,"column":27}},"428":{"start":{"line":755,"column":8},"end":{"line":755,"column":58}},"429":{"start":{"line":756,"column":8},"end":{"line":756,"column":28}},"430":{"start":{"line":554,"column":0},"end":{"line":554,"column":13}}},"fnMap":{"0":{"name":"(anonymous_7)","decl":{"start":{"line":22,"column":0},"end":{"line":22,"column":5}},"loc":{"start":{"line":22,"column":25},"end":{"line":28,"column":1}}},"1":{"name":"(anonymous_8)","decl":{"start":{"line":30,"column":0},"end":{"line":30,"column":5}},"loc":{"start":{"line":30,"column":14},"end":{"line":36,"column":1}}},"2":{"name":"initializeFieldFinder","decl":{"start":{"line":77,"column":16},"end":{"line":77,"column":37}},"loc":{"start":{"line":77,"column":37},"end":{"line":126,"column":1}}},"3":{"name":"(anonymous_10)","decl":{"start":{"line":104,"column":51},"end":{"line":104,"column":64}},"loc":{"start":{"line":104,"column":51},"end":{"line":104,"column":87}}},"4":{"name":"handleFieldUpdate","decl":{"start":{"line":129,"column":16},"end":{"line":129,"column":33}},"loc":{"start":{"line":129,"column":45},"end":{"line":134,"column":1}}},"5":{"name":"handleButtonClick","decl":{"start":{"line":137,"column":16},"end":{"line":137,"column":33}},"loc":{"start":{"line":137,"column":100},"end":{"line":139,"column":1}}},"6":{"name":"handleFieldSelectorClick","decl":{"start":{"line":142,"column":16},"end":{"line":142,"column":40}},"loc":{"start":{"line":142,"column":81},"end":{"line":146,"column":1}}},"7":{"name":"handleMultiSelectClick","decl":{"start":{"line":148,"column":16},"end":{"line":148,"column":38}},"loc":{"start":{"line":148,"column":95},"end":{"line":150,"column":1}}},"8":{"name":"handleKey","decl":{"start":{"line":152,"column":16},"end":{"line":152,"column":25}},"loc":{"start":{"line":152,"column":98},"end":{"line":162,"column":1}}},"9":{"name":"handleRelatedTableClick","decl":{"start":{"line":165,"column":22},"end":{"line":165,"column":45}},"loc":{"start":{"line":165,"column":100},"end":{"line":167,"column":null}}},"10":{"name":"(anonymous_18)","decl":{"start":{"line":193,"column":4},"end":{"line":193,"column":16}},"loc":{"start":{"line":193,"column":98},"end":{"line":200,"column":5}}},"11":{"name":"(anonymous_19)","decl":{"start":{"line":202,"column":4},"end":{"line":202,"column":8}},"loc":{"start":{"line":202,"column":8},"end":{"line":212,"column":5}}},"12":{"name":"(anonymous_20)","decl":{"start":{"line":214,"column":4},"end":{"line":214,"column":32}},"loc":{"start":{"line":214,"column":32},"end":{"line":217,"column":5}}},"13":{"name":"(anonymous_21)","decl":{"start":{"line":219,"column":4},"end":{"line":219,"column":26}},"loc":{"start":{"line":219,"column":26},"end":{"line":230,"column":5}}},"14":{"name":"(anonymous_22)","decl":{"start":{"line":221,"column":43},"end":{"line":221,"column":44}},"loc":{"start":{"line":221,"column":76},"end":{"line":229,"column":9}}},"15":{"name":"(anonymous_23)","decl":{"start":{"line":232,"column":4},"end":{"line":232,"column":14}},"loc":{"start":{"line":232,"column":14},"end":{"line":237,"column":5}}},"16":{"name":"(anonymous_24)","decl":{"start":{"line":239,"column":4},"end":{"line":239,"column":30}},"loc":{"start":{"line":239,"column":30},"end":{"line":242,"column":5}}},"17":{"name":"(anonymous_25)","decl":{"start":{"line":240,"column":54},"end":{"line":240,"column":56}},"loc":{"start":{"line":240,"column":58},"end":{"line":240,"column":90}}},"18":{"name":"(anonymous_26)","decl":{"start":{"line":241,"column":94},"end":{"line":241,"column":96}},"loc":{"start":{"line":241,"column":98},"end":{"line":241,"column":130}}},"19":{"name":"(anonymous_27)","decl":{"start":{"line":244,"column":4},"end":{"line":244,"column":22}},"loc":{"start":{"line":244,"column":51},"end":{"line":253,"column":5}}},"20":{"name":"(anonymous_28)","decl":{"start":{"line":251,"column":47},"end":{"line":251,"column":49}},"loc":{"start":{"line":251,"column":51},"end":{"line":251,"column":90}}},"21":{"name":"(anonymous_29)","decl":{"start":{"line":255,"column":4},"end":{"line":255,"column":25}},"loc":{"start":{"line":255,"column":50},"end":{"line":262,"column":5}}},"22":{"name":"(anonymous_30)","decl":{"start":{"line":264,"column":4},"end":{"line":264,"column":21}},"loc":{"start":{"line":264,"column":21},"end":{"line":266,"column":5}}},"23":{"name":"(anonymous_31)","decl":{"start":{"line":268,"column":4},"end":{"line":268,"column":31}},"loc":{"start":{"line":268,"column":31},"end":{"line":272,"column":5}}},"24":{"name":"(anonymous_32)","decl":{"start":{"line":269,"column":55},"end":{"line":269,"column":56}},"loc":{"start":{"line":269,"column":76},"end":{"line":271,"column":9}}},"25":{"name":"(anonymous_33)","decl":{"start":{"line":274,"column":4},"end":{"line":274,"column":20}},"loc":{"start":{"line":274,"column":20},"end":{"line":286,"column":5}}},"26":{"name":"(anonymous_34)","decl":{"start":{"line":288,"column":4},"end":{"line":288,"column":14}},"loc":{"start":{"line":288,"column":14},"end":{"line":308,"column":5}}},"27":{"name":"(anonymous_35)","decl":{"start":{"line":298,"column":61},"end":{"line":298,"column":62}},"loc":{"start":{"line":298,"column":76},"end":{"line":298,"column":139}}},"28":{"name":"(anonymous_36)","decl":{"start":{"line":299,"column":66},"end":{"line":299,"column":67}},"loc":{"start":{"line":299,"column":81},"end":{"line":299,"column":101}}},"29":{"name":"(anonymous_37)","decl":{"start":{"line":310,"column":4},"end":{"line":310,"column":14}},"loc":{"start":{"line":310,"column":14},"end":{"line":329,"column":5}}},"30":{"name":"(anonymous_38)","decl":{"start":{"line":319,"column":57},"end":{"line":319,"column":58}},"loc":{"start":{"line":319,"column":66},"end":{"line":322,"column":9}}},"31":{"name":"(anonymous_39)","decl":{"start":{"line":323,"column":55},"end":{"line":323,"column":56}},"loc":{"start":{"line":323,"column":64},"end":{"line":326,"column":9}}},"32":{"name":"(anonymous_40)","decl":{"start":{"line":327,"column":58},"end":{"line":327,"column":59}},"loc":{"start":{"line":327,"column":67},"end":{"line":327,"column":92}}},"33":{"name":"(anonymous_41)","decl":{"start":{"line":332,"column":4},"end":{"line":332,"column":32}},"loc":{"start":{"line":332,"column":32},"end":{"line":339,"column":5}}},"34":{"name":"(anonymous_42)","decl":{"start":{"line":341,"column":4},"end":{"line":341,"column":31}},"loc":{"start":{"line":341,"column":31},"end":{"line":369,"column":5}}},"35":{"name":"(anonymous_43)","decl":{"start":{"line":371,"column":4},"end":{"line":371,"column":15}},"loc":{"start":{"line":371,"column":30},"end":{"line":400,"column":5}}},"36":{"name":"(anonymous_44)","decl":{"start":{"line":402,"column":4},"end":{"line":402,"column":31}},"loc":{"start":{"line":402,"column":31},"end":{"line":405,"column":5}}},"37":{"name":"(anonymous_45)","decl":{"start":{"line":407,"column":4},"end":{"line":407,"column":9}},"loc":{"start":{"line":407,"column":9},"end":{"line":416,"column":5}}},"38":{"name":"(anonymous_46)","decl":{"start":{"line":409,"column":29},"end":{"line":409,"column":30}},"loc":{"start":{"line":409,"column":52},"end":{"line":411,"column":9}}},"39":{"name":"(anonymous_47)","decl":{"start":{"line":418,"column":4},"end":{"line":418,"column":18}},"loc":{"start":{"line":418,"column":18},"end":{"line":429,"column":5}}},"40":{"name":"(anonymous_48)","decl":{"start":{"line":421,"column":29},"end":{"line":421,"column":30}},"loc":{"start":{"line":421,"column":63},"end":{"line":427,"column":9}}},"41":{"name":"(anonymous_49)","decl":{"start":{"line":432,"column":4},"end":{"line":432,"column":21}},"loc":{"start":{"line":432,"column":21},"end":{"line":435,"column":5}}},"42":{"name":"(anonymous_50)","decl":{"start":{"line":434,"column":56},"end":{"line":434,"column":57}},"loc":{"start":{"line":434,"column":82},"end":{"line":434,"column":108}}},"43":{"name":"(anonymous_51)","decl":{"start":{"line":437,"column":4},"end":{"line":437,"column":29}},"loc":{"start":{"line":437,"column":29},"end":{"line":449,"column":5}}},"44":{"name":"(anonymous_52)","decl":{"start":{"line":451,"column":4},"end":{"line":451,"column":19}},"loc":{"start":{"line":451,"column":53},"end":{"line":461,"column":5}}},"45":{"name":"(anonymous_53)","decl":{"start":{"line":463,"column":10},"end":{"line":463,"column":31}},"loc":{"start":{"line":463,"column":47},"end":{"line":478,"column":null}}},"46":{"name":"(anonymous_55)","decl":{"start":{"line":480,"column":10},"end":{"line":480,"column":31}},"loc":{"start":{"line":480,"column":47},"end":{"line":522,"column":null}}},"47":{"name":"(anonymous_57)","decl":{"start":{"line":524,"column":4},"end":{"line":524,"column":23}},"loc":{"start":{"line":524,"column":23},"end":{"line":528,"column":5}}},"48":{"name":"(anonymous_58)","decl":{"start":{"line":530,"column":4},"end":{"line":530,"column":18}},"loc":{"start":{"line":530,"column":30},"end":{"line":545,"column":5}}},"49":{"name":"(anonymous_59)","decl":{"start":{"line":547,"column":4},"end":{"line":547,"column":25}},"loc":{"start":{"line":547,"column":25},"end":{"line":550,"column":5}}},"50":{"name":"(anonymous_60)","decl":{"start":{"line":569,"column":4},"end":{"line":569,"column":16}},"loc":{"start":{"line":569,"column":58},"end":{"line":584,"column":5}}},"51":{"name":"(anonymous_61)","decl":{"start":{"line":586,"column":4},"end":{"line":586,"column":23}},"loc":{"start":{"line":586,"column":23},"end":{"line":602,"column":5}}},"52":{"name":"(anonymous_62)","decl":{"start":{"line":604,"column":4},"end":{"line":604,"column":10}},"loc":{"start":{"line":604,"column":10},"end":{"line":606,"column":5}}},"53":{"name":"(anonymous_63)","decl":{"start":{"line":608,"column":4},"end":{"line":608,"column":12}},"loc":{"start":{"line":608,"column":12},"end":{"line":610,"column":5}}},"54":{"name":"(anonymous_64)","decl":{"start":{"line":612,"column":4},"end":{"line":612,"column":17}},"loc":{"start":{"line":612,"column":17},"end":{"line":617,"column":5}}},"55":{"name":"(anonymous_65)","decl":{"start":{"line":619,"column":4},"end":{"line":619,"column":16}},"loc":{"start":{"line":619,"column":16},"end":{"line":631,"column":5}}},"56":{"name":"(anonymous_66)","decl":{"start":{"line":633,"column":4},"end":{"line":633,"column":27}},"loc":{"start":{"line":633,"column":27},"end":{"line":638,"column":5}}},"57":{"name":"(anonymous_67)","decl":{"start":{"line":640,"column":4},"end":{"line":640,"column":21}},"loc":{"start":{"line":640,"column":21},"end":{"line":646,"column":5}}},"58":{"name":"(anonymous_68)","decl":{"start":{"line":648,"column":4},"end":{"line":648,"column":23}},"loc":{"start":{"line":648,"column":23},"end":{"line":653,"column":5}}},"59":{"name":"(anonymous_69)","decl":{"start":{"line":655,"column":4},"end":{"line":655,"column":23}},"loc":{"start":{"line":655,"column":23},"end":{"line":661,"column":5}}},"60":{"name":"(anonymous_70)","decl":{"start":{"line":663,"column":4},"end":{"line":663,"column":22}},"loc":{"start":{"line":663,"column":22},"end":{"line":669,"column":5}}},"61":{"name":"(anonymous_71)","decl":{"start":{"line":671,"column":4},"end":{"line":671,"column":21}},"loc":{"start":{"line":671,"column":21},"end":{"line":676,"column":5}}},"62":{"name":"(anonymous_72)","decl":{"start":{"line":675,"column":59},"end":{"line":675,"column":61}},"loc":{"start":{"line":675,"column":63},"end":{"line":675,"column":115}}},"63":{"name":"(anonymous_73)","decl":{"start":{"line":678,"column":4},"end":{"line":678,"column":32}},"loc":{"start":{"line":678,"column":32},"end":{"line":686,"column":5}}},"64":{"name":"(anonymous_74)","decl":{"start":{"line":685,"column":59},"end":{"line":685,"column":60}},"loc":{"start":{"line":685,"column":68},"end":{"line":685,"column":121}}},"65":{"name":"(anonymous_75)","decl":{"start":{"line":688,"column":4},"end":{"line":688,"column":16}},"loc":{"start":{"line":688,"column":16},"end":{"line":693,"column":5}}},"66":{"name":"(anonymous_76)","decl":{"start":{"line":695,"column":4},"end":{"line":695,"column":21}},"loc":{"start":{"line":695,"column":21},"end":{"line":710,"column":5}}},"67":{"name":"(anonymous_77)","decl":{"start":{"line":712,"column":4},"end":{"line":712,"column":22}},"loc":{"start":{"line":712,"column":22},"end":{"line":730,"column":5}}},"68":{"name":"(anonymous_78)","decl":{"start":{"line":732,"column":4},"end":{"line":732,"column":24}},"loc":{"start":{"line":732,"column":24},"end":{"line":741,"column":5}}},"69":{"name":"(anonymous_79)","decl":{"start":{"line":743,"column":4},"end":{"line":743,"column":25}},"loc":{"start":{"line":743,"column":25},"end":{"line":747,"column":5}}},"70":{"name":"(anonymous_80)","decl":{"start":{"line":749,"column":4},"end":{"line":749,"column":8}},"loc":{"start":{"line":749,"column":8},"end":{"line":752,"column":5}}},"71":{"name":"(anonymous_81)","decl":{"start":{"line":754,"column":4},"end":{"line":754,"column":8}},"loc":{"start":{"line":754,"column":8},"end":{"line":757,"column":5}}}},"branchMap":{"0":{"loc":{"start":{"line":22,"column":5},"end":{"line":22,"column":null}},"type":"binary-expr","locations":[{"start":{"line":22,"column":5},"end":{"line":22,"column":25}},{"start":{"line":22,"column":5},"end":{"line":22,"column":null}}]},"1":{"loc":{"start":{"line":30,"column":5},"end":{"line":30,"column":null}},"type":"binary-expr","locations":[{"start":{"line":30,"column":5},"end":{"line":30,"column":14}},{"start":{"line":30,"column":5},"end":{"line":30,"column":null}}]},"2":{"loc":{"start":{"line":67,"column":0},"end":{"line":75,"column":1}},"type":"if","locations":[{"start":{"line":67,"column":0},"end":{"line":75,"column":1}}]},"3":{"loc":{"start":{"line":68,"column":4},"end":{"line":74,"column":10}},"type":"if","locations":[{"start":{"line":68,"column":4},"end":{"line":74,"column":10}},{"start":{"line":71,"column":8},"end":{"line":74,"column":10}}]},"4":{"loc":{"start":{"line":81,"column":32},"end":{"line":81,"column":82}},"type":"binary-expr","locations":[{"start":{"line":81,"column":32},"end":{"line":81,"column":76}},{"start":{"line":81,"column":80},"end":{"line":81,"column":82}}]},"5":{"loc":{"start":{"line":87,"column":4},"end":{"line":90,"column":5}},"type":"if","locations":[{"start":{"line":87,"column":4},"end":{"line":90,"column":5}}]},"6":{"loc":{"start":{"line":95,"column":4},"end":{"line":96,"column":94}},"type":"if","locations":[{"start":{"line":95,"column":4},"end":{"line":96,"column":94}}]},"7":{"loc":{"start":{"line":96,"column":42},"end":{"line":96,"column":93}},"type":"cond-expr","locations":[{"start":{"line":96,"column":81},"end":{"line":96,"column":86}},{"start":{"line":96,"column":89},"end":{"line":96,"column":93}}]},"8":{"loc":{"start":{"line":98,"column":4},"end":{"line":109,"column":5}},"type":"if","locations":[{"start":{"line":98,"column":4},"end":{"line":109,"column":5}}]},"9":{"loc":{"start":{"line":100,"column":12},"end":{"line":107,"column":13}},"type":"if","locations":[{"start":{"line":100,"column":12},"end":{"line":107,"column":13}}]},"10":{"loc":{"start":{"line":102,"column":16},"end":{"line":106,"column":17}},"type":"if","locations":[{"start":{"line":102,"column":16},"end":{"line":106,"column":17}}]},"11":{"loc":{"start":{"line":112,"column":19},"end":{"line":112,"column":126}},"type":"binary-expr","locations":[{"start":{"line":112,"column":19},"end":{"line":112,"column":85}},{"start":{"line":112,"column":89},"end":{"line":112,"column":126}}]},"12":{"loc":{"start":{"line":112,"column":19},"end":{"line":112,"column":85}},"type":"cond-expr","locations":[{"start":{"line":112,"column":78},"end":{"line":112,"column":80}},{"start":{"line":112,"column":78},"end":{"line":112,"column":85}}]},"13":{"loc":{"start":{"line":112,"column":19},"end":{"line":112,"column":80}},"type":"binary-expr","locations":[{"start":{"line":112,"column":19},"end":{"line":112,"column":80}},{"start":{"line":112,"column":78},"end":{"line":112,"column":80}}]},"14":{"loc":{"start":{"line":113,"column":16},"end":{"line":113,"column":124}},"type":"binary-expr","locations":[{"start":{"line":113,"column":16},"end":{"line":113,"column":79}},{"start":{"line":113,"column":84},"end":{"line":113,"column":118}},{"start":{"line":113,"column":122},"end":{"line":113,"column":124}}]},"15":{"loc":{"start":{"line":113,"column":16},"end":{"line":113,"column":79}},"type":"cond-expr","locations":[{"start":{"line":113,"column":72},"end":{"line":113,"column":74}},{"start":{"line":113,"column":72},"end":{"line":113,"column":79}}]},"16":{"loc":{"start":{"line":113,"column":16},"end":{"line":113,"column":74}},"type":"binary-expr","locations":[{"start":{"line":113,"column":16},"end":{"line":113,"column":74}},{"start":{"line":113,"column":72},"end":{"line":113,"column":74}}]},"17":{"loc":{"start":{"line":117,"column":4},"end":{"line":124,"column":5}},"type":"if","locations":[{"start":{"line":117,"column":4},"end":{"line":124,"column":5}}]},"18":{"loc":{"start":{"line":119,"column":12},"end":{"line":121,"column":13}},"type":"if","locations":[{"start":{"line":119,"column":12},"end":{"line":121,"column":13}}]},"19":{"loc":{"start":{"line":132,"column":4},"end":{"line":132,"column":37}},"type":"if","locations":[{"start":{"line":132,"column":4},"end":{"line":132,"column":37}}]},"20":{"loc":{"start":{"line":143,"column":4},"end":{"line":144,"column":36}},"type":"if","locations":[{"start":{"line":143,"column":4},"end":{"line":144,"column":36}}]},"21":{"loc":{"start":{"line":153,"column":4},"end":{"line":161,"column":5}},"type":"if","locations":[{"start":{"line":153,"column":4},"end":{"line":161,"column":5}},{"start":{"line":156,"column":9},"end":{"line":161,"column":5}}]},"22":{"loc":{"start":{"line":153,"column":8},"end":{"line":153,"column":62}},"type":"binary-expr","locations":[{"start":{"line":153,"column":8},"end":{"line":153,"column":28}},{"start":{"line":153,"column":32},"end":{"line":153,"column":46}},{"start":{"line":153,"column":50},"end":{"line":153,"column":62}}]},"23":{"loc":{"start":{"line":156,"column":9},"end":{"line":161,"column":5}},"type":"if","locations":[{"start":{"line":156,"column":9},"end":{"line":161,"column":5}},{"start":{"line":159,"column":9},"end":{"line":161,"column":5}}]},"24":{"loc":{"start":{"line":156,"column":13},"end":{"line":156,"column":104}},"type":"binary-expr","locations":[{"start":{"line":156,"column":13},"end":{"line":156,"column":33}},{"start":{"line":156,"column":39},"end":{"line":156,"column":52}},{"start":{"line":156,"column":56},"end":{"line":156,"column":80}},{"start":{"line":156,"column":85},"end":{"line":156,"column":103}}]},"25":{"loc":{"start":{"line":159,"column":9},"end":{"line":161,"column":5}},"type":"if","locations":[{"start":{"line":159,"column":9},"end":{"line":161,"column":5}}]},"26":{"loc":{"start":{"line":159,"column":13},"end":{"line":159,"column":79}},"type":"binary-expr","locations":[{"start":{"line":159,"column":13},"end":{"line":159,"column":35}},{"start":{"line":159,"column":40},"end":{"line":159,"column":58}},{"start":{"line":159,"column":62},"end":{"line":159,"column":78}}]},"27":{"loc":{"start":{"line":203,"column":8},"end":{"line":204,"column":39}},"type":"if","locations":[{"start":{"line":203,"column":8},"end":{"line":204,"column":39}}]},"28":{"loc":{"start":{"line":215,"column":8},"end":{"line":216,"column":36}},"type":"if","locations":[{"start":{"line":215,"column":8},"end":{"line":216,"column":36}}]},"29":{"loc":{"start":{"line":215,"column":52},"end":{"line":215,"column":87}},"type":"cond-expr","locations":[{"start":{"line":215,"column":81},"end":{"line":215,"column":83}},{"start":{"line":215,"column":81},"end":{"line":215,"column":87}}]},"30":{"loc":{"start":{"line":215,"column":52},"end":{"line":215,"column":83}},"type":"binary-expr","locations":[{"start":{"line":215,"column":52},"end":{"line":215,"column":83}},{"start":{"line":215,"column":81},"end":{"line":215,"column":83}}]},"31":{"loc":{"start":{"line":215,"column":52},"end":{"line":215,"column":81}},"type":"cond-expr","locations":[{"start":{"line":215,"column":72},"end":{"line":215,"column":74}},{"start":{"line":215,"column":72},"end":{"line":215,"column":81}}]},"32":{"loc":{"start":{"line":215,"column":52},"end":{"line":215,"column":74}},"type":"binary-expr","locations":[{"start":{"line":215,"column":52},"end":{"line":215,"column":74}},{"start":{"line":215,"column":72},"end":{"line":215,"column":74}}]},"33":{"loc":{"start":{"line":224,"column":12},"end":{"line":227,"column":48}},"type":"if","locations":[{"start":{"line":224,"column":12},"end":{"line":227,"column":48}},{"start":{"line":226,"column":17},"end":{"line":227,"column":48}}]},"34":{"loc":{"start":{"line":224,"column":16},"end":{"line":224,"column":144}},"type":"binary-expr","locations":[{"start":{"line":224,"column":16},"end":{"line":224,"column":52}},{"start":{"line":224,"column":56},"end":{"line":224,"column":97}},{"start":{"line":224,"column":101},"end":{"line":224,"column":144}}]},"35":{"loc":{"start":{"line":226,"column":17},"end":{"line":227,"column":48}},"type":"if","locations":[{"start":{"line":226,"column":17},"end":{"line":227,"column":48}}]},"36":{"loc":{"start":{"line":241,"column":8},"end":{"line":241,"column":131}},"type":"cond-expr","locations":[{"start":{"line":241,"column":67},"end":{"line":241,"column":69}},{"start":{"line":241,"column":67},"end":{"line":241,"column":131}}]},"37":{"loc":{"start":{"line":241,"column":8},"end":{"line":241,"column":69}},"type":"binary-expr","locations":[{"start":{"line":241,"column":8},"end":{"line":241,"column":69}},{"start":{"line":241,"column":67},"end":{"line":241,"column":69}}]},"38":{"loc":{"start":{"line":265,"column":8},"end":{"line":265,"column":38}},"type":"cond-expr","locations":[{"start":{"line":265,"column":29},"end":{"line":265,"column":31}},{"start":{"line":265,"column":29},"end":{"line":265,"column":38}}]},"39":{"loc":{"start":{"line":265,"column":8},"end":{"line":265,"column":31}},"type":"binary-expr","locations":[{"start":{"line":265,"column":8},"end":{"line":265,"column":31}},{"start":{"line":265,"column":29},"end":{"line":265,"column":31}}]},"40":{"loc":{"start":{"line":276,"column":8},"end":{"line":277,"column":72}},"type":"if","locations":[{"start":{"line":276,"column":8},"end":{"line":277,"column":72}}]},"41":{"loc":{"start":{"line":278,"column":8},"end":{"line":279,"column":73}},"type":"if","locations":[{"start":{"line":278,"column":8},"end":{"line":279,"column":73}}]},"42":{"loc":{"start":{"line":280,"column":8},"end":{"line":281,"column":71}},"type":"if","locations":[{"start":{"line":280,"column":8},"end":{"line":281,"column":71}}]},"43":{"loc":{"start":{"line":282,"column":24},"end":{"line":282,"column":67}},"type":"cond-expr","locations":[{"start":{"line":282,"column":48},"end":{"line":282,"column":51}},{"start":{"line":282,"column":54},"end":{"line":282,"column":67}}]},"44":{"loc":{"start":{"line":298,"column":29},"end":{"line":298,"column":155}},"type":"cond-expr","locations":[{"start":{"line":298,"column":143},"end":{"line":298,"column":147}},{"start":{"line":298,"column":150},"end":{"line":298,"column":155}}]},"45":{"loc":{"start":{"line":299,"column":35},"end":{"line":299,"column":117}},"type":"cond-expr","locations":[{"start":{"line":299,"column":105},"end":{"line":299,"column":109}},{"start":{"line":299,"column":112},"end":{"line":299,"column":117}}]},"46":{"loc":{"start":{"line":301,"column":8},"end":{"line":302,"column":106}},"type":"if","locations":[{"start":{"line":301,"column":8},"end":{"line":302,"column":106}}]},"47":{"loc":{"start":{"line":304,"column":8},"end":{"line":305,"column":113}},"type":"if","locations":[{"start":{"line":304,"column":8},"end":{"line":305,"column":113}}]},"48":{"loc":{"start":{"line":373,"column":28},"end":{"line":373,"column":57}},"type":"cond-expr","locations":[{"start":{"line":373,"column":48},"end":{"line":373,"column":50}},{"start":{"line":373,"column":48},"end":{"line":373,"column":57}}]},"49":{"loc":{"start":{"line":373,"column":28},"end":{"line":373,"column":50}},"type":"binary-expr","locations":[{"start":{"line":373,"column":28},"end":{"line":373,"column":50}},{"start":{"line":373,"column":48},"end":{"line":373,"column":50}}]},"50":{"loc":{"start":{"line":375,"column":8},"end":{"line":375,"column":29}},"type":"if","locations":[{"start":{"line":375,"column":8},"end":{"line":375,"column":29}}]},"51":{"loc":{"start":{"line":387,"column":8},"end":{"line":396,"column":9}},"type":"if","locations":[{"start":{"line":387,"column":8},"end":{"line":396,"column":9}},{"start":{"line":392,"column":13},"end":{"line":396,"column":9}}]},"52":{"loc":{"start":{"line":424,"column":12},"end":{"line":425,"column":39}},"type":"if","locations":[{"start":{"line":424,"column":12},"end":{"line":425,"column":39}}]},"53":{"loc":{"start":{"line":465,"column":28},"end":{"line":465,"column":87}},"type":"binary-expr","locations":[{"start":{"line":465,"column":28},"end":{"line":465,"column":63}},{"start":{"line":465,"column":67},"end":{"line":465,"column":87}}]},"54":{"loc":{"start":{"line":465,"column":28},"end":{"line":465,"column":63}},"type":"cond-expr","locations":[{"start":{"line":465,"column":57},"end":{"line":465,"column":59}},{"start":{"line":465,"column":57},"end":{"line":465,"column":63}}]},"55":{"loc":{"start":{"line":465,"column":28},"end":{"line":465,"column":59}},"type":"binary-expr","locations":[{"start":{"line":465,"column":28},"end":{"line":465,"column":59}},{"start":{"line":465,"column":57},"end":{"line":465,"column":59}}]},"56":{"loc":{"start":{"line":465,"column":28},"end":{"line":465,"column":57}},"type":"cond-expr","locations":[{"start":{"line":465,"column":48},"end":{"line":465,"column":50}},{"start":{"line":465,"column":48},"end":{"line":465,"column":57}}]},"57":{"loc":{"start":{"line":465,"column":28},"end":{"line":465,"column":50}},"type":"binary-expr","locations":[{"start":{"line":465,"column":28},"end":{"line":465,"column":50}},{"start":{"line":465,"column":48},"end":{"line":465,"column":50}}]},"58":{"loc":{"start":{"line":468,"column":8},"end":{"line":469,"column":75}},"type":"if","locations":[{"start":{"line":468,"column":8},"end":{"line":469,"column":75}}]},"59":{"loc":{"start":{"line":471,"column":30},"end":{"line":471,"column":90}},"type":"binary-expr","locations":[{"start":{"line":471,"column":30},"end":{"line":471,"column":84}},{"start":{"line":471,"column":88},"end":{"line":471,"column":90}}]},"60":{"loc":{"start":{"line":474,"column":32},"end":{"line":474,"column":84}},"type":"binary-expr","locations":[{"start":{"line":474,"column":32},"end":{"line":474,"column":78}},{"start":{"line":474,"column":82},"end":{"line":474,"column":84}}]},"61":{"loc":{"start":{"line":483,"column":28},"end":{"line":483,"column":87}},"type":"binary-expr","locations":[{"start":{"line":483,"column":28},"end":{"line":483,"column":63}},{"start":{"line":483,"column":67},"end":{"line":483,"column":87}}]},"62":{"loc":{"start":{"line":483,"column":28},"end":{"line":483,"column":63}},"type":"cond-expr","locations":[{"start":{"line":483,"column":57},"end":{"line":483,"column":59}},{"start":{"line":483,"column":57},"end":{"line":483,"column":63}}]},"63":{"loc":{"start":{"line":483,"column":28},"end":{"line":483,"column":59}},"type":"binary-expr","locations":[{"start":{"line":483,"column":28},"end":{"line":483,"column":59}},{"start":{"line":483,"column":57},"end":{"line":483,"column":59}}]},"64":{"loc":{"start":{"line":483,"column":28},"end":{"line":483,"column":57}},"type":"cond-expr","locations":[{"start":{"line":483,"column":48},"end":{"line":483,"column":50}},{"start":{"line":483,"column":48},"end":{"line":483,"column":57}}]},"65":{"loc":{"start":{"line":483,"column":28},"end":{"line":483,"column":50}},"type":"binary-expr","locations":[{"start":{"line":483,"column":28},"end":{"line":483,"column":50}},{"start":{"line":483,"column":48},"end":{"line":483,"column":50}}]},"66":{"loc":{"start":{"line":484,"column":8},"end":{"line":488,"column":9}},"type":"if","locations":[{"start":{"line":484,"column":8},"end":{"line":488,"column":9}}]},"67":{"loc":{"start":{"line":490,"column":8},"end":{"line":494,"column":9}},"type":"if","locations":[{"start":{"line":490,"column":8},"end":{"line":494,"column":9}}]},"68":{"loc":{"start":{"line":507,"column":12},"end":{"line":508,"column":25}},"type":"if","locations":[{"start":{"line":507,"column":12},"end":{"line":508,"column":25}}]},"69":{"loc":{"start":{"line":525,"column":28},"end":{"line":525,"column":60}},"type":"binary-expr","locations":[{"start":{"line":525,"column":28},"end":{"line":525,"column":55}},{"start":{"line":525,"column":59},"end":{"line":525,"column":60}}]},"70":{"loc":{"start":{"line":531,"column":28},"end":{"line":531,"column":60}},"type":"binary-expr","locations":[{"start":{"line":531,"column":28},"end":{"line":531,"column":55}},{"start":{"line":531,"column":59},"end":{"line":531,"column":60}}]},"71":{"loc":{"start":{"line":532,"column":8},"end":{"line":534,"column":9}},"type":"if","locations":[{"start":{"line":532,"column":8},"end":{"line":534,"column":9}}]},"72":{"loc":{"start":{"line":532,"column":12},"end":{"line":532,"column":48}},"type":"binary-expr","locations":[{"start":{"line":532,"column":12},"end":{"line":532,"column":28}},{"start":{"line":532,"column":32},"end":{"line":532,"column":48}}]},"73":{"loc":{"start":{"line":535,"column":23},"end":{"line":535,"column":71}},"type":"cond-expr","locations":[{"start":{"line":535,"column":42},"end":{"line":535,"column":55}},{"start":{"line":535,"column":58},"end":{"line":535,"column":71}}]},"74":{"loc":{"start":{"line":538,"column":12},"end":{"line":541,"column":13}},"type":"if","locations":[{"start":{"line":538,"column":12},"end":{"line":541,"column":13}}]},"75":{"loc":{"start":{"line":542,"column":23},"end":{"line":542,"column":65}},"type":"cond-expr","locations":[{"start":{"line":542,"column":42},"end":{"line":542,"column":52}},{"start":{"line":542,"column":55},"end":{"line":542,"column":65}}]},"76":{"loc":{"start":{"line":591,"column":8},"end":{"line":591,"column":64}},"type":"if","locations":[{"start":{"line":591,"column":8},"end":{"line":591,"column":64}}]},"77":{"loc":{"start":{"line":592,"column":8},"end":{"line":592,"column":68}},"type":"if","locations":[{"start":{"line":592,"column":8},"end":{"line":592,"column":68}}]},"78":{"loc":{"start":{"line":593,"column":8},"end":{"line":593,"column":66}},"type":"if","locations":[{"start":{"line":593,"column":8},"end":{"line":593,"column":66}}]},"79":{"loc":{"start":{"line":594,"column":8},"end":{"line":598,"column":9}},"type":"if","locations":[{"start":{"line":594,"column":8},"end":{"line":598,"column":9}}]},"80":{"loc":{"start":{"line":594,"column":12},"end":{"line":596,"column":49}},"type":"binary-expr","locations":[{"start":{"line":594,"column":12},"end":{"line":594,"column":45}},{"start":{"line":595,"column":15},"end":{"line":595,"column":33}},{"start":{"line":596,"column":15},"end":{"line":596,"column":49}}]},"81":{"loc":{"start":{"line":599,"column":8},"end":{"line":601,"column":9}},"type":"if","locations":[{"start":{"line":599,"column":8},"end":{"line":601,"column":9}}]},"82":{"loc":{"start":{"line":599,"column":12},"end":{"line":599,"column":103}},"type":"binary-expr","locations":[{"start":{"line":599,"column":12},"end":{"line":599,"column":65}},{"start":{"line":599,"column":69},"end":{"line":599,"column":103}}]},"83":{"loc":{"start":{"line":614,"column":8},"end":{"line":615,"column":72}},"type":"if","locations":[{"start":{"line":614,"column":8},"end":{"line":615,"column":72}}]},"84":{"loc":{"start":{"line":622,"column":8},"end":{"line":627,"column":41}},"type":"if","locations":[{"start":{"line":622,"column":8},"end":{"line":627,"column":41}},{"start":{"line":624,"column":13},"end":{"line":627,"column":41}}]},"85":{"loc":{"start":{"line":624,"column":13},"end":{"line":627,"column":41}},"type":"if","locations":[{"start":{"line":624,"column":13},"end":{"line":627,"column":41}},{"start":{"line":626,"column":13},"end":{"line":627,"column":41}}]},"86":{"loc":{"start":{"line":626,"column":13},"end":{"line":627,"column":41}},"type":"if","locations":[{"start":{"line":626,"column":13},"end":{"line":627,"column":41}}]},"87":{"loc":{"start":{"line":628,"column":8},"end":{"line":629,"column":null}},"type":"if","locations":[{"start":{"line":628,"column":8},"end":{"line":629,"column":null}}]},"88":{"loc":{"start":{"line":643,"column":42},"end":{"line":643,"column":110}},"type":"cond-expr","locations":[{"start":{"line":643,"column":79},"end":{"line":643,"column":81}},{"start":{"line":643,"column":84},"end":{"line":643,"column":110}}]},"89":{"loc":{"start":{"line":643,"column":84},"end":{"line":643,"column":110}},"type":"binary-expr","locations":[{"start":{"line":643,"column":84},"end":{"line":643,"column":104}},{"start":{"line":643,"column":108},"end":{"line":643,"column":110}}]},"90":{"loc":{"start":{"line":644,"column":47},"end":{"line":644,"column":110}},"type":"cond-expr","locations":[{"start":{"line":644,"column":91},"end":{"line":644,"column":100}},{"start":{"line":644,"column":102},"end":{"line":644,"column":110}}]},"91":{"loc":{"start":{"line":659,"column":49},"end":{"line":659,"column":114}},"type":"cond-expr","locations":[{"start":{"line":659,"column":95},"end":{"line":659,"column":104}},{"start":{"line":659,"column":106},"end":{"line":659,"column":114}}]},"92":{"loc":{"start":{"line":666,"column":43},"end":{"line":666,"column":140}},"type":"cond-expr","locations":[{"start":{"line":666,"column":80},"end":{"line":666,"column":82}},{"start":{"line":666,"column":85},"end":{"line":666,"column":140}}]},"93":{"loc":{"start":{"line":666,"column":85},"end":{"line":666,"column":140}},"type":"cond-expr","locations":[{"start":{"line":666,"column":114},"end":{"line":666,"column":135}},{"start":{"line":666,"column":138},"end":{"line":666,"column":140}}]},"94":{"loc":{"start":{"line":667,"column":48},"end":{"line":667,"column":112}},"type":"cond-expr","locations":[{"start":{"line":667,"column":93},"end":{"line":667,"column":102}},{"start":{"line":667,"column":104},"end":{"line":667,"column":112}}]},"95":{"loc":{"start":{"line":679,"column":8},"end":{"line":682,"column":68}},"type":"if","locations":[{"start":{"line":679,"column":8},"end":{"line":682,"column":68}},{"start":{"line":682,"column":12},"end":{"line":682,"column":68}}]},"96":{"loc":{"start":{"line":679,"column":57},"end":{"line":679,"column":101}},"type":"cond-expr","locations":[{"start":{"line":679,"column":95},"end":{"line":679,"column":97}},{"start":{"line":679,"column":95},"end":{"line":679,"column":101}}]},"97":{"loc":{"start":{"line":679,"column":57},"end":{"line":679,"column":97}},"type":"binary-expr","locations":[{"start":{"line":679,"column":57},"end":{"line":679,"column":97}},{"start":{"line":679,"column":95},"end":{"line":679,"column":97}}]},"98":{"loc":{"start":{"line":679,"column":57},"end":{"line":679,"column":95}},"type":"cond-expr","locations":[{"start":{"line":679,"column":86},"end":{"line":679,"column":88}},{"start":{"line":679,"column":86},"end":{"line":679,"column":95}}]},"99":{"loc":{"start":{"line":679,"column":57},"end":{"line":679,"column":88}},"type":"binary-expr","locations":[{"start":{"line":679,"column":57},"end":{"line":679,"column":88}},{"start":{"line":679,"column":86},"end":{"line":679,"column":88}}]},"100":{"loc":{"start":{"line":690,"column":8},"end":{"line":692,"column":9}},"type":"if","locations":[{"start":{"line":690,"column":8},"end":{"line":692,"column":9}}]},"101":{"loc":{"start":{"line":700,"column":8},"end":{"line":703,"column":9}},"type":"if","locations":[{"start":{"line":700,"column":8},"end":{"line":703,"column":9}}]},"102":{"loc":{"start":{"line":704,"column":8},"end":{"line":709,"column":61}},"type":"if","locations":[{"start":{"line":704,"column":8},"end":{"line":709,"column":61}},{"start":{"line":706,"column":13},"end":{"line":709,"column":61}}]},"103":{"loc":{"start":{"line":705,"column":12},"end":{"line":705,"column":64}},"type":"cond-expr","locations":[{"start":{"line":705,"column":39},"end":{"line":705,"column":50}},{"start":{"line":705,"column":53},"end":{"line":705,"column":64}}]},"104":{"loc":{"start":{"line":706,"column":13},"end":{"line":709,"column":61}},"type":"if","locations":[{"start":{"line":706,"column":13},"end":{"line":709,"column":61}},{"start":{"line":708,"column":13},"end":{"line":709,"column":61}}]},"105":{"loc":{"start":{"line":706,"column":17},"end":{"line":706,"column":139}},"type":"binary-expr","locations":[{"start":{"line":706,"column":17},"end":{"line":706,"column":51}},{"start":{"line":706,"column":55},"end":{"line":706,"column":94}},{"start":{"line":706,"column":98},"end":{"line":706,"column":139}}]},"106":{"loc":{"start":{"line":707,"column":12},"end":{"line":707,"column":58}},"type":"cond-expr","locations":[{"start":{"line":707,"column":33},"end":{"line":707,"column":44}},{"start":{"line":707,"column":47},"end":{"line":707,"column":58}}]},"107":{"loc":{"start":{"line":708,"column":13},"end":{"line":709,"column":61}},"type":"if","locations":[{"start":{"line":708,"column":13},"end":{"line":709,"column":61}}]},"108":{"loc":{"start":{"line":709,"column":12},"end":{"line":709,"column":60}},"type":"cond-expr","locations":[{"start":{"line":709,"column":35},"end":{"line":709,"column":46}},{"start":{"line":709,"column":49},"end":{"line":709,"column":60}}]},"109":{"loc":{"start":{"line":715,"column":8},"end":{"line":718,"column":9}},"type":"if","locations":[{"start":{"line":715,"column":8},"end":{"line":718,"column":9}}]},"110":{"loc":{"start":{"line":720,"column":8},"end":{"line":729,"column":9}},"type":"if","locations":[{"start":{"line":720,"column":8},"end":{"line":729,"column":9}},{"start":{"line":726,"column":13},"end":{"line":729,"column":9}}]},"111":{"loc":{"start":{"line":720,"column":12},"end":{"line":722,"column":64}},"type":"binary-expr","locations":[{"start":{"line":720,"column":12},"end":{"line":720,"column":58}},{"start":{"line":721,"column":16},"end":{"line":721,"column":58}},{"start":{"line":722,"column":19},"end":{"line":722,"column":63}}]},"112":{"loc":{"start":{"line":720,"column":13},"end":{"line":720,"column":33}},"type":"binary-expr","locations":[{"start":{"line":720,"column":13},"end":{"line":720,"column":27}},{"start":{"line":720,"column":31},"end":{"line":720,"column":33}}]},"113":{"loc":{"start":{"line":722,"column":20},"end":{"line":722,"column":38}},"type":"binary-expr","locations":[{"start":{"line":722,"column":20},"end":{"line":722,"column":32}},{"start":{"line":722,"column":36},"end":{"line":722,"column":38}}]},"114":{"loc":{"start":{"line":736,"column":8},"end":{"line":740,"column":9}},"type":"if","locations":[{"start":{"line":736,"column":8},"end":{"line":740,"column":9}}]},"115":{"loc":{"start":{"line":736,"column":12},"end":{"line":736,"column":46}},"type":"binary-expr","locations":[{"start":{"line":736,"column":12},"end":{"line":736,"column":26}},{"start":{"line":736,"column":30},"end":{"line":736,"column":46}}]},"116":{"loc":{"start":{"line":737,"column":47},"end":{"line":737,"column":67}},"type":"binary-expr","locations":[{"start":{"line":737,"column":47},"end":{"line":737,"column":61}},{"start":{"line":737,"column":65},"end":{"line":737,"column":67}}]},"117":{"loc":{"start":{"line":738,"column":12},"end":{"line":739,"column":127}},"type":"if","locations":[{"start":{"line":738,"column":12},"end":{"line":739,"column":127}}]},"118":{"loc":{"start":{"line":738,"column":16},"end":{"line":738,"column":96}},"type":"binary-expr","locations":[{"start":{"line":738,"column":16},"end":{"line":738,"column":51}},{"start":{"line":738,"column":55},"end":{"line":738,"column":96}}]},"119":{"loc":{"start":{"line":744,"column":42},"end":{"line":744,"column":62}},"type":"binary-expr","locations":[{"start":{"line":744,"column":42},"end":{"line":744,"column":56}},{"start":{"line":744,"column":60},"end":{"line":744,"column":62}}]},"120":{"loc":{"start":{"line":745,"column":8},"end":{"line":746,"column":65}},"type":"if","locations":[{"start":{"line":745,"column":8},"end":{"line":746,"column":65}}]}},"s":{"0":1,"1":1,"2":1,"3":1,"4":1,"5":1,"6":1,"7":1,"8":1,"9":1,"10":1,"11":1,"12":1,"13":1,"14":1,"15":1,"16":1,"17":0,"18":0,"19":0,"20":1,"21":1,"22":1,"23":0,"24":0,"25":1,"26":0,"27":0,"28":1,"29":1,"30":1,"31":1,"32":1,"33":2,"34":1,"35":1,"36":1,"37":1,"38":0,"39":1,"40":1,"41":1,"42":1,"43":1,"44":1,"45":2,"46":2,"47":2,"48":1,"49":1,"50":1,"51":1,"52":0,"53":1,"54":1,"55":6,"56":1,"57":1,"58":1,"59":1,"60":1,"61":4,"62":1,"63":7,"64":1,"65":6,"66":4,"67":2,"68":2,"69":1,"70":1,"71":1,"72":2,"73":2,"74":2,"75":2,"76":2,"77":2,"78":2,"79":2,"80":2,"81":2,"82":2,"83":2,"84":2,"85":2,"86":2,"87":2,"88":2,"89":2,"90":2,"91":2,"92":0,"93":2,"94":2,"95":2,"96":2,"97":2,"98":2,"99":2,"100":2,"101":1,"102":5,"103":5,"104":79,"105":79,"106":79,"107":15,"108":64,"109":10,"110":79,"111":3,"112":3,"113":3,"114":3,"115":2,"116":0,"117":2,"118":0,"119":6,"120":6,"121":6,"122":6,"123":6,"124":6,"125":6,"126":0,"127":6,"128":10,"129":10,"130":10,"131":10,"132":10,"133":10,"134":11,"135":2,"136":0,"137":5,"138":5,"139":0,"140":5,"141":0,"142":5,"143":0,"144":5,"145":5,"146":5,"147":5,"148":2,"149":2,"150":2,"151":2,"152":2,"153":2,"154":2,"155":2,"156":7,"157":2,"158":14,"159":2,"160":2,"161":2,"162":2,"163":2,"164":2,"165":2,"166":2,"167":2,"168":2,"169":2,"170":2,"171":2,"172":2,"173":0,"174":0,"175":2,"176":0,"177":0,"178":2,"179":0,"180":2,"181":2,"182":2,"183":2,"184":2,"185":2,"186":2,"187":2,"188":2,"189":2,"190":2,"191":2,"192":2,"193":2,"194":2,"195":2,"196":2,"197":2,"198":2,"199":2,"200":2,"201":2,"202":2,"203":2,"204":2,"205":2,"206":2,"207":2,"208":4,"209":4,"210":0,"211":4,"212":4,"213":4,"214":2,"215":2,"216":2,"217":2,"218":2,"219":2,"220":4,"221":19,"222":19,"223":2,"224":2,"225":6,"226":2,"227":2,"228":2,"229":2,"230":19,"231":19,"232":19,"233":152,"234":152,"235":152,"236":92,"237":152,"238":19,"239":4,"240":4,"241":4,"242":4,"243":4,"244":3,"245":4,"246":4,"247":4,"248":4,"249":4,"250":4,"251":4,"252":4,"253":3,"254":3,"255":3,"256":3,"257":0,"258":3,"259":3,"260":3,"261":3,"262":3,"263":2,"264":2,"265":2,"266":4,"267":4,"268":1,"269":1,"270":3,"271":3,"272":0,"273":0,"274":3,"275":3,"276":1,"277":1,"278":2,"279":2,"280":30,"281":2,"282":28,"283":28,"284":28,"285":2,"286":2,"287":2,"288":2,"289":2,"290":2,"291":2,"292":1,"293":1,"294":1,"295":2,"296":2,"297":0,"298":2,"299":2,"300":2,"301":7,"302":1,"303":1,"304":6,"305":6,"306":7,"307":7,"308":1,"309":79,"310":79,"311":79,"312":79,"313":79,"314":79,"315":79,"316":79,"317":79,"318":79,"319":79,"320":79,"321":79,"322":79,"323":79,"324":79,"325":79,"326":79,"327":79,"328":79,"329":79,"330":79,"331":79,"332":79,"333":79,"334":63,"335":79,"336":10,"337":5,"338":4,"339":161,"340":161,"341":161,"342":161,"343":81,"344":81,"345":81,"346":5,"347":76,"348":5,"349":71,"350":5,"351":81,"352":10,"353":81,"354":79,"355":79,"356":79,"357":79,"358":79,"359":79,"360":79,"361":79,"362":79,"363":79,"364":79,"365":79,"366":79,"367":79,"368":79,"369":79,"370":79,"371":79,"372":79,"373":79,"374":79,"375":79,"376":79,"377":63,"378":63,"379":63,"380":63,"381":0,"382":10,"383":3,"384":7,"385":10,"386":10,"387":10,"388":0,"389":152,"390":152,"391":122,"392":152,"393":152,"394":152,"395":152,"396":152,"397":104,"398":104,"399":48,"400":12,"401":36,"402":18,"403":18,"404":18,"405":122,"406":122,"407":122,"408":82,"409":82,"410":40,"411":40,"412":30,"413":30,"414":10,"415":10,"416":10,"417":10,"418":10,"419":10,"420":10,"421":10,"422":10,"423":112,"424":112,"425":80,"426":60,"427":60,"428":132,"429":132,"430":1},"f":{"0":1,"1":1,"2":1,"3":0,"4":1,"5":6,"6":1,"7":4,"8":7,"9":1,"10":2,"11":2,"12":2,"13":5,"14":79,"15":3,"16":2,"17":0,"18":0,"19":6,"20":0,"21":10,"22":11,"23":2,"24":0,"25":5,"26":2,"27":7,"28":14,"29":2,"30":0,"31":0,"32":0,"33":2,"34":2,"35":4,"36":19,"37":2,"38":6,"39":19,"40":152,"41":4,"42":4,"43":4,"44":4,"45":3,"46":4,"47":1,"48":2,"49":7,"50":79,"51":79,"52":5,"53":4,"54":161,"55":81,"56":79,"57":79,"58":79,"59":79,"60":79,"61":63,"62":0,"63":10,"64":0,"65":152,"66":152,"67":122,"68":10,"69":112,"70":60,"71":132},"b":{"0":[1,1],"1":[1,1],"2":[0],"3":[0,0],"4":[1,0],"5":[0],"6":[1],"7":[0,1],"8":[1],"9":[1],"10":[1],"11":[1,0],"12":[0,1],"13":[1,1],"14":[1,0,0],"15":[0,1],"16":[1,1],"17":[1],"18":[2],"19":[0],"20":[1],"21":[1,6],"22":[7,5,6],"23":[4,2],"24":[6,4,3,1],"25":[2],"26":[2,2,0],"27":[0],"28":[1],"29":[0,2],"30":[2,2],"31":[0,2],"32":[2,2],"33":[15,64],"34":[79,74,69],"35":[10],"36":[2,0],"37":[2,0],"38":[0,11],"39":[11,11],"40":[0],"41":[0],"42":[0],"43":[0,5],"44":[2,0],"45":[2,0],"46":[2],"47":[2],"48":[0,4],"49":[4,4],"50":[0],"51":[2,2],"52":[92],"53":[3,0],"54":[0,3],"55":[3,3],"56":[0,3],"57":[3,3],"58":[0],"59":[3,0],"60":[3,0],"61":[4,0],"62":[0,4],"63":[4,4],"64":[0,4],"65":[4,4],"66":[1],"67":[0],"68":[2],"69":[1,0],"70":[2,1],"71":[0],"72":[2,1],"73":[2,0],"74":[1],"75":[6,0],"76":[79],"77":[79],"78":[79],"79":[63],"80":[79,71,71],"81":[10],"82":[79,79],"83":[161],"84":[5,76],"85":[5,71],"86":[5],"87":[10],"88":[10,69],"89":[69,0],"90":[79,0],"91":[79,0],"92":[10,69],"93":[0,69],"94":[79,0],"95":[3,7],"96":[0,10],"97":[10,10],"98":[0,10],"99":[10,10],"100":[122],"101":[104],"102":[12,36],"103":[6,6],"104":[18,18],"105":[36,30,24],"106":[3,15],"107":[18],"108":[9,9],"109":[82],"110":[30,10],"111":[40,30,30],"112":[40,0],"113":[30,0],"114":[10],"115":[10,10],"116":[10,0],"117":[10],"118":[10,10],"119":[112,0],"120":[80]}}
}
