{"/Users/ericl/devenv/netsuite-field-finder/src/fieldfinder.ts": {"path":"/Users/ericl/devenv/netsuite-field-finder/src/fieldfinder.ts","statementMap":{"0":{"start":{"line":18,"column":12},"end":{"line":18,"column":28}},"1":{"start":{"line":23,"column":16},"end":{"line":23,"column":18}},"2":{"start":{"line":26,"column":0},"end":{"line":26,"column":null}},"3":{"start":{"line":27,"column":4},"end":{"line":27,"column":null}},"4":{"start":{"line":28,"column":4},"end":{"line":28,"column":null}},"5":{"start":{"line":29,"column":4},"end":{"line":29,"column":null}},"6":{"start":{"line":30,"column":4},"end":{"line":30,"column":null}},"7":{"start":{"line":31,"column":4},"end":{"line":31,"column":null}},"8":{"start":{"line":34,"column":0},"end":{"line":34,"column":null}},"9":{"start":{"line":35,"column":4},"end":{"line":35,"column":null}},"10":{"start":{"line":36,"column":4},"end":{"line":36,"column":null}},"11":{"start":{"line":37,"column":4},"end":{"line":37,"column":null}},"12":{"start":{"line":38,"column":4},"end":{"line":38,"column":null}},"13":{"start":{"line":39,"column":4},"end":{"line":39,"column":null}},"14":{"start":{"line":43,"column":26},"end":{"line":52,"column":2}},"15":{"start":{"line":54,"column":39},"end":{"line":58,"column":2}},"16":{"start":{"line":61,"column":13},"end":{"line":68,"column":2}},"17":{"start":{"line":73,"column":0},"end":{"line":81,"column":1}},"18":{"start":{"line":74,"column":4},"end":{"line":80,"column":10}},"19":{"start":{"line":75,"column":8},"end":{"line":75,"column":32}},"20":{"start":{"line":77,"column":8},"end":{"line":80,"column":10}},"21":{"start":{"line":85,"column":22},"end":{"line":85,"column":39}},"22":{"start":{"line":87,"column":4},"end":{"line":93,"column":5}},"23":{"start":{"line":88,"column":32},"end":{"line":88,"column":100}},"24":{"start":{"line":89,"column":8},"end":{"line":89,"column":107}},"25":{"start":{"line":91,"column":8},"end":{"line":91,"column":87}},"26":{"start":{"line":92,"column":8},"end":{"line":92,"column":15}},"27":{"start":{"line":95,"column":4},"end":{"line":96,"column":15}},"28":{"start":{"line":96,"column":8},"end":{"line":96,"column":15}},"29":{"start":{"line":99,"column":4},"end":{"line":100,"column":94}},"30":{"start":{"line":100,"column":8},"end":{"line":100,"column":94}},"31":{"start":{"line":102,"column":4},"end":{"line":112,"column":5}},"32":{"start":{"line":103,"column":8},"end":{"line":111,"column":9}},"33":{"start":{"line":104,"column":12},"end":{"line":110,"column":13}},"34":{"start":{"line":105,"column":24},"end":{"line":105,"column":45}},"35":{"start":{"line":106,"column":16},"end":{"line":109,"column":17}},"36":{"start":{"line":107,"column":20},"end":{"line":107,"column":89}},"37":{"start":{"line":107,"column":64},"end":{"line":107,"column":85}},"38":{"start":{"line":108,"column":20},"end":{"line":108,"column":35}},"39":{"start":{"line":115,"column":4},"end":{"line":115,"column":127}},"40":{"start":{"line":116,"column":4},"end":{"line":116,"column":125}},"41":{"start":{"line":118,"column":4},"end":{"line":124,"column":5}},"42":{"start":{"line":119,"column":8},"end":{"line":123,"column":9}},"43":{"start":{"line":120,"column":12},"end":{"line":122,"column":13}},"44":{"start":{"line":121,"column":16},"end":{"line":121,"column":122}},"45":{"start":{"line":126,"column":23},"end":{"line":126,"column":40}},"46":{"start":{"line":127,"column":4},"end":{"line":127,"column":75}},"47":{"start":{"line":83,"column":0},"end":{"line":83,"column":16}},"48":{"start":{"line":133,"column":21},"end":{"line":133,"column":37}},"49":{"start":{"line":134,"column":32},"end":{"line":134,"column":75}},"50":{"start":{"line":135,"column":4},"end":{"line":135,"column":37}},"51":{"start":{"line":135,"column":30},"end":{"line":135,"column":37}},"52":{"start":{"line":136,"column":4},"end":{"line":136,"column":52}},"53":{"start":{"line":132,"column":0},"end":{"line":132,"column":16}},"54":{"start":{"line":141,"column":4},"end":{"line":141,"column":54}},"55":{"start":{"line":140,"column":0},"end":{"line":140,"column":16}},"56":{"start":{"line":146,"column":4},"end":{"line":147,"column":36}},"57":{"start":{"line":147,"column":8},"end":{"line":147,"column":36}},"58":{"start":{"line":148,"column":4},"end":{"line":148,"column":44}},"59":{"start":{"line":145,"column":0},"end":{"line":145,"column":16}},"60":{"start":{"line":152,"column":4},"end":{"line":152,"column":45}},"61":{"start":{"line":151,"column":0},"end":{"line":151,"column":16}},"62":{"start":{"line":156,"column":4},"end":{"line":164,"column":5}},"63":{"start":{"line":157,"column":8},"end":{"line":157,"column":50}},"64":{"start":{"line":159,"column":9},"end":{"line":164,"column":5}},"65":{"start":{"line":160,"column":8},"end":{"line":160,"column":52}},"66":{"start":{"line":162,"column":9},"end":{"line":164,"column":5}},"67":{"start":{"line":163,"column":8},"end":{"line":163,"column":48}},"68":{"start":{"line":155,"column":0},"end":{"line":155,"column":16}},"69":{"start":{"line":169,"column":4},"end":{"line":169,"column":61}},"70":{"start":{"line":168,"column":0},"end":{"line":168,"column":22}},"71":{"start":{"line":177,"column":4},"end":{"line":177,"column":20}},"72":{"start":{"line":178,"column":4},"end":{"line":178,"column":24}},"73":{"start":{"line":179,"column":4},"end":{"line":179,"column":24}},"74":{"start":{"line":180,"column":4},"end":{"line":184,"column":6}},"75":{"start":{"line":185,"column":4},"end":{"line":185,"column":55}},"76":{"start":{"line":186,"column":4},"end":{"line":186,"column":55}},"77":{"start":{"line":187,"column":4},"end":{"line":187,"column":43}},"78":{"start":{"line":188,"column":4},"end":{"line":188,"column":38}},"79":{"start":{"line":190,"column":4},"end":{"line":190,"column":null}},"80":{"start":{"line":191,"column":4},"end":{"line":191,"column":56}},"81":{"start":{"line":192,"column":4},"end":{"line":192,"column":52}},"82":{"start":{"line":193,"column":4},"end":{"line":193,"column":54}},"83":{"start":{"line":194,"column":4},"end":{"line":194,"column":53}},"84":{"start":{"line":195,"column":4},"end":{"line":195,"column":34}},"85":{"start":{"line":196,"column":4},"end":{"line":196,"column":28}},"86":{"start":{"line":197,"column":4},"end":{"line":197,"column":37}},"87":{"start":{"line":198,"column":4},"end":{"line":198,"column":23}},"88":{"start":{"line":201,"column":8},"end":{"line":201,"column":37}},"89":{"start":{"line":202,"column":8},"end":{"line":202,"column":33}},"90":{"start":{"line":203,"column":8},"end":{"line":203,"column":37}},"91":{"start":{"line":204,"column":8},"end":{"line":204,"column":31}},"92":{"start":{"line":205,"column":8},"end":{"line":205,"column":20}},"93":{"start":{"line":206,"column":8},"end":{"line":206,"column":20}},"94":{"start":{"line":210,"column":8},"end":{"line":211,"column":35}},"95":{"start":{"line":211,"column":12},"end":{"line":211,"column":35}},"96":{"start":{"line":212,"column":8},"end":{"line":213,"column":39}},"97":{"start":{"line":213,"column":12},"end":{"line":213,"column":39}},"98":{"start":{"line":214,"column":8},"end":{"line":214,"column":32}},"99":{"start":{"line":215,"column":8},"end":{"line":215,"column":44}},"100":{"start":{"line":216,"column":8},"end":{"line":216,"column":42}},"101":{"start":{"line":217,"column":8},"end":{"line":217,"column":38}},"102":{"start":{"line":218,"column":8},"end":{"line":218,"column":44}},"103":{"start":{"line":219,"column":8},"end":{"line":219,"column":43}},"104":{"start":{"line":220,"column":8},"end":{"line":220,"column":43}},"105":{"start":{"line":225,"column":8},"end":{"line":226,"column":36}},"106":{"start":{"line":226,"column":12},"end":{"line":226,"column":36}},"107":{"start":{"line":230,"column":8},"end":{"line":230,"column":26}},"108":{"start":{"line":231,"column":8},"end":{"line":245,"column":11}},"109":{"start":{"line":232,"column":25},"end":{"line":232,"column":66}},"110":{"start":{"line":233,"column":12},"end":{"line":233,"column":38}},"111":{"start":{"line":234,"column":12},"end":{"line":243,"column":50}},"112":{"start":{"line":235,"column":16},"end":{"line":235,"column":48}},"113":{"start":{"line":236,"column":16},"end":{"line":236,"column":44}},"114":{"start":{"line":238,"column":17},"end":{"line":243,"column":50}},"115":{"start":{"line":239,"column":16},"end":{"line":239,"column":49}},"116":{"start":{"line":240,"column":16},"end":{"line":240,"column":50}},"117":{"start":{"line":243,"column":16},"end":{"line":243,"column":50}},"118":{"start":{"line":244,"column":12},"end":{"line":244,"column":24}},"119":{"start":{"line":249,"column":8},"end":{"line":249,"column":32}},"120":{"start":{"line":250,"column":8},"end":{"line":250,"column":38}},"121":{"start":{"line":251,"column":8},"end":{"line":251,"column":100}},"122":{"start":{"line":252,"column":8},"end":{"line":252,"column":53}},"123":{"start":{"line":256,"column":8},"end":{"line":256,"column":92}},"124":{"start":{"line":256,"column":59},"end":{"line":256,"column":90}},"125":{"start":{"line":257,"column":8},"end":{"line":257,"column":132}},"126":{"start":{"line":257,"column":99},"end":{"line":257,"column":130}},"127":{"start":{"line":261,"column":30},"end":{"line":261,"column":62}},"128":{"start":{"line":262,"column":8},"end":{"line":262,"column":78}},"129":{"start":{"line":263,"column":8},"end":{"line":263,"column":49}},"130":{"start":{"line":264,"column":8},"end":{"line":264,"column":52}},"131":{"start":{"line":265,"column":8},"end":{"line":265,"column":48}},"132":{"start":{"line":266,"column":8},"end":{"line":266,"column":38}},"133":{"start":{"line":267,"column":8},"end":{"line":267,"column":92}},"134":{"start":{"line":267,"column":52},"end":{"line":267,"column":90}},"135":{"start":{"line":268,"column":8},"end":{"line":268,"column":29}},"136":{"start":{"line":272,"column":29},"end":{"line":272,"column":70}},"137":{"start":{"line":273,"column":25},"end":{"line":273,"column":34}},"138":{"start":{"line":274,"column":8},"end":{"line":274,"column":79}},"139":{"start":{"line":275,"column":8},"end":{"line":275,"column":70}},"140":{"start":{"line":276,"column":8},"end":{"line":276,"column":33}},"141":{"start":{"line":277,"column":8},"end":{"line":277,"column":30}},"142":{"start":{"line":281,"column":8},"end":{"line":281,"column":39}},"143":{"start":{"line":285,"column":8},"end":{"line":287,"column":11}},"144":{"start":{"line":286,"column":12},"end":{"line":286,"column":37}},"145":{"start":{"line":291,"column":28},"end":{"line":291,"column":31}},"146":{"start":{"line":292,"column":8},"end":{"line":293,"column":72}},"147":{"start":{"line":293,"column":12},"end":{"line":293,"column":72}},"148":{"start":{"line":294,"column":8},"end":{"line":295,"column":73}},"149":{"start":{"line":295,"column":12},"end":{"line":295,"column":73}},"150":{"start":{"line":296,"column":8},"end":{"line":297,"column":71}},"151":{"start":{"line":297,"column":12},"end":{"line":297,"column":71}},"152":{"start":{"line":298,"column":8},"end":{"line":298,"column":68}},"153":{"start":{"line":299,"column":8},"end":{"line":299,"column":76}},"154":{"start":{"line":300,"column":8},"end":{"line":300,"column":70}},"155":{"start":{"line":301,"column":8},"end":{"line":301,"column":67}},"156":{"start":{"line":305,"column":28},"end":{"line":305,"column":57}},"157":{"start":{"line":306,"column":8},"end":{"line":306,"column":57}},"158":{"start":{"line":307,"column":8},"end":{"line":307,"column":54}},"159":{"start":{"line":308,"column":8},"end":{"line":308,"column":61}},"160":{"start":{"line":309,"column":8},"end":{"line":309,"column":111}},"161":{"start":{"line":310,"column":8},"end":{"line":311,"column":109}},"162":{"start":{"line":311,"column":12},"end":{"line":311,"column":109}},"163":{"start":{"line":312,"column":8},"end":{"line":313,"column":117}},"164":{"start":{"line":313,"column":12},"end":{"line":313,"column":117}},"165":{"start":{"line":314,"column":8},"end":{"line":314,"column":57}},"166":{"start":{"line":318,"column":8},"end":{"line":318,"column":58}},"167":{"start":{"line":319,"column":8},"end":{"line":319,"column":81}},"168":{"start":{"line":320,"column":8},"end":{"line":320,"column":58}},"169":{"start":{"line":321,"column":8},"end":{"line":321,"column":72}},"170":{"start":{"line":322,"column":8},"end":{"line":322,"column":96}},"171":{"start":{"line":323,"column":8},"end":{"line":323,"column":97}},"172":{"start":{"line":324,"column":8},"end":{"line":324,"column":93}},"173":{"start":{"line":325,"column":8},"end":{"line":325,"column":65}},"174":{"start":{"line":326,"column":8},"end":{"line":329,"column":11}},"175":{"start":{"line":327,"column":12},"end":{"line":327,"column":36}},"176":{"start":{"line":328,"column":12},"end":{"line":328,"column":49}},"177":{"start":{"line":330,"column":8},"end":{"line":333,"column":11}},"178":{"start":{"line":331,"column":12},"end":{"line":331,"column":36}},"179":{"start":{"line":332,"column":12},"end":{"line":332,"column":49}},"180":{"start":{"line":334,"column":8},"end":{"line":334,"column":94}},"181":{"start":{"line":334,"column":68},"end":{"line":334,"column":92}},"182":{"start":{"line":335,"column":8},"end":{"line":335,"column":67}},"183":{"start":{"line":340,"column":8},"end":{"line":340,"column":56}},"184":{"start":{"line":341,"column":8},"end":{"line":341,"column":82}},"185":{"start":{"line":342,"column":8},"end":{"line":342,"column":88}},"186":{"start":{"line":343,"column":8},"end":{"line":343,"column":26}},"187":{"start":{"line":344,"column":8},"end":{"line":344,"column":26}},"188":{"start":{"line":345,"column":8},"end":{"line":345,"column":100}},"189":{"start":{"line":350,"column":26},"end":{"line":350,"column":55}},"190":{"start":{"line":351,"column":36},"end":{"line":351,"column":66}},"191":{"start":{"line":352,"column":29},"end":{"line":352,"column":59}},"192":{"start":{"line":353,"column":30},"end":{"line":353,"column":57}},"193":{"start":{"line":355,"column":8},"end":{"line":355,"column":49}},"194":{"start":{"line":356,"column":8},"end":{"line":356,"column":49}},"195":{"start":{"line":357,"column":8},"end":{"line":357,"column":64}},"196":{"start":{"line":358,"column":8},"end":{"line":358,"column":55}},"197":{"start":{"line":359,"column":8},"end":{"line":359,"column":51}},"198":{"start":{"line":360,"column":8},"end":{"line":360,"column":50}},"199":{"start":{"line":361,"column":8},"end":{"line":361,"column":47}},"200":{"start":{"line":362,"column":8},"end":{"line":362,"column":38}},"201":{"start":{"line":364,"column":8},"end":{"line":364,"column":148}},"202":{"start":{"line":365,"column":8},"end":{"line":365,"column":57}},"203":{"start":{"line":366,"column":8},"end":{"line":366,"column":63}},"204":{"start":{"line":367,"column":8},"end":{"line":367,"column":157}},"205":{"start":{"line":368,"column":8},"end":{"line":368,"column":109}},"206":{"start":{"line":369,"column":8},"end":{"line":369,"column":105}},"207":{"start":{"line":371,"column":8},"end":{"line":371,"column":48}},"208":{"start":{"line":372,"column":8},"end":{"line":372,"column":44}},"209":{"start":{"line":374,"column":8},"end":{"line":374,"column":65}},"210":{"start":{"line":380,"column":28},"end":{"line":380,"column":57}},"211":{"start":{"line":382,"column":8},"end":{"line":382,"column":29}},"212":{"start":{"line":382,"column":22},"end":{"line":382,"column":29}},"213":{"start":{"line":384,"column":34},"end":{"line":388,"column":10}},"214":{"start":{"line":391,"column":29},"end":{"line":391,"column":107}},"215":{"start":{"line":394,"column":8},"end":{"line":403,"column":9}},"216":{"start":{"line":395,"column":12},"end":{"line":395,"column":85}},"217":{"start":{"line":396,"column":12},"end":{"line":396,"column":37}},"218":{"start":{"line":397,"column":12},"end":{"line":397,"column":62}},"219":{"start":{"line":400,"column":12},"end":{"line":400,"column":51}},"220":{"start":{"line":401,"column":12},"end":{"line":401,"column":62}},"221":{"start":{"line":402,"column":12},"end":{"line":402,"column":32}},"222":{"start":{"line":405,"column":8},"end":{"line":405,"column":29}},"223":{"start":{"line":410,"column":31},"end":{"line":410,"column":56}},"224":{"start":{"line":411,"column":8},"end":{"line":411,"column":100}},"225":{"start":{"line":415,"column":8},"end":{"line":415,"column":41}},"226":{"start":{"line":416,"column":8},"end":{"line":416,"column":64}},"227":{"start":{"line":417,"column":8},"end":{"line":417,"column":65}},"228":{"start":{"line":418,"column":8},"end":{"line":418,"column":66}},"229":{"start":{"line":419,"column":8},"end":{"line":419,"column":50}},"230":{"start":{"line":420,"column":8},"end":{"line":420,"column":56}},"231":{"start":{"line":421,"column":8},"end":{"line":421,"column":52}},"232":{"start":{"line":422,"column":8},"end":{"line":422,"column":30}},"233":{"start":{"line":426,"column":8},"end":{"line":426,"column":33}},"234":{"start":{"line":427,"column":8},"end":{"line":427,"column":29}},"235":{"start":{"line":428,"column":8},"end":{"line":434,"column":11}},"236":{"start":{"line":429,"column":12},"end":{"line":429,"column":31}},"237":{"start":{"line":430,"column":12},"end":{"line":430,"column":31}},"238":{"start":{"line":431,"column":12},"end":{"line":432,"column":39}},"239":{"start":{"line":432,"column":16},"end":{"line":432,"column":39}},"240":{"start":{"line":433,"column":12},"end":{"line":433,"column":24}},"241":{"start":{"line":435,"column":8},"end":{"line":435,"column":43}},"242":{"start":{"line":440,"column":26},"end":{"line":440,"column":54}},"243":{"start":{"line":441,"column":8},"end":{"line":441,"column":110}},"244":{"start":{"line":441,"column":83},"end":{"line":441,"column":107}},"245":{"start":{"line":445,"column":31},"end":{"line":445,"column":55}},"246":{"start":{"line":446,"column":8},"end":{"line":448,"column":9}},"247":{"start":{"line":447,"column":12},"end":{"line":447,"column":30}},"248":{"start":{"line":449,"column":8},"end":{"line":449,"column":34}},"249":{"start":{"line":450,"column":8},"end":{"line":455,"column":9}},"250":{"start":{"line":451,"column":34},"end":{"line":451,"column":68}},"251":{"start":{"line":452,"column":35},"end":{"line":452,"column":62}},"252":{"start":{"line":453,"column":12},"end":{"line":453,"column":36}},"253":{"start":{"line":454,"column":12},"end":{"line":454,"column":54}},"254":{"start":{"line":459,"column":21},"end":{"line":466,"column":30}},"255":{"start":{"line":467,"column":8},"end":{"line":467,"column":59}},"256":{"start":{"line":471,"column":26},"end":{"line":471,"column":132}},"257":{"start":{"line":472,"column":29},"end":{"line":472,"column":55}},"258":{"start":{"line":473,"column":25},"end":{"line":473,"column":50}},"259":{"start":{"line":474,"column":25},"end":{"line":474,"column":64}},"260":{"start":{"line":475,"column":8},"end":{"line":488,"column":9}},"261":{"start":{"line":476,"column":23},"end":{"line":476,"column":38}},"262":{"start":{"line":477,"column":26},"end":{"line":477,"column":28}},"263":{"start":{"line":478,"column":28},"end":{"line":478,"column":30}},"264":{"start":{"line":479,"column":33},"end":{"line":479,"column":35}},"265":{"start":{"line":480,"column":12},"end":{"line":487,"column":13}},"266":{"start":{"line":484,"column":16},"end":{"line":484,"column":51}},"267":{"start":{"line":485,"column":16},"end":{"line":485,"column":45}},"268":{"start":{"line":486,"column":16},"end":{"line":486,"column":45}},"269":{"start":{"line":492,"column":34},"end":{"line":492,"column":106}},"270":{"start":{"line":493,"column":8},"end":{"line":493,"column":38}},"271":{"start":{"line":497,"column":28},"end":{"line":497,"column":87}},"272":{"start":{"line":498,"column":30},"end":{"line":498,"column":62}},"273":{"start":{"line":499,"column":34},"end":{"line":499,"column":116}},"274":{"start":{"line":500,"column":8},"end":{"line":505,"column":9}},"275":{"start":{"line":501,"column":12},"end":{"line":504,"column":15}},"276":{"start":{"line":503,"column":16},"end":{"line":503,"column":105}},"277":{"start":{"line":506,"column":8},"end":{"line":506,"column":80}},"278":{"start":{"line":510,"column":28},"end":{"line":510,"column":87}},"279":{"start":{"line":511,"column":20},"end":{"line":511,"column":79}},"280":{"start":{"line":512,"column":29},"end":{"line":512,"column":45}},"281":{"start":{"line":513,"column":8},"end":{"line":514,"column":75}},"282":{"start":{"line":514,"column":12},"end":{"line":514,"column":75}},"283":{"start":{"line":515,"column":25},"end":{"line":515,"column":50}},"284":{"start":{"line":516,"column":30},"end":{"line":516,"column":90}},"285":{"start":{"line":517,"column":8},"end":{"line":520,"column":10}},"286":{"start":{"line":525,"column":28},"end":{"line":525,"column":87}},"287":{"start":{"line":526,"column":8},"end":{"line":529,"column":9}},"288":{"start":{"line":527,"column":12},"end":{"line":527,"column":25}},"289":{"start":{"line":530,"column":30},"end":{"line":530,"column":71}},"290":{"start":{"line":531,"column":8},"end":{"line":533,"column":9}},"291":{"start":{"line":532,"column":12},"end":{"line":532,"column":25}},"292":{"start":{"line":534,"column":8},"end":{"line":539,"column":9}},"293":{"start":{"line":535,"column":12},"end":{"line":535,"column":77}},"294":{"start":{"line":537,"column":12},"end":{"line":537,"column":95}},"295":{"start":{"line":538,"column":12},"end":{"line":538,"column":25}},"296":{"start":{"line":542,"column":8},"end":{"line":542,"column":32}},"297":{"start":{"line":545,"column":8},"end":{"line":549,"column":9}},"298":{"start":{"line":546,"column":12},"end":{"line":547,"column":25}},"299":{"start":{"line":547,"column":16},"end":{"line":547,"column":25}},"300":{"start":{"line":548,"column":12},"end":{"line":548,"column":118}},"301":{"start":{"line":550,"column":8},"end":{"line":550,"column":66}},"302":{"start":{"line":551,"column":8},"end":{"line":551,"column":35}},"303":{"start":{"line":552,"column":8},"end":{"line":552,"column":26}},"304":{"start":{"line":553,"column":8},"end":{"line":553,"column":31}},"305":{"start":{"line":554,"column":8},"end":{"line":554,"column":86}},"306":{"start":{"line":555,"column":8},"end":{"line":555,"column":57}},"307":{"start":{"line":556,"column":8},"end":{"line":556,"column":20}},"308":{"start":{"line":560,"column":28},"end":{"line":560,"column":60}},"309":{"start":{"line":561,"column":8},"end":{"line":561,"column":49}},"310":{"start":{"line":562,"column":8},"end":{"line":562,"column":15}},"311":{"start":{"line":566,"column":28},"end":{"line":566,"column":60}},"312":{"start":{"line":567,"column":8},"end":{"line":569,"column":9}},"313":{"start":{"line":568,"column":12},"end":{"line":568,"column":19}},"314":{"start":{"line":570,"column":23},"end":{"line":570,"column":71}},"315":{"start":{"line":571,"column":25},"end":{"line":571,"column":47}},"316":{"start":{"line":572,"column":8},"end":{"line":579,"column":9}},"317":{"start":{"line":573,"column":12},"end":{"line":576,"column":13}},"318":{"start":{"line":574,"column":16},"end":{"line":574,"column":69}},"319":{"start":{"line":575,"column":16},"end":{"line":575,"column":22}},"320":{"start":{"line":577,"column":12},"end":{"line":577,"column":66}},"321":{"start":{"line":578,"column":12},"end":{"line":578,"column":48}},"322":{"start":{"line":583,"column":8},"end":{"line":583,"column":30}},"323":{"start":{"line":584,"column":8},"end":{"line":584,"column":70}},"324":{"start":{"line":172,"column":0},"end":{"line":172,"column":13}},"325":{"start":{"line":605,"column":8},"end":{"line":605,"column":65}},"326":{"start":{"line":606,"column":8},"end":{"line":606,"column":33}},"327":{"start":{"line":607,"column":8},"end":{"line":607,"column":27}},"328":{"start":{"line":608,"column":8},"end":{"line":608,"column":28}},"329":{"start":{"line":609,"column":8},"end":{"line":609,"column":61}},"330":{"start":{"line":610,"column":8},"end":{"line":610,"column":63}},"331":{"start":{"line":611,"column":8},"end":{"line":611,"column":63}},"332":{"start":{"line":612,"column":8},"end":{"line":612,"column":62}},"333":{"start":{"line":613,"column":8},"end":{"line":613,"column":63}},"334":{"start":{"line":614,"column":8},"end":{"line":614,"column":61}},"335":{"start":{"line":615,"column":8},"end":{"line":615,"column":116}},"336":{"start":{"line":616,"column":8},"end":{"line":616,"column":45}},"337":{"start":{"line":617,"column":8},"end":{"line":617,"column":35}},"338":{"start":{"line":618,"column":8},"end":{"line":618,"column":20}},"339":{"start":{"line":622,"column":8},"end":{"line":622,"column":61}},"340":{"start":{"line":623,"column":8},"end":{"line":623,"column":39}},"341":{"start":{"line":624,"column":8},"end":{"line":624,"column":35}},"342":{"start":{"line":625,"column":34},"end":{"line":625,"column":67}},"343":{"start":{"line":626,"column":8},"end":{"line":626,"column":64}},"344":{"start":{"line":626,"column":39},"end":{"line":626,"column":64}},"345":{"start":{"line":627,"column":8},"end":{"line":627,"column":68}},"346":{"start":{"line":627,"column":41},"end":{"line":627,"column":68}},"347":{"start":{"line":628,"column":8},"end":{"line":628,"column":66}},"348":{"start":{"line":628,"column":40},"end":{"line":628,"column":66}},"349":{"start":{"line":629,"column":8},"end":{"line":633,"column":9}},"350":{"start":{"line":632,"column":12},"end":{"line":632,"column":37}},"351":{"start":{"line":634,"column":8},"end":{"line":636,"column":9}},"352":{"start":{"line":635,"column":12},"end":{"line":635,"column":48}},"353":{"start":{"line":640,"column":8},"end":{"line":640,"column":69}},"354":{"start":{"line":644,"column":8},"end":{"line":644,"column":72}},"355":{"start":{"line":648,"column":23},"end":{"line":648,"column":71}},"356":{"start":{"line":649,"column":8},"end":{"line":650,"column":72}},"357":{"start":{"line":650,"column":12},"end":{"line":650,"column":72}},"358":{"start":{"line":651,"column":8},"end":{"line":651,"column":92}},"359":{"start":{"line":655,"column":22},"end":{"line":655,"column":48}},"360":{"start":{"line":656,"column":8},"end":{"line":665,"column":null}},"361":{"start":{"line":657,"column":12},"end":{"line":657,"column":43}},"362":{"start":{"line":658,"column":13},"end":{"line":665,"column":null}},"363":{"start":{"line":659,"column":12},"end":{"line":659,"column":41}},"364":{"start":{"line":660,"column":13},"end":{"line":665,"column":null}},"365":{"start":{"line":661,"column":12},"end":{"line":661,"column":36}},"366":{"start":{"line":662,"column":13},"end":{"line":665,"column":null}},"367":{"start":{"line":663,"column":12},"end":{"line":663,"column":null}},"368":{"start":{"line":665,"column":12},"end":{"line":665,"column":null}},"369":{"start":{"line":669,"column":8},"end":{"line":669,"column":99}},"370":{"start":{"line":670,"column":8},"end":{"line":670,"column":57}},"371":{"start":{"line":671,"column":8},"end":{"line":671,"column":71}},"372":{"start":{"line":672,"column":8},"end":{"line":672,"column":56}},"373":{"start":{"line":676,"column":8},"end":{"line":676,"column":55}},"374":{"start":{"line":677,"column":8},"end":{"line":677,"column":91}},"375":{"start":{"line":678,"column":8},"end":{"line":678,"column":111}},"376":{"start":{"line":679,"column":8},"end":{"line":679,"column":111}},"377":{"start":{"line":680,"column":8},"end":{"line":680,"column":54}},"378":{"start":{"line":684,"column":8},"end":{"line":684,"column":57}},"379":{"start":{"line":685,"column":8},"end":{"line":685,"column":95}},"380":{"start":{"line":686,"column":8},"end":{"line":686,"column":57}},"381":{"start":{"line":687,"column":8},"end":{"line":687,"column":56}},"382":{"start":{"line":691,"column":8},"end":{"line":691,"column":57}},"383":{"start":{"line":692,"column":8},"end":{"line":692,"column":95}},"384":{"start":{"line":693,"column":8},"end":{"line":693,"column":57}},"385":{"start":{"line":694,"column":8},"end":{"line":694,"column":115}},"386":{"start":{"line":695,"column":8},"end":{"line":695,"column":56}},"387":{"start":{"line":699,"column":8},"end":{"line":699,"column":56}},"388":{"start":{"line":700,"column":8},"end":{"line":700,"column":93}},"389":{"start":{"line":703,"column":8},"end":{"line":714,"column":9}},"390":{"start":{"line":704,"column":12},"end":{"line":704,"column":69}},"391":{"start":{"line":706,"column":13},"end":{"line":714,"column":9}},"392":{"start":{"line":707,"column":12},"end":{"line":707,"column":69}},"393":{"start":{"line":709,"column":13},"end":{"line":714,"column":9}},"394":{"start":{"line":710,"column":12},"end":{"line":710,"column":69}},"395":{"start":{"line":713,"column":12},"end":{"line":713,"column":50}},"396":{"start":{"line":716,"column":8},"end":{"line":716,"column":113}},"397":{"start":{"line":717,"column":8},"end":{"line":717,"column":55}},"398":{"start":{"line":721,"column":8},"end":{"line":721,"column":60}},"399":{"start":{"line":722,"column":8},"end":{"line":722,"column":115}},"400":{"start":{"line":723,"column":8},"end":{"line":723,"column":113}},"401":{"start":{"line":724,"column":8},"end":{"line":724,"column":117}},"402":{"start":{"line":724,"column":64},"end":{"line":724,"column":115}},"403":{"start":{"line":728,"column":8},"end":{"line":731,"column":68}},"404":{"start":{"line":729,"column":12},"end":{"line":729,"column":74}},"405":{"start":{"line":731,"column":12},"end":{"line":731,"column":68}},"406":{"start":{"line":732,"column":8},"end":{"line":732,"column":115}},"407":{"start":{"line":733,"column":8},"end":{"line":733,"column":113}},"408":{"start":{"line":734,"column":8},"end":{"line":734,"column":123}},"409":{"start":{"line":734,"column":69},"end":{"line":734,"column":121}},"410":{"start":{"line":738,"column":8},"end":{"line":738,"column":33}},"411":{"start":{"line":739,"column":8},"end":{"line":741,"column":9}},"412":{"start":{"line":740,"column":12},"end":{"line":740,"column":38}},"413":{"start":{"line":745,"column":33},"end":{"line":745,"column":75}},"414":{"start":{"line":746,"column":39},"end":{"line":746,"column":87}},"415":{"start":{"line":747,"column":35},"end":{"line":747,"column":79}},"416":{"start":{"line":748,"column":20},"end":{"line":748,"column":89}},"417":{"start":{"line":749,"column":8},"end":{"line":752,"column":9}},"418":{"start":{"line":750,"column":12},"end":{"line":750,"column":24}},"419":{"start":{"line":751,"column":12},"end":{"line":751,"column":19}},"420":{"start":{"line":753,"column":8},"end":{"line":758,"column":61}},"421":{"start":{"line":754,"column":12},"end":{"line":754,"column":65}},"422":{"start":{"line":755,"column":13},"end":{"line":758,"column":61}},"423":{"start":{"line":756,"column":12},"end":{"line":756,"column":59}},"424":{"start":{"line":757,"column":13},"end":{"line":758,"column":61}},"425":{"start":{"line":758,"column":12},"end":{"line":758,"column":61}},"426":{"start":{"line":762,"column":33},"end":{"line":762,"column":63}},"427":{"start":{"line":763,"column":27},"end":{"line":763,"column":49}},"428":{"start":{"line":764,"column":8},"end":{"line":767,"column":9}},"429":{"start":{"line":765,"column":12},"end":{"line":765,"column":41}},"430":{"start":{"line":766,"column":12},"end":{"line":766,"column":19}},"431":{"start":{"line":768,"column":28},"end":{"line":768,"column":56}},"432":{"start":{"line":769,"column":8},"end":{"line":778,"column":9}},"433":{"start":{"line":772,"column":12},"end":{"line":772,"column":24}},"434":{"start":{"line":773,"column":12},"end":{"line":773,"column":41}},"435":{"start":{"line":776,"column":12},"end":{"line":776,"column":40}},"436":{"start":{"line":777,"column":12},"end":{"line":777,"column":24}},"437":{"start":{"line":782,"column":33},"end":{"line":782,"column":63}},"438":{"start":{"line":783,"column":27},"end":{"line":783,"column":49}},"439":{"start":{"line":784,"column":28},"end":{"line":784,"column":56}},"440":{"start":{"line":785,"column":8},"end":{"line":789,"column":9}},"441":{"start":{"line":786,"column":12},"end":{"line":786,"column":127}},"442":{"start":{"line":787,"column":12},"end":{"line":788,"column":127}},"443":{"start":{"line":788,"column":16},"end":{"line":788,"column":127}},"444":{"start":{"line":793,"column":8},"end":{"line":793,"column":63}},"445":{"start":{"line":794,"column":8},"end":{"line":795,"column":65}},"446":{"start":{"line":795,"column":12},"end":{"line":795,"column":65}},"447":{"start":{"line":799,"column":8},"end":{"line":799,"column":57}},"448":{"start":{"line":800,"column":8},"end":{"line":800,"column":27}},"449":{"start":{"line":804,"column":8},"end":{"line":804,"column":58}},"450":{"start":{"line":805,"column":8},"end":{"line":805,"column":28}},"451":{"start":{"line":589,"column":0},"end":{"line":589,"column":13}}},"fnMap":{"0":{"name":"(anonymous_7)","decl":{"start":{"line":26,"column":0},"end":{"line":26,"column":5}},"loc":{"start":{"line":26,"column":25},"end":{"line":32,"column":1}}},"1":{"name":"(anonymous_8)","decl":{"start":{"line":34,"column":0},"end":{"line":34,"column":12}},"loc":{"start":{"line":34,"column":21},"end":{"line":40,"column":1}}},"2":{"name":"initializeFieldFinder","decl":{"start":{"line":83,"column":16},"end":{"line":83,"column":37}},"loc":{"start":{"line":83,"column":37},"end":{"line":129,"column":1}}},"3":{"name":"(anonymous_10)","decl":{"start":{"line":107,"column":51},"end":{"line":107,"column":64}},"loc":{"start":{"line":107,"column":51},"end":{"line":107,"column":87}}},"4":{"name":"handleFieldUpdate","decl":{"start":{"line":132,"column":16},"end":{"line":132,"column":33}},"loc":{"start":{"line":132,"column":45},"end":{"line":137,"column":1}}},"5":{"name":"handleButtonClick","decl":{"start":{"line":140,"column":16},"end":{"line":140,"column":33}},"loc":{"start":{"line":140,"column":100},"end":{"line":142,"column":1}}},"6":{"name":"handleFieldSelectorClick","decl":{"start":{"line":145,"column":16},"end":{"line":145,"column":40}},"loc":{"start":{"line":145,"column":81},"end":{"line":149,"column":1}}},"7":{"name":"handleMultiSelectClick","decl":{"start":{"line":151,"column":16},"end":{"line":151,"column":38}},"loc":{"start":{"line":151,"column":95},"end":{"line":153,"column":1}}},"8":{"name":"handleKey","decl":{"start":{"line":155,"column":16},"end":{"line":155,"column":25}},"loc":{"start":{"line":155,"column":98},"end":{"line":165,"column":1}}},"9":{"name":"handleRelatedTableClick","decl":{"start":{"line":168,"column":22},"end":{"line":168,"column":45}},"loc":{"start":{"line":168,"column":100},"end":{"line":170,"column":null}}},"10":{"name":"(anonymous_18)","decl":{"start":{"line":200,"column":4},"end":{"line":200,"column":16}},"loc":{"start":{"line":200,"column":98},"end":{"line":207,"column":5}}},"11":{"name":"(anonymous_19)","decl":{"start":{"line":209,"column":4},"end":{"line":209,"column":8}},"loc":{"start":{"line":209,"column":8},"end":{"line":222,"column":5}}},"12":{"name":"(anonymous_20)","decl":{"start":{"line":224,"column":4},"end":{"line":224,"column":32}},"loc":{"start":{"line":224,"column":32},"end":{"line":227,"column":5}}},"13":{"name":"(anonymous_21)","decl":{"start":{"line":229,"column":4},"end":{"line":229,"column":26}},"loc":{"start":{"line":229,"column":26},"end":{"line":246,"column":5}}},"14":{"name":"(anonymous_22)","decl":{"start":{"line":231,"column":43},"end":{"line":231,"column":44}},"loc":{"start":{"line":231,"column":76},"end":{"line":245,"column":9}}},"15":{"name":"(anonymous_23)","decl":{"start":{"line":248,"column":4},"end":{"line":248,"column":14}},"loc":{"start":{"line":248,"column":14},"end":{"line":253,"column":5}}},"16":{"name":"(anonymous_24)","decl":{"start":{"line":255,"column":4},"end":{"line":255,"column":30}},"loc":{"start":{"line":255,"column":30},"end":{"line":258,"column":5}}},"17":{"name":"(anonymous_25)","decl":{"start":{"line":256,"column":54},"end":{"line":256,"column":56}},"loc":{"start":{"line":256,"column":58},"end":{"line":256,"column":90}}},"18":{"name":"(anonymous_26)","decl":{"start":{"line":257,"column":94},"end":{"line":257,"column":96}},"loc":{"start":{"line":257,"column":98},"end":{"line":257,"column":130}}},"19":{"name":"(anonymous_27)","decl":{"start":{"line":260,"column":4},"end":{"line":260,"column":22}},"loc":{"start":{"line":260,"column":51},"end":{"line":269,"column":5}}},"20":{"name":"(anonymous_28)","decl":{"start":{"line":267,"column":47},"end":{"line":267,"column":49}},"loc":{"start":{"line":267,"column":51},"end":{"line":267,"column":90}}},"21":{"name":"(anonymous_29)","decl":{"start":{"line":271,"column":4},"end":{"line":271,"column":25}},"loc":{"start":{"line":271,"column":50},"end":{"line":278,"column":5}}},"22":{"name":"(anonymous_30)","decl":{"start":{"line":280,"column":4},"end":{"line":280,"column":21}},"loc":{"start":{"line":280,"column":21},"end":{"line":282,"column":5}}},"23":{"name":"(anonymous_31)","decl":{"start":{"line":284,"column":4},"end":{"line":284,"column":31}},"loc":{"start":{"line":284,"column":31},"end":{"line":288,"column":5}}},"24":{"name":"(anonymous_32)","decl":{"start":{"line":285,"column":55},"end":{"line":285,"column":56}},"loc":{"start":{"line":285,"column":76},"end":{"line":287,"column":9}}},"25":{"name":"(anonymous_33)","decl":{"start":{"line":290,"column":4},"end":{"line":290,"column":20}},"loc":{"start":{"line":290,"column":20},"end":{"line":302,"column":5}}},"26":{"name":"(anonymous_34)","decl":{"start":{"line":304,"column":4},"end":{"line":304,"column":14}},"loc":{"start":{"line":304,"column":14},"end":{"line":315,"column":5}}},"27":{"name":"(anonymous_35)","decl":{"start":{"line":317,"column":4},"end":{"line":317,"column":14}},"loc":{"start":{"line":317,"column":14},"end":{"line":336,"column":5}}},"28":{"name":"(anonymous_36)","decl":{"start":{"line":326,"column":57},"end":{"line":326,"column":58}},"loc":{"start":{"line":326,"column":66},"end":{"line":329,"column":9}}},"29":{"name":"(anonymous_37)","decl":{"start":{"line":330,"column":55},"end":{"line":330,"column":56}},"loc":{"start":{"line":330,"column":64},"end":{"line":333,"column":9}}},"30":{"name":"(anonymous_38)","decl":{"start":{"line":334,"column":58},"end":{"line":334,"column":59}},"loc":{"start":{"line":334,"column":67},"end":{"line":334,"column":92}}},"31":{"name":"(anonymous_39)","decl":{"start":{"line":339,"column":4},"end":{"line":339,"column":32}},"loc":{"start":{"line":339,"column":32},"end":{"line":346,"column":5}}},"32":{"name":"(anonymous_40)","decl":{"start":{"line":348,"column":4},"end":{"line":348,"column":31}},"loc":{"start":{"line":348,"column":31},"end":{"line":376,"column":5}}},"33":{"name":"(anonymous_41)","decl":{"start":{"line":378,"column":4},"end":{"line":378,"column":15}},"loc":{"start":{"line":378,"column":30},"end":{"line":407,"column":5}}},"34":{"name":"(anonymous_42)","decl":{"start":{"line":409,"column":4},"end":{"line":409,"column":31}},"loc":{"start":{"line":409,"column":31},"end":{"line":412,"column":5}}},"35":{"name":"(anonymous_43)","decl":{"start":{"line":414,"column":4},"end":{"line":414,"column":9}},"loc":{"start":{"line":414,"column":9},"end":{"line":423,"column":5}}},"36":{"name":"(anonymous_44)","decl":{"start":{"line":425,"column":4},"end":{"line":425,"column":18}},"loc":{"start":{"line":425,"column":18},"end":{"line":436,"column":5}}},"37":{"name":"(anonymous_45)","decl":{"start":{"line":428,"column":29},"end":{"line":428,"column":30}},"loc":{"start":{"line":428,"column":63},"end":{"line":434,"column":9}}},"38":{"name":"(anonymous_46)","decl":{"start":{"line":439,"column":4},"end":{"line":439,"column":21}},"loc":{"start":{"line":439,"column":21},"end":{"line":442,"column":5}}},"39":{"name":"(anonymous_47)","decl":{"start":{"line":441,"column":56},"end":{"line":441,"column":57}},"loc":{"start":{"line":441,"column":82},"end":{"line":441,"column":108}}},"40":{"name":"(anonymous_48)","decl":{"start":{"line":444,"column":4},"end":{"line":444,"column":29}},"loc":{"start":{"line":444,"column":29},"end":{"line":456,"column":5}}},"41":{"name":"(anonymous_49)","decl":{"start":{"line":458,"column":4},"end":{"line":458,"column":19}},"loc":{"start":{"line":458,"column":53},"end":{"line":468,"column":5}}},"42":{"name":"(anonymous_50)","decl":{"start":{"line":470,"column":10},"end":{"line":470,"column":35}},"loc":{"start":{"line":470,"column":58},"end":{"line":489,"column":null}}},"43":{"name":"(anonymous_52)","decl":{"start":{"line":491,"column":4},"end":{"line":491,"column":28}},"loc":{"start":{"line":491,"column":51},"end":{"line":494,"column":5}}},"44":{"name":"(anonymous_53)","decl":{"start":{"line":496,"column":4},"end":{"line":496,"column":25}},"loc":{"start":{"line":496,"column":48},"end":{"line":507,"column":5}}},"45":{"name":"(anonymous_54)","decl":{"start":{"line":502,"column":19},"end":{"line":502,"column":20}},"loc":{"start":{"line":502,"column":29},"end":{"line":504,"column":13}}},"46":{"name":"(anonymous_55)","decl":{"start":{"line":509,"column":10},"end":{"line":509,"column":32}},"loc":{"start":{"line":509,"column":48},"end":{"line":521,"column":null}}},"47":{"name":"(anonymous_57)","decl":{"start":{"line":523,"column":10},"end":{"line":523,"column":31}},"loc":{"start":{"line":523,"column":47},"end":{"line":557,"column":null}}},"48":{"name":"(anonymous_59)","decl":{"start":{"line":559,"column":4},"end":{"line":559,"column":23}},"loc":{"start":{"line":559,"column":23},"end":{"line":563,"column":5}}},"49":{"name":"(anonymous_60)","decl":{"start":{"line":565,"column":4},"end":{"line":565,"column":18}},"loc":{"start":{"line":565,"column":30},"end":{"line":580,"column":5}}},"50":{"name":"(anonymous_61)","decl":{"start":{"line":582,"column":4},"end":{"line":582,"column":25}},"loc":{"start":{"line":582,"column":25},"end":{"line":585,"column":5}}},"51":{"name":"(anonymous_62)","decl":{"start":{"line":604,"column":4},"end":{"line":604,"column":16}},"loc":{"start":{"line":604,"column":58},"end":{"line":619,"column":5}}},"52":{"name":"(anonymous_63)","decl":{"start":{"line":621,"column":4},"end":{"line":621,"column":23}},"loc":{"start":{"line":621,"column":23},"end":{"line":637,"column":5}}},"53":{"name":"(anonymous_64)","decl":{"start":{"line":639,"column":4},"end":{"line":639,"column":10}},"loc":{"start":{"line":639,"column":10},"end":{"line":641,"column":5}}},"54":{"name":"(anonymous_65)","decl":{"start":{"line":643,"column":4},"end":{"line":643,"column":12}},"loc":{"start":{"line":643,"column":12},"end":{"line":645,"column":5}}},"55":{"name":"(anonymous_66)","decl":{"start":{"line":647,"column":4},"end":{"line":647,"column":17}},"loc":{"start":{"line":647,"column":17},"end":{"line":652,"column":5}}},"56":{"name":"(anonymous_67)","decl":{"start":{"line":654,"column":4},"end":{"line":654,"column":16}},"loc":{"start":{"line":654,"column":16},"end":{"line":666,"column":5}}},"57":{"name":"(anonymous_68)","decl":{"start":{"line":668,"column":4},"end":{"line":668,"column":27}},"loc":{"start":{"line":668,"column":27},"end":{"line":673,"column":5}}},"58":{"name":"(anonymous_69)","decl":{"start":{"line":675,"column":4},"end":{"line":675,"column":21}},"loc":{"start":{"line":675,"column":21},"end":{"line":681,"column":5}}},"59":{"name":"(anonymous_70)","decl":{"start":{"line":683,"column":4},"end":{"line":683,"column":23}},"loc":{"start":{"line":683,"column":23},"end":{"line":688,"column":5}}},"60":{"name":"(anonymous_71)","decl":{"start":{"line":690,"column":4},"end":{"line":690,"column":23}},"loc":{"start":{"line":690,"column":23},"end":{"line":696,"column":5}}},"61":{"name":"(anonymous_72)","decl":{"start":{"line":698,"column":4},"end":{"line":698,"column":22}},"loc":{"start":{"line":698,"column":22},"end":{"line":718,"column":5}}},"62":{"name":"(anonymous_73)","decl":{"start":{"line":720,"column":4},"end":{"line":720,"column":21}},"loc":{"start":{"line":720,"column":21},"end":{"line":725,"column":5}}},"63":{"name":"(anonymous_74)","decl":{"start":{"line":724,"column":59},"end":{"line":724,"column":61}},"loc":{"start":{"line":724,"column":63},"end":{"line":724,"column":115}}},"64":{"name":"(anonymous_75)","decl":{"start":{"line":727,"column":4},"end":{"line":727,"column":32}},"loc":{"start":{"line":727,"column":32},"end":{"line":735,"column":5}}},"65":{"name":"(anonymous_76)","decl":{"start":{"line":734,"column":59},"end":{"line":734,"column":60}},"loc":{"start":{"line":734,"column":68},"end":{"line":734,"column":121}}},"66":{"name":"(anonymous_77)","decl":{"start":{"line":737,"column":4},"end":{"line":737,"column":16}},"loc":{"start":{"line":737,"column":16},"end":{"line":742,"column":5}}},"67":{"name":"(anonymous_78)","decl":{"start":{"line":744,"column":4},"end":{"line":744,"column":21}},"loc":{"start":{"line":744,"column":21},"end":{"line":759,"column":5}}},"68":{"name":"(anonymous_79)","decl":{"start":{"line":761,"column":4},"end":{"line":761,"column":22}},"loc":{"start":{"line":761,"column":22},"end":{"line":779,"column":5}}},"69":{"name":"(anonymous_80)","decl":{"start":{"line":781,"column":4},"end":{"line":781,"column":24}},"loc":{"start":{"line":781,"column":24},"end":{"line":790,"column":5}}},"70":{"name":"(anonymous_81)","decl":{"start":{"line":792,"column":4},"end":{"line":792,"column":25}},"loc":{"start":{"line":792,"column":25},"end":{"line":796,"column":5}}},"71":{"name":"(anonymous_82)","decl":{"start":{"line":798,"column":4},"end":{"line":798,"column":8}},"loc":{"start":{"line":798,"column":8},"end":{"line":801,"column":5}}},"72":{"name":"(anonymous_83)","decl":{"start":{"line":803,"column":4},"end":{"line":803,"column":8}},"loc":{"start":{"line":803,"column":8},"end":{"line":806,"column":5}}}},"branchMap":{"0":{"loc":{"start":{"line":26,"column":5},"end":{"line":26,"column":null}},"type":"binary-expr","locations":[{"start":{"line":26,"column":5},"end":{"line":26,"column":25}},{"start":{"line":26,"column":5},"end":{"line":26,"column":null}}]},"1":{"loc":{"start":{"line":34,"column":12},"end":{"line":34,"column":null}},"type":"binary-expr","locations":[{"start":{"line":34,"column":12},"end":{"line":34,"column":21}},{"start":{"line":34,"column":21},"end":{"line":34,"column":null}}]},"2":{"loc":{"start":{"line":73,"column":0},"end":{"line":81,"column":1}},"type":"if","locations":[{"start":{"line":73,"column":0},"end":{"line":81,"column":1}}]},"3":{"loc":{"start":{"line":74,"column":4},"end":{"line":80,"column":10}},"type":"if","locations":[{"start":{"line":74,"column":4},"end":{"line":80,"column":10}},{"start":{"line":77,"column":8},"end":{"line":80,"column":10}}]},"4":{"loc":{"start":{"line":89,"column":32},"end":{"line":89,"column":82}},"type":"binary-expr","locations":[{"start":{"line":89,"column":32},"end":{"line":89,"column":76}},{"start":{"line":89,"column":80},"end":{"line":89,"column":82}}]},"5":{"loc":{"start":{"line":95,"column":4},"end":{"line":96,"column":15}},"type":"if","locations":[{"start":{"line":95,"column":4},"end":{"line":96,"column":15}}]},"6":{"loc":{"start":{"line":99,"column":4},"end":{"line":100,"column":94}},"type":"if","locations":[{"start":{"line":99,"column":4},"end":{"line":100,"column":94}}]},"7":{"loc":{"start":{"line":100,"column":42},"end":{"line":100,"column":93}},"type":"cond-expr","locations":[{"start":{"line":100,"column":81},"end":{"line":100,"column":86}},{"start":{"line":100,"column":89},"end":{"line":100,"column":93}}]},"8":{"loc":{"start":{"line":102,"column":4},"end":{"line":112,"column":5}},"type":"if","locations":[{"start":{"line":102,"column":4},"end":{"line":112,"column":5}}]},"9":{"loc":{"start":{"line":104,"column":12},"end":{"line":110,"column":13}},"type":"if","locations":[{"start":{"line":104,"column":12},"end":{"line":110,"column":13}}]},"10":{"loc":{"start":{"line":106,"column":16},"end":{"line":109,"column":17}},"type":"if","locations":[{"start":{"line":106,"column":16},"end":{"line":109,"column":17}}]},"11":{"loc":{"start":{"line":115,"column":19},"end":{"line":115,"column":126}},"type":"binary-expr","locations":[{"start":{"line":115,"column":19},"end":{"line":115,"column":85}},{"start":{"line":115,"column":89},"end":{"line":115,"column":126}}]},"12":{"loc":{"start":{"line":115,"column":19},"end":{"line":115,"column":85}},"type":"cond-expr","locations":[{"start":{"line":115,"column":78},"end":{"line":115,"column":80}},{"start":{"line":115,"column":78},"end":{"line":115,"column":85}}]},"13":{"loc":{"start":{"line":115,"column":19},"end":{"line":115,"column":80}},"type":"binary-expr","locations":[{"start":{"line":115,"column":19},"end":{"line":115,"column":80}},{"start":{"line":115,"column":78},"end":{"line":115,"column":80}}]},"14":{"loc":{"start":{"line":116,"column":16},"end":{"line":116,"column":124}},"type":"binary-expr","locations":[{"start":{"line":116,"column":16},"end":{"line":116,"column":79}},{"start":{"line":116,"column":84},"end":{"line":116,"column":118}},{"start":{"line":116,"column":122},"end":{"line":116,"column":124}}]},"15":{"loc":{"start":{"line":116,"column":16},"end":{"line":116,"column":79}},"type":"cond-expr","locations":[{"start":{"line":116,"column":72},"end":{"line":116,"column":74}},{"start":{"line":116,"column":72},"end":{"line":116,"column":79}}]},"16":{"loc":{"start":{"line":116,"column":16},"end":{"line":116,"column":74}},"type":"binary-expr","locations":[{"start":{"line":116,"column":16},"end":{"line":116,"column":74}},{"start":{"line":116,"column":72},"end":{"line":116,"column":74}}]},"17":{"loc":{"start":{"line":118,"column":4},"end":{"line":124,"column":5}},"type":"if","locations":[{"start":{"line":118,"column":4},"end":{"line":124,"column":5}}]},"18":{"loc":{"start":{"line":120,"column":12},"end":{"line":122,"column":13}},"type":"if","locations":[{"start":{"line":120,"column":12},"end":{"line":122,"column":13}}]},"19":{"loc":{"start":{"line":135,"column":4},"end":{"line":135,"column":37}},"type":"if","locations":[{"start":{"line":135,"column":4},"end":{"line":135,"column":37}}]},"20":{"loc":{"start":{"line":146,"column":4},"end":{"line":147,"column":36}},"type":"if","locations":[{"start":{"line":146,"column":4},"end":{"line":147,"column":36}}]},"21":{"loc":{"start":{"line":156,"column":4},"end":{"line":164,"column":5}},"type":"if","locations":[{"start":{"line":156,"column":4},"end":{"line":164,"column":5}},{"start":{"line":159,"column":9},"end":{"line":164,"column":5}}]},"22":{"loc":{"start":{"line":156,"column":8},"end":{"line":156,"column":62}},"type":"binary-expr","locations":[{"start":{"line":156,"column":8},"end":{"line":156,"column":28}},{"start":{"line":156,"column":32},"end":{"line":156,"column":46}},{"start":{"line":156,"column":50},"end":{"line":156,"column":62}}]},"23":{"loc":{"start":{"line":159,"column":9},"end":{"line":164,"column":5}},"type":"if","locations":[{"start":{"line":159,"column":9},"end":{"line":164,"column":5}},{"start":{"line":162,"column":9},"end":{"line":164,"column":5}}]},"24":{"loc":{"start":{"line":159,"column":13},"end":{"line":159,"column":104}},"type":"binary-expr","locations":[{"start":{"line":159,"column":13},"end":{"line":159,"column":33}},{"start":{"line":159,"column":39},"end":{"line":159,"column":52}},{"start":{"line":159,"column":56},"end":{"line":159,"column":80}},{"start":{"line":159,"column":85},"end":{"line":159,"column":103}}]},"25":{"loc":{"start":{"line":162,"column":9},"end":{"line":164,"column":5}},"type":"if","locations":[{"start":{"line":162,"column":9},"end":{"line":164,"column":5}}]},"26":{"loc":{"start":{"line":162,"column":13},"end":{"line":162,"column":79}},"type":"binary-expr","locations":[{"start":{"line":162,"column":13},"end":{"line":162,"column":35}},{"start":{"line":162,"column":40},"end":{"line":162,"column":58}},{"start":{"line":162,"column":62},"end":{"line":162,"column":78}}]},"27":{"loc":{"start":{"line":210,"column":8},"end":{"line":211,"column":35}},"type":"if","locations":[{"start":{"line":210,"column":8},"end":{"line":211,"column":35}}]},"28":{"loc":{"start":{"line":210,"column":52},"end":{"line":210,"column":87}},"type":"cond-expr","locations":[{"start":{"line":210,"column":81},"end":{"line":210,"column":83}},{"start":{"line":210,"column":81},"end":{"line":210,"column":87}}]},"29":{"loc":{"start":{"line":210,"column":52},"end":{"line":210,"column":83}},"type":"binary-expr","locations":[{"start":{"line":210,"column":52},"end":{"line":210,"column":83}},{"start":{"line":210,"column":81},"end":{"line":210,"column":83}}]},"30":{"loc":{"start":{"line":210,"column":52},"end":{"line":210,"column":81}},"type":"cond-expr","locations":[{"start":{"line":210,"column":72},"end":{"line":210,"column":74}},{"start":{"line":210,"column":72},"end":{"line":210,"column":81}}]},"31":{"loc":{"start":{"line":210,"column":52},"end":{"line":210,"column":74}},"type":"binary-expr","locations":[{"start":{"line":210,"column":52},"end":{"line":210,"column":74}},{"start":{"line":210,"column":72},"end":{"line":210,"column":74}}]},"32":{"loc":{"start":{"line":212,"column":8},"end":{"line":213,"column":39}},"type":"if","locations":[{"start":{"line":212,"column":8},"end":{"line":213,"column":39}}]},"33":{"loc":{"start":{"line":225,"column":8},"end":{"line":226,"column":36}},"type":"if","locations":[{"start":{"line":225,"column":8},"end":{"line":226,"column":36}}]},"34":{"loc":{"start":{"line":234,"column":12},"end":{"line":243,"column":50}},"type":"if","locations":[{"start":{"line":234,"column":12},"end":{"line":243,"column":50}},{"start":{"line":238,"column":17},"end":{"line":243,"column":50}}]},"35":{"loc":{"start":{"line":234,"column":16},"end":{"line":234,"column":144}},"type":"binary-expr","locations":[{"start":{"line":234,"column":16},"end":{"line":234,"column":52}},{"start":{"line":234,"column":56},"end":{"line":234,"column":97}},{"start":{"line":234,"column":101},"end":{"line":234,"column":144}}]},"36":{"loc":{"start":{"line":238,"column":17},"end":{"line":243,"column":50}},"type":"if","locations":[{"start":{"line":238,"column":17},"end":{"line":243,"column":50}},{"start":{"line":243,"column":16},"end":{"line":243,"column":50}}]},"37":{"loc":{"start":{"line":257,"column":8},"end":{"line":257,"column":131}},"type":"cond-expr","locations":[{"start":{"line":257,"column":67},"end":{"line":257,"column":69}},{"start":{"line":257,"column":67},"end":{"line":257,"column":131}}]},"38":{"loc":{"start":{"line":257,"column":8},"end":{"line":257,"column":69}},"type":"binary-expr","locations":[{"start":{"line":257,"column":8},"end":{"line":257,"column":69}},{"start":{"line":257,"column":67},"end":{"line":257,"column":69}}]},"39":{"loc":{"start":{"line":281,"column":8},"end":{"line":281,"column":38}},"type":"cond-expr","locations":[{"start":{"line":281,"column":29},"end":{"line":281,"column":31}},{"start":{"line":281,"column":29},"end":{"line":281,"column":38}}]},"40":{"loc":{"start":{"line":281,"column":8},"end":{"line":281,"column":31}},"type":"binary-expr","locations":[{"start":{"line":281,"column":8},"end":{"line":281,"column":31}},{"start":{"line":281,"column":29},"end":{"line":281,"column":31}}]},"41":{"loc":{"start":{"line":292,"column":8},"end":{"line":293,"column":72}},"type":"if","locations":[{"start":{"line":292,"column":8},"end":{"line":293,"column":72}}]},"42":{"loc":{"start":{"line":294,"column":8},"end":{"line":295,"column":73}},"type":"if","locations":[{"start":{"line":294,"column":8},"end":{"line":295,"column":73}}]},"43":{"loc":{"start":{"line":296,"column":8},"end":{"line":297,"column":71}},"type":"if","locations":[{"start":{"line":296,"column":8},"end":{"line":297,"column":71}}]},"44":{"loc":{"start":{"line":298,"column":24},"end":{"line":298,"column":67}},"type":"cond-expr","locations":[{"start":{"line":298,"column":48},"end":{"line":298,"column":51}},{"start":{"line":298,"column":54},"end":{"line":298,"column":67}}]},"45":{"loc":{"start":{"line":310,"column":8},"end":{"line":311,"column":109}},"type":"if","locations":[{"start":{"line":310,"column":8},"end":{"line":311,"column":109}}]},"46":{"loc":{"start":{"line":312,"column":8},"end":{"line":313,"column":117}},"type":"if","locations":[{"start":{"line":312,"column":8},"end":{"line":313,"column":117}}]},"47":{"loc":{"start":{"line":380,"column":28},"end":{"line":380,"column":57}},"type":"cond-expr","locations":[{"start":{"line":380,"column":48},"end":{"line":380,"column":50}},{"start":{"line":380,"column":48},"end":{"line":380,"column":57}}]},"48":{"loc":{"start":{"line":380,"column":28},"end":{"line":380,"column":50}},"type":"binary-expr","locations":[{"start":{"line":380,"column":28},"end":{"line":380,"column":50}},{"start":{"line":380,"column":48},"end":{"line":380,"column":50}}]},"49":{"loc":{"start":{"line":382,"column":8},"end":{"line":382,"column":29}},"type":"if","locations":[{"start":{"line":382,"column":8},"end":{"line":382,"column":29}}]},"50":{"loc":{"start":{"line":394,"column":8},"end":{"line":403,"column":9}},"type":"if","locations":[{"start":{"line":394,"column":8},"end":{"line":403,"column":9}},{"start":{"line":399,"column":13},"end":{"line":403,"column":9}}]},"51":{"loc":{"start":{"line":416,"column":8},"end":{"line":416,"column":63}},"type":"cond-expr","locations":[{"start":{"line":416,"column":27},"end":{"line":416,"column":29}},{"start":{"line":416,"column":27},"end":{"line":416,"column":63}}]},"52":{"loc":{"start":{"line":416,"column":8},"end":{"line":416,"column":29}},"type":"binary-expr","locations":[{"start":{"line":416,"column":8},"end":{"line":416,"column":29}},{"start":{"line":416,"column":27},"end":{"line":416,"column":29}}]},"53":{"loc":{"start":{"line":417,"column":8},"end":{"line":417,"column":64}},"type":"cond-expr","locations":[{"start":{"line":417,"column":28},"end":{"line":417,"column":30}},{"start":{"line":417,"column":28},"end":{"line":417,"column":64}}]},"54":{"loc":{"start":{"line":417,"column":8},"end":{"line":417,"column":30}},"type":"binary-expr","locations":[{"start":{"line":417,"column":8},"end":{"line":417,"column":30}},{"start":{"line":417,"column":28},"end":{"line":417,"column":30}}]},"55":{"loc":{"start":{"line":418,"column":8},"end":{"line":418,"column":65}},"type":"cond-expr","locations":[{"start":{"line":418,"column":29},"end":{"line":418,"column":31}},{"start":{"line":418,"column":29},"end":{"line":418,"column":65}}]},"56":{"loc":{"start":{"line":418,"column":8},"end":{"line":418,"column":31}},"type":"binary-expr","locations":[{"start":{"line":418,"column":8},"end":{"line":418,"column":31}},{"start":{"line":418,"column":29},"end":{"line":418,"column":31}}]},"57":{"loc":{"start":{"line":431,"column":12},"end":{"line":432,"column":39}},"type":"if","locations":[{"start":{"line":431,"column":12},"end":{"line":432,"column":39}}]},"58":{"loc":{"start":{"line":480,"column":12},"end":{"line":487,"column":13}},"type":"if","locations":[{"start":{"line":480,"column":12},"end":{"line":487,"column":13}}]},"59":{"loc":{"start":{"line":480,"column":16},"end":{"line":483,"column":46}},"type":"binary-expr","locations":[{"start":{"line":480,"column":16},"end":{"line":480,"column":20}},{"start":{"line":480,"column":24},"end":{"line":480,"column":59}},{"start":{"line":481,"column":19},"end":{"line":481,"column":55}},{"start":{"line":482,"column":19},"end":{"line":482,"column":55}},{"start":{"line":483,"column":19},"end":{"line":483,"column":46}}]},"60":{"loc":{"start":{"line":482,"column":19},"end":{"line":482,"column":42}},"type":"cond-expr","locations":[{"start":{"line":482,"column":36},"end":{"line":482,"column":38}},{"start":{"line":482,"column":36},"end":{"line":482,"column":42}}]},"61":{"loc":{"start":{"line":482,"column":19},"end":{"line":482,"column":38}},"type":"binary-expr","locations":[{"start":{"line":482,"column":19},"end":{"line":482,"column":38}},{"start":{"line":482,"column":36},"end":{"line":482,"column":38}}]},"62":{"loc":{"start":{"line":482,"column":19},"end":{"line":482,"column":36}},"type":"cond-expr","locations":[{"start":{"line":482,"column":28},"end":{"line":482,"column":30}},{"start":{"line":482,"column":28},"end":{"line":482,"column":36}}]},"63":{"loc":{"start":{"line":482,"column":19},"end":{"line":482,"column":30}},"type":"binary-expr","locations":[{"start":{"line":482,"column":19},"end":{"line":482,"column":30}},{"start":{"line":482,"column":28},"end":{"line":482,"column":30}}]},"64":{"loc":{"start":{"line":483,"column":19},"end":{"line":483,"column":35}},"type":"cond-expr","locations":[{"start":{"line":483,"column":29},"end":{"line":483,"column":31}},{"start":{"line":483,"column":29},"end":{"line":483,"column":35}}]},"65":{"loc":{"start":{"line":483,"column":19},"end":{"line":483,"column":31}},"type":"binary-expr","locations":[{"start":{"line":483,"column":19},"end":{"line":483,"column":31}},{"start":{"line":483,"column":29},"end":{"line":483,"column":31}}]},"66":{"loc":{"start":{"line":497,"column":28},"end":{"line":497,"column":87}},"type":"binary-expr","locations":[{"start":{"line":497,"column":28},"end":{"line":497,"column":63}},{"start":{"line":497,"column":67},"end":{"line":497,"column":87}}]},"67":{"loc":{"start":{"line":497,"column":28},"end":{"line":497,"column":63}},"type":"cond-expr","locations":[{"start":{"line":497,"column":57},"end":{"line":497,"column":59}},{"start":{"line":497,"column":57},"end":{"line":497,"column":63}}]},"68":{"loc":{"start":{"line":497,"column":28},"end":{"line":497,"column":59}},"type":"binary-expr","locations":[{"start":{"line":497,"column":28},"end":{"line":497,"column":59}},{"start":{"line":497,"column":57},"end":{"line":497,"column":59}}]},"69":{"loc":{"start":{"line":497,"column":28},"end":{"line":497,"column":57}},"type":"cond-expr","locations":[{"start":{"line":497,"column":48},"end":{"line":497,"column":50}},{"start":{"line":497,"column":48},"end":{"line":497,"column":57}}]},"70":{"loc":{"start":{"line":497,"column":28},"end":{"line":497,"column":50}},"type":"binary-expr","locations":[{"start":{"line":497,"column":28},"end":{"line":497,"column":50}},{"start":{"line":497,"column":48},"end":{"line":497,"column":50}}]},"71":{"loc":{"start":{"line":500,"column":8},"end":{"line":505,"column":9}},"type":"if","locations":[{"start":{"line":500,"column":8},"end":{"line":505,"column":9}}]},"72":{"loc":{"start":{"line":506,"column":26},"end":{"line":506,"column":78}},"type":"binary-expr","locations":[{"start":{"line":506,"column":26},"end":{"line":506,"column":72}},{"start":{"line":506,"column":76},"end":{"line":506,"column":78}}]},"73":{"loc":{"start":{"line":510,"column":28},"end":{"line":510,"column":87}},"type":"binary-expr","locations":[{"start":{"line":510,"column":28},"end":{"line":510,"column":63}},{"start":{"line":510,"column":67},"end":{"line":510,"column":87}}]},"74":{"loc":{"start":{"line":510,"column":28},"end":{"line":510,"column":63}},"type":"cond-expr","locations":[{"start":{"line":510,"column":57},"end":{"line":510,"column":59}},{"start":{"line":510,"column":57},"end":{"line":510,"column":63}}]},"75":{"loc":{"start":{"line":510,"column":28},"end":{"line":510,"column":59}},"type":"binary-expr","locations":[{"start":{"line":510,"column":28},"end":{"line":510,"column":59}},{"start":{"line":510,"column":57},"end":{"line":510,"column":59}}]},"76":{"loc":{"start":{"line":510,"column":28},"end":{"line":510,"column":57}},"type":"cond-expr","locations":[{"start":{"line":510,"column":48},"end":{"line":510,"column":50}},{"start":{"line":510,"column":48},"end":{"line":510,"column":57}}]},"77":{"loc":{"start":{"line":510,"column":28},"end":{"line":510,"column":50}},"type":"binary-expr","locations":[{"start":{"line":510,"column":28},"end":{"line":510,"column":50}},{"start":{"line":510,"column":48},"end":{"line":510,"column":50}}]},"78":{"loc":{"start":{"line":513,"column":8},"end":{"line":514,"column":75}},"type":"if","locations":[{"start":{"line":513,"column":8},"end":{"line":514,"column":75}}]},"79":{"loc":{"start":{"line":516,"column":30},"end":{"line":516,"column":90}},"type":"binary-expr","locations":[{"start":{"line":516,"column":30},"end":{"line":516,"column":84}},{"start":{"line":516,"column":88},"end":{"line":516,"column":90}}]},"80":{"loc":{"start":{"line":525,"column":28},"end":{"line":525,"column":87}},"type":"binary-expr","locations":[{"start":{"line":525,"column":28},"end":{"line":525,"column":63}},{"start":{"line":525,"column":67},"end":{"line":525,"column":87}}]},"81":{"loc":{"start":{"line":525,"column":28},"end":{"line":525,"column":63}},"type":"cond-expr","locations":[{"start":{"line":525,"column":57},"end":{"line":525,"column":59}},{"start":{"line":525,"column":57},"end":{"line":525,"column":63}}]},"82":{"loc":{"start":{"line":525,"column":28},"end":{"line":525,"column":59}},"type":"binary-expr","locations":[{"start":{"line":525,"column":28},"end":{"line":525,"column":59}},{"start":{"line":525,"column":57},"end":{"line":525,"column":59}}]},"83":{"loc":{"start":{"line":525,"column":28},"end":{"line":525,"column":57}},"type":"cond-expr","locations":[{"start":{"line":525,"column":48},"end":{"line":525,"column":50}},{"start":{"line":525,"column":48},"end":{"line":525,"column":57}}]},"84":{"loc":{"start":{"line":525,"column":28},"end":{"line":525,"column":50}},"type":"binary-expr","locations":[{"start":{"line":525,"column":28},"end":{"line":525,"column":50}},{"start":{"line":525,"column":48},"end":{"line":525,"column":50}}]},"85":{"loc":{"start":{"line":526,"column":8},"end":{"line":529,"column":9}},"type":"if","locations":[{"start":{"line":526,"column":8},"end":{"line":529,"column":9}}]},"86":{"loc":{"start":{"line":531,"column":8},"end":{"line":533,"column":9}},"type":"if","locations":[{"start":{"line":531,"column":8},"end":{"line":533,"column":9}}]},"87":{"loc":{"start":{"line":546,"column":12},"end":{"line":547,"column":25}},"type":"if","locations":[{"start":{"line":546,"column":12},"end":{"line":547,"column":25}}]},"88":{"loc":{"start":{"line":560,"column":28},"end":{"line":560,"column":60}},"type":"binary-expr","locations":[{"start":{"line":560,"column":28},"end":{"line":560,"column":55}},{"start":{"line":560,"column":59},"end":{"line":560,"column":60}}]},"89":{"loc":{"start":{"line":566,"column":28},"end":{"line":566,"column":60}},"type":"binary-expr","locations":[{"start":{"line":566,"column":28},"end":{"line":566,"column":55}},{"start":{"line":566,"column":59},"end":{"line":566,"column":60}}]},"90":{"loc":{"start":{"line":567,"column":8},"end":{"line":569,"column":9}},"type":"if","locations":[{"start":{"line":567,"column":8},"end":{"line":569,"column":9}}]},"91":{"loc":{"start":{"line":567,"column":12},"end":{"line":567,"column":48}},"type":"binary-expr","locations":[{"start":{"line":567,"column":12},"end":{"line":567,"column":28}},{"start":{"line":567,"column":32},"end":{"line":567,"column":48}}]},"92":{"loc":{"start":{"line":570,"column":23},"end":{"line":570,"column":71}},"type":"cond-expr","locations":[{"start":{"line":570,"column":42},"end":{"line":570,"column":55}},{"start":{"line":570,"column":58},"end":{"line":570,"column":71}}]},"93":{"loc":{"start":{"line":573,"column":12},"end":{"line":576,"column":13}},"type":"if","locations":[{"start":{"line":573,"column":12},"end":{"line":576,"column":13}}]},"94":{"loc":{"start":{"line":577,"column":23},"end":{"line":577,"column":65}},"type":"cond-expr","locations":[{"start":{"line":577,"column":42},"end":{"line":577,"column":52}},{"start":{"line":577,"column":55},"end":{"line":577,"column":65}}]},"95":{"loc":{"start":{"line":626,"column":8},"end":{"line":626,"column":64}},"type":"if","locations":[{"start":{"line":626,"column":8},"end":{"line":626,"column":64}}]},"96":{"loc":{"start":{"line":627,"column":8},"end":{"line":627,"column":68}},"type":"if","locations":[{"start":{"line":627,"column":8},"end":{"line":627,"column":68}}]},"97":{"loc":{"start":{"line":628,"column":8},"end":{"line":628,"column":66}},"type":"if","locations":[{"start":{"line":628,"column":8},"end":{"line":628,"column":66}}]},"98":{"loc":{"start":{"line":629,"column":8},"end":{"line":633,"column":9}},"type":"if","locations":[{"start":{"line":629,"column":8},"end":{"line":633,"column":9}}]},"99":{"loc":{"start":{"line":629,"column":12},"end":{"line":631,"column":49}},"type":"binary-expr","locations":[{"start":{"line":629,"column":12},"end":{"line":629,"column":45}},{"start":{"line":630,"column":15},"end":{"line":630,"column":33}},{"start":{"line":631,"column":15},"end":{"line":631,"column":49}}]},"100":{"loc":{"start":{"line":634,"column":8},"end":{"line":636,"column":9}},"type":"if","locations":[{"start":{"line":634,"column":8},"end":{"line":636,"column":9}}]},"101":{"loc":{"start":{"line":634,"column":12},"end":{"line":634,"column":103}},"type":"binary-expr","locations":[{"start":{"line":634,"column":12},"end":{"line":634,"column":65}},{"start":{"line":634,"column":69},"end":{"line":634,"column":103}}]},"102":{"loc":{"start":{"line":649,"column":8},"end":{"line":650,"column":72}},"type":"if","locations":[{"start":{"line":649,"column":8},"end":{"line":650,"column":72}}]},"103":{"loc":{"start":{"line":656,"column":8},"end":{"line":665,"column":null}},"type":"if","locations":[{"start":{"line":656,"column":8},"end":{"line":665,"column":null}},{"start":{"line":658,"column":13},"end":{"line":665,"column":null}}]},"104":{"loc":{"start":{"line":658,"column":13},"end":{"line":665,"column":null}},"type":"if","locations":[{"start":{"line":658,"column":13},"end":{"line":665,"column":null}},{"start":{"line":660,"column":13},"end":{"line":665,"column":null}}]},"105":{"loc":{"start":{"line":660,"column":13},"end":{"line":665,"column":null}},"type":"if","locations":[{"start":{"line":660,"column":13},"end":{"line":665,"column":null}},{"start":{"line":662,"column":13},"end":{"line":665,"column":null}}]},"106":{"loc":{"start":{"line":662,"column":13},"end":{"line":665,"column":null}},"type":"if","locations":[{"start":{"line":662,"column":13},"end":{"line":665,"column":null}},{"start":{"line":665,"column":12},"end":{"line":665,"column":null}}]},"107":{"loc":{"start":{"line":678,"column":42},"end":{"line":678,"column":110}},"type":"cond-expr","locations":[{"start":{"line":678,"column":79},"end":{"line":678,"column":81}},{"start":{"line":678,"column":84},"end":{"line":678,"column":110}}]},"108":{"loc":{"start":{"line":678,"column":84},"end":{"line":678,"column":110}},"type":"binary-expr","locations":[{"start":{"line":678,"column":84},"end":{"line":678,"column":104}},{"start":{"line":678,"column":108},"end":{"line":678,"column":110}}]},"109":{"loc":{"start":{"line":679,"column":47},"end":{"line":679,"column":110}},"type":"cond-expr","locations":[{"start":{"line":679,"column":91},"end":{"line":679,"column":100}},{"start":{"line":679,"column":102},"end":{"line":679,"column":110}}]},"110":{"loc":{"start":{"line":694,"column":49},"end":{"line":694,"column":114}},"type":"cond-expr","locations":[{"start":{"line":694,"column":95},"end":{"line":694,"column":104}},{"start":{"line":694,"column":106},"end":{"line":694,"column":114}}]},"111":{"loc":{"start":{"line":703,"column":8},"end":{"line":714,"column":9}},"type":"if","locations":[{"start":{"line":703,"column":8},"end":{"line":714,"column":9}},{"start":{"line":706,"column":13},"end":{"line":714,"column":9}}]},"112":{"loc":{"start":{"line":703,"column":12},"end":{"line":703,"column":85}},"type":"binary-expr","locations":[{"start":{"line":703,"column":12},"end":{"line":703,"column":55}},{"start":{"line":703,"column":59},"end":{"line":703,"column":85}}]},"113":{"loc":{"start":{"line":706,"column":13},"end":{"line":714,"column":9}},"type":"if","locations":[{"start":{"line":706,"column":13},"end":{"line":714,"column":9}},{"start":{"line":709,"column":13},"end":{"line":714,"column":9}}]},"114":{"loc":{"start":{"line":706,"column":17},"end":{"line":706,"column":94}},"type":"binary-expr","locations":[{"start":{"line":706,"column":17},"end":{"line":706,"column":64}},{"start":{"line":706,"column":68},"end":{"line":706,"column":94}}]},"115":{"loc":{"start":{"line":709,"column":13},"end":{"line":714,"column":9}},"type":"if","locations":[{"start":{"line":709,"column":13},"end":{"line":714,"column":9}},{"start":{"line":712,"column":13},"end":{"line":714,"column":9}}]},"116":{"loc":{"start":{"line":709,"column":17},"end":{"line":709,"column":89}},"type":"binary-expr","locations":[{"start":{"line":709,"column":17},"end":{"line":709,"column":59}},{"start":{"line":709,"column":63},"end":{"line":709,"column":89}}]},"117":{"loc":{"start":{"line":716,"column":48},"end":{"line":716,"column":112}},"type":"cond-expr","locations":[{"start":{"line":716,"column":93},"end":{"line":716,"column":102}},{"start":{"line":716,"column":104},"end":{"line":716,"column":112}}]},"118":{"loc":{"start":{"line":728,"column":8},"end":{"line":731,"column":68}},"type":"if","locations":[{"start":{"line":728,"column":8},"end":{"line":731,"column":68}},{"start":{"line":731,"column":12},"end":{"line":731,"column":68}}]},"119":{"loc":{"start":{"line":728,"column":57},"end":{"line":728,"column":101}},"type":"cond-expr","locations":[{"start":{"line":728,"column":95},"end":{"line":728,"column":97}},{"start":{"line":728,"column":95},"end":{"line":728,"column":101}}]},"120":{"loc":{"start":{"line":728,"column":57},"end":{"line":728,"column":97}},"type":"binary-expr","locations":[{"start":{"line":728,"column":57},"end":{"line":728,"column":97}},{"start":{"line":728,"column":95},"end":{"line":728,"column":97}}]},"121":{"loc":{"start":{"line":728,"column":57},"end":{"line":728,"column":95}},"type":"cond-expr","locations":[{"start":{"line":728,"column":86},"end":{"line":728,"column":88}},{"start":{"line":728,"column":86},"end":{"line":728,"column":95}}]},"122":{"loc":{"start":{"line":728,"column":57},"end":{"line":728,"column":88}},"type":"binary-expr","locations":[{"start":{"line":728,"column":57},"end":{"line":728,"column":88}},{"start":{"line":728,"column":86},"end":{"line":728,"column":88}}]},"123":{"loc":{"start":{"line":739,"column":8},"end":{"line":741,"column":9}},"type":"if","locations":[{"start":{"line":739,"column":8},"end":{"line":741,"column":9}}]},"124":{"loc":{"start":{"line":749,"column":8},"end":{"line":752,"column":9}},"type":"if","locations":[{"start":{"line":749,"column":8},"end":{"line":752,"column":9}}]},"125":{"loc":{"start":{"line":753,"column":8},"end":{"line":758,"column":61}},"type":"if","locations":[{"start":{"line":753,"column":8},"end":{"line":758,"column":61}},{"start":{"line":755,"column":13},"end":{"line":758,"column":61}}]},"126":{"loc":{"start":{"line":754,"column":12},"end":{"line":754,"column":64}},"type":"cond-expr","locations":[{"start":{"line":754,"column":39},"end":{"line":754,"column":50}},{"start":{"line":754,"column":53},"end":{"line":754,"column":64}}]},"127":{"loc":{"start":{"line":755,"column":13},"end":{"line":758,"column":61}},"type":"if","locations":[{"start":{"line":755,"column":13},"end":{"line":758,"column":61}},{"start":{"line":757,"column":13},"end":{"line":758,"column":61}}]},"128":{"loc":{"start":{"line":755,"column":17},"end":{"line":755,"column":139}},"type":"binary-expr","locations":[{"start":{"line":755,"column":17},"end":{"line":755,"column":51}},{"start":{"line":755,"column":55},"end":{"line":755,"column":94}},{"start":{"line":755,"column":98},"end":{"line":755,"column":139}}]},"129":{"loc":{"start":{"line":756,"column":12},"end":{"line":756,"column":58}},"type":"cond-expr","locations":[{"start":{"line":756,"column":33},"end":{"line":756,"column":44}},{"start":{"line":756,"column":47},"end":{"line":756,"column":58}}]},"130":{"loc":{"start":{"line":757,"column":13},"end":{"line":758,"column":61}},"type":"if","locations":[{"start":{"line":757,"column":13},"end":{"line":758,"column":61}}]},"131":{"loc":{"start":{"line":758,"column":12},"end":{"line":758,"column":60}},"type":"cond-expr","locations":[{"start":{"line":758,"column":35},"end":{"line":758,"column":46}},{"start":{"line":758,"column":49},"end":{"line":758,"column":60}}]},"132":{"loc":{"start":{"line":764,"column":8},"end":{"line":767,"column":9}},"type":"if","locations":[{"start":{"line":764,"column":8},"end":{"line":767,"column":9}}]},"133":{"loc":{"start":{"line":769,"column":8},"end":{"line":778,"column":9}},"type":"if","locations":[{"start":{"line":769,"column":8},"end":{"line":778,"column":9}},{"start":{"line":775,"column":13},"end":{"line":778,"column":9}}]},"134":{"loc":{"start":{"line":769,"column":12},"end":{"line":771,"column":64}},"type":"binary-expr","locations":[{"start":{"line":769,"column":12},"end":{"line":769,"column":58}},{"start":{"line":770,"column":16},"end":{"line":770,"column":58}},{"start":{"line":771,"column":19},"end":{"line":771,"column":63}}]},"135":{"loc":{"start":{"line":769,"column":13},"end":{"line":769,"column":33}},"type":"binary-expr","locations":[{"start":{"line":769,"column":13},"end":{"line":769,"column":27}},{"start":{"line":769,"column":31},"end":{"line":769,"column":33}}]},"136":{"loc":{"start":{"line":771,"column":20},"end":{"line":771,"column":38}},"type":"binary-expr","locations":[{"start":{"line":771,"column":20},"end":{"line":771,"column":32}},{"start":{"line":771,"column":36},"end":{"line":771,"column":38}}]},"137":{"loc":{"start":{"line":785,"column":8},"end":{"line":789,"column":9}},"type":"if","locations":[{"start":{"line":785,"column":8},"end":{"line":789,"column":9}}]},"138":{"loc":{"start":{"line":785,"column":12},"end":{"line":785,"column":46}},"type":"binary-expr","locations":[{"start":{"line":785,"column":12},"end":{"line":785,"column":26}},{"start":{"line":785,"column":30},"end":{"line":785,"column":46}}]},"139":{"loc":{"start":{"line":786,"column":47},"end":{"line":786,"column":67}},"type":"binary-expr","locations":[{"start":{"line":786,"column":47},"end":{"line":786,"column":61}},{"start":{"line":786,"column":65},"end":{"line":786,"column":67}}]},"140":{"loc":{"start":{"line":787,"column":12},"end":{"line":788,"column":127}},"type":"if","locations":[{"start":{"line":787,"column":12},"end":{"line":788,"column":127}}]},"141":{"loc":{"start":{"line":787,"column":16},"end":{"line":787,"column":96}},"type":"binary-expr","locations":[{"start":{"line":787,"column":16},"end":{"line":787,"column":51}},{"start":{"line":787,"column":55},"end":{"line":787,"column":96}}]},"142":{"loc":{"start":{"line":793,"column":42},"end":{"line":793,"column":62}},"type":"binary-expr","locations":[{"start":{"line":793,"column":42},"end":{"line":793,"column":56}},{"start":{"line":793,"column":60},"end":{"line":793,"column":62}}]},"143":{"loc":{"start":{"line":794,"column":8},"end":{"line":795,"column":65}},"type":"if","locations":[{"start":{"line":794,"column":8},"end":{"line":795,"column":65}}]}},"s":{"0":1,"1":1,"2":1,"3":1,"4":1,"5":1,"6":1,"7":1,"8":1,"9":1,"10":1,"11":1,"12":1,"13":1,"14":1,"15":1,"16":1,"17":1,"18":0,"19":0,"20":0,"21":24,"22":24,"23":24,"24":24,"25":0,"26":0,"27":24,"28":0,"29":24,"30":18,"31":24,"32":18,"33":36,"34":18,"35":18,"36":18,"37":0,"38":18,"39":24,"40":24,"41":24,"42":24,"43":72,"44":72,"45":24,"46":24,"47":1,"48":8,"49":8,"50":8,"51":0,"52":8,"53":1,"54":128,"55":1,"56":24,"57":24,"58":24,"59":1,"60":32,"61":1,"62":240,"63":24,"64":216,"65":96,"66":120,"67":120,"68":1,"69":16,"70":1,"71":72,"72":72,"73":72,"74":72,"75":72,"76":72,"77":72,"78":72,"79":72,"80":72,"81":72,"82":72,"83":72,"84":72,"85":72,"86":72,"87":72,"88":72,"89":72,"90":72,"91":72,"92":72,"93":72,"94":72,"95":24,"96":72,"97":0,"98":72,"99":72,"100":72,"101":72,"102":72,"103":72,"104":72,"105":72,"106":24,"107":128,"108":128,"109":1584,"110":1584,"111":1584,"112":384,"113":384,"114":1200,"115":192,"116":192,"117":1008,"118":1584,"119":56,"120":56,"121":56,"122":56,"123":72,"124":0,"125":72,"126":0,"127":192,"128":192,"129":192,"130":192,"131":192,"132":192,"133":192,"134":0,"135":192,"136":192,"137":192,"138":192,"139":192,"140":192,"141":192,"142":216,"143":72,"144":0,"145":128,"146":128,"147":32,"148":128,"149":16,"150":128,"151":32,"152":128,"153":128,"154":128,"155":128,"156":72,"157":72,"158":72,"159":72,"160":72,"161":72,"162":72,"163":72,"164":48,"165":72,"166":72,"167":72,"168":72,"169":72,"170":72,"171":72,"172":72,"173":72,"174":72,"175":0,"176":0,"177":72,"178":0,"179":0,"180":72,"181":0,"182":72,"183":72,"184":72,"185":72,"186":72,"187":72,"188":72,"189":72,"190":72,"191":72,"192":72,"193":72,"194":72,"195":72,"196":72,"197":72,"198":72,"199":72,"200":72,"201":72,"202":72,"203":72,"204":72,"205":72,"206":72,"207":72,"208":72,"209":72,"210":32,"211":32,"212":0,"213":32,"214":32,"215":32,"216":16,"217":16,"218":16,"219":16,"220":16,"221":16,"222":32,"223":408,"224":408,"225":48,"226":48,"227":48,"228":48,"229":48,"230":48,"231":48,"232":48,"233":408,"234":408,"235":408,"236":3056,"237":3056,"238":3056,"239":1888,"240":3056,"241":408,"242":32,"243":32,"244":32,"245":32,"246":32,"247":24,"248":32,"249":32,"250":32,"251":32,"252":32,"253":32,"254":72,"255":72,"256":0,"257":0,"258":0,"259":0,"260":0,"261":0,"262":0,"263":0,"264":0,"265":0,"266":0,"267":0,"268":0,"269":32,"270":32,"271":48,"272":48,"273":48,"274":48,"275":0,"276":0,"277":48,"278":48,"279":48,"280":48,"281":48,"282":0,"283":48,"284":48,"285":48,"286":64,"287":64,"288":16,"289":48,"290":48,"291":0,"292":48,"293":48,"294":16,"295":16,"296":32,"297":32,"298":480,"299":32,"300":448,"301":32,"302":32,"303":32,"304":32,"305":32,"306":32,"307":32,"308":24,"309":24,"310":24,"311":120,"312":120,"313":48,"314":72,"315":72,"316":72,"317":176,"318":48,"319":48,"320":128,"321":128,"322":168,"323":168,"324":1,"325":1584,"326":1584,"327":1584,"328":1584,"329":1584,"330":1584,"331":1584,"332":1584,"333":1584,"334":1584,"335":1584,"336":1584,"337":1584,"338":1584,"339":1584,"340":1584,"341":1584,"342":1584,"343":1584,"344":1188,"345":1584,"346":1386,"347":1584,"348":1188,"349":1584,"350":600,"351":1584,"352":144,"353":40,"354":48,"355":3024,"356":3024,"357":3024,"358":3024,"359":1648,"360":1648,"361":152,"362":1496,"363":128,"364":1368,"365":128,"366":1240,"367":208,"368":1032,"369":1584,"370":1584,"371":1584,"372":1584,"373":1188,"374":1188,"375":1188,"376":1188,"377":1188,"378":1584,"379":1584,"380":1584,"381":1584,"382":1386,"383":1386,"384":1386,"385":1386,"386":1386,"387":1188,"388":1188,"389":1188,"390":0,"391":1188,"392":0,"393":1188,"394":0,"395":1188,"396":1188,"397":1188,"398":600,"399":600,"400":600,"401":600,"402":0,"403":144,"404":36,"405":108,"406":144,"407":144,"408":144,"409":0,"410":3056,"411":3056,"412":2528,"413":3056,"414":3056,"415":3056,"416":3056,"417":3056,"418":2192,"419":2192,"420":864,"421":192,"422":672,"423":336,"424":336,"425":336,"426":2528,"427":2528,"428":2528,"429":1648,"430":1648,"431":880,"432":880,"433":640,"434":640,"435":240,"436":240,"437":240,"438":240,"439":240,"440":240,"441":240,"442":240,"443":180,"444":2288,"445":2288,"446":1776,"447":1168,"448":1168,"449":2768,"450":2768,"451":1},"f":{"0":1,"1":1,"2":24,"3":0,"4":8,"5":128,"6":24,"7":32,"8":240,"9":16,"10":72,"11":72,"12":72,"13":128,"14":1584,"15":56,"16":72,"17":0,"18":0,"19":192,"20":0,"21":192,"22":216,"23":72,"24":0,"25":128,"26":72,"27":72,"28":0,"29":0,"30":0,"31":72,"32":72,"33":32,"34":408,"35":48,"36":408,"37":3056,"38":32,"39":32,"40":32,"41":72,"42":0,"43":32,"44":48,"45":0,"46":48,"47":64,"48":24,"49":120,"50":168,"51":1584,"52":1584,"53":40,"54":48,"55":3024,"56":1648,"57":1584,"58":1188,"59":1584,"60":1386,"61":1188,"62":600,"63":0,"64":144,"65":0,"66":3056,"67":3056,"68":2528,"69":240,"70":2288,"71":1168,"72":2768},"b":{"0":[1,1],"1":[1,1],"2":[0],"3":[0,0],"4":[24,0],"5":[0],"6":[18],"7":[0,18],"8":[18],"9":[18],"10":[18],"11":[24,0],"12":[0,24],"13":[24,24],"14":[24,0,0],"15":[0,24],"16":[24,24],"17":[24],"18":[72],"19":[0],"20":[24],"21":[24,216],"22":[240,120,216],"23":[96,120],"24":[216,96,72,24],"25":[120],"26":[120,120,72],"27":[24],"28":[24,48],"29":[72,72],"30":[0,72],"31":[72,72],"32":[0],"33":[24],"34":[384,1200],"35":[1584,1456,1328],"36":[192,1008],"37":[72,0],"38":[72,0],"39":[0,216],"40":[216,216],"41":[32],"42":[16],"43":[32],"44":[0,128],"45":[72],"46":[48],"47":[0,32],"48":[32,32],"49":[0],"50":[16,16],"51":[0,48],"52":[48,48],"53":[16,32],"54":[48,48],"55":[0,48],"56":[48,48],"57":[1888],"58":[0],"59":[0,0,0,0,0],"60":[0,0],"61":[0,0],"62":[0,0],"63":[0,0],"64":[0,0],"65":[0,0],"66":[48,0],"67":[0,48],"68":[48,48],"69":[0,48],"70":[48,48],"71":[0],"72":[48,0],"73":[48,0],"74":[0,48],"75":[48,48],"76":[0,48],"77":[48,48],"78":[0],"79":[48,0],"80":[64,0],"81":[0,64],"82":[64,64],"83":[0,64],"84":[64,64],"85":[16],"86":[0],"87":[32],"88":[24,24],"89":[120,72],"90":[48],"91":[120,72],"92":[48,24],"93":[48],"94":[128,0],"95":[1188],"96":[1386],"97":[1188],"98":[600],"99":[1584,696,696],"100":[144],"101":[1584,1188],"102":[3024],"103":[152,1496],"104":[128,1368],"105":[128,1240],"106":[208,1032],"107":[144,1044],"108":[1044,0],"109":[1188,0],"110":[1386,0],"111":[0,1188],"112":[1188,0],"113":[0,1188],"114":[1188,522],"115":[0,1188],"116":[1188,522],"117":[1188,0],"118":[36,108],"119":[0,144],"120":[144,144],"121":[0,144],"122":[144,144],"123":[2528],"124":[2192],"125":[192,672],"126":[96,96],"127":[336,336],"128":[672,560,448],"129":[72,264],"130":[336],"131":[168,168],"132":[1648],"133":[640,240],"134":[880,640,480],"135":[880,0],"136":[480,0],"137":[240],"138":[240,240],"139":[240,0],"140":[180],"141":[240,240],"142":[2288,0],"143":[1776]}}
}
