TN:
SF:src/fieldfinder.ts
FN:22,(anonymous_7)
FN:30,(anonymous_8)
FN:77,initializeFieldFinder
FN:104,(anonymous_10)
FN:129,handleFieldUpdate
FN:137,handleButtonClick
FN:142,handleFieldSelectorClick
FN:148,handleMultiSelectClick
FN:152,handleKey
FN:165,handleRelatedTableClick
FN:193,(anonymous_18)
FN:202,(anonymous_19)
FN:214,(anonymous_20)
FN:219,(anonymous_21)
FN:221,(anonymous_22)
FN:232,(anonymous_23)
FN:239,(anonymous_24)
FN:240,(anonymous_25)
FN:241,(anonymous_26)
FN:244,(anonymous_27)
FN:251,(anonymous_28)
FN:255,(anonymous_29)
FN:264,(anonymous_30)
FN:268,(anonymous_31)
FN:269,(anonymous_32)
FN:274,(anonymous_33)
FN:288,(anonymous_34)
FN:298,(anonymous_35)
FN:299,(anonymous_36)
FN:310,(anonymous_37)
FN:319,(anonymous_38)
FN:323,(anonymous_39)
FN:327,(anonymous_40)
FN:332,(anonymous_41)
FN:341,(anonymous_42)
FN:371,(anonymous_43)
FN:402,(anonymous_44)
FN:407,(anonymous_45)
FN:409,(anonymous_46)
FN:418,(anonymous_47)
FN:421,(anonymous_48)
FN:432,(anonymous_49)
FN:434,(anonymous_50)
FN:437,(anonymous_51)
FN:451,(anonymous_52)
FN:463,(anonymous_53)
FN:480,(anonymous_55)
FN:524,(anonymous_57)
FN:530,(anonymous_58)
FN:547,(anonymous_59)
FN:569,(anonymous_60)
FN:586,(anonymous_61)
FN:604,(anonymous_62)
FN:608,(anonymous_63)
FN:612,(anonymous_64)
FN:619,(anonymous_65)
FN:633,(anonymous_66)
FN:640,(anonymous_67)
FN:648,(anonymous_68)
FN:655,(anonymous_69)
FN:663,(anonymous_70)
FN:671,(anonymous_71)
FN:675,(anonymous_72)
FN:678,(anonymous_73)
FN:685,(anonymous_74)
FN:688,(anonymous_75)
FN:695,(anonymous_76)
FN:712,(anonymous_77)
FN:732,(anonymous_78)
FN:743,(anonymous_79)
FN:749,(anonymous_80)
FN:754,(anonymous_81)
FNF:72
FNH:62
FNDA:1,(anonymous_7)
FNDA:1,(anonymous_8)
FNDA:1,initializeFieldFinder
FNDA:0,(anonymous_10)
FNDA:1,handleFieldUpdate
FNDA:6,handleButtonClick
FNDA:1,handleFieldSelectorClick
FNDA:4,handleMultiSelectClick
FNDA:7,handleKey
FNDA:1,handleRelatedTableClick
FNDA:2,(anonymous_18)
FNDA:2,(anonymous_19)
FNDA:2,(anonymous_20)
FNDA:5,(anonymous_21)
FNDA:79,(anonymous_22)
FNDA:3,(anonymous_23)
FNDA:2,(anonymous_24)
FNDA:0,(anonymous_25)
FNDA:0,(anonymous_26)
FNDA:6,(anonymous_27)
FNDA:0,(anonymous_28)
FNDA:10,(anonymous_29)
FNDA:11,(anonymous_30)
FNDA:2,(anonymous_31)
FNDA:0,(anonymous_32)
FNDA:5,(anonymous_33)
FNDA:2,(anonymous_34)
FNDA:7,(anonymous_35)
FNDA:14,(anonymous_36)
FNDA:2,(anonymous_37)
FNDA:0,(anonymous_38)
FNDA:0,(anonymous_39)
FNDA:0,(anonymous_40)
FNDA:2,(anonymous_41)
FNDA:2,(anonymous_42)
FNDA:4,(anonymous_43)
FNDA:19,(anonymous_44)
FNDA:2,(anonymous_45)
FNDA:6,(anonymous_46)
FNDA:19,(anonymous_47)
FNDA:152,(anonymous_48)
FNDA:4,(anonymous_49)
FNDA:4,(anonymous_50)
FNDA:4,(anonymous_51)
FNDA:4,(anonymous_52)
FNDA:3,(anonymous_53)
FNDA:4,(anonymous_55)
FNDA:1,(anonymous_57)
FNDA:2,(anonymous_58)
FNDA:7,(anonymous_59)
FNDA:79,(anonymous_60)
FNDA:79,(anonymous_61)
FNDA:5,(anonymous_62)
FNDA:4,(anonymous_63)
FNDA:161,(anonymous_64)
FNDA:81,(anonymous_65)
FNDA:79,(anonymous_66)
FNDA:79,(anonymous_67)
FNDA:79,(anonymous_68)
FNDA:79,(anonymous_69)
FNDA:79,(anonymous_70)
FNDA:63,(anonymous_71)
FNDA:0,(anonymous_72)
FNDA:10,(anonymous_73)
FNDA:0,(anonymous_74)
FNDA:152,(anonymous_75)
FNDA:152,(anonymous_76)
FNDA:122,(anonymous_77)
FNDA:10,(anonymous_78)
FNDA:112,(anonymous_79)
FNDA:60,(anonymous_80)
FNDA:132,(anonymous_81)
DA:19,1
DA:22,1
DA:23,1
DA:24,1
DA:25,1
DA:26,1
DA:27,1
DA:30,1
DA:31,1
DA:32,1
DA:33,1
DA:34,1
DA:35,1
DA:39,1
DA:50,1
DA:57,1
DA:67,1
DA:68,0
DA:69,0
DA:71,0
DA:77,1
DA:79,1
DA:80,1
DA:81,1
DA:83,0
DA:84,0
DA:87,1
DA:88,0
DA:89,0
DA:92,1
DA:95,1
DA:96,1
DA:98,1
DA:99,1
DA:100,2
DA:101,1
DA:102,1
DA:103,1
DA:104,1
DA:105,1
DA:112,1
DA:113,1
DA:115,1
DA:117,1
DA:118,1
DA:119,2
DA:120,2
DA:122,2
DA:129,1
DA:130,1
DA:131,1
DA:132,1
DA:133,1
DA:137,1
DA:138,6
DA:142,1
DA:143,1
DA:144,1
DA:145,1
DA:148,1
DA:149,4
DA:152,1
DA:153,7
DA:154,1
DA:156,6
DA:157,4
DA:159,2
DA:160,2
DA:165,1
DA:166,1
DA:169,1
DA:174,2
DA:175,2
DA:176,2
DA:177,2
DA:182,2
DA:183,2
DA:184,2
DA:185,2
DA:186,2
DA:187,2
DA:188,2
DA:190,2
DA:191,2
DA:194,2
DA:195,2
DA:196,2
DA:197,2
DA:198,2
DA:199,2
DA:203,2
DA:204,0
DA:205,2
DA:206,2
DA:207,2
DA:208,2
DA:209,2
DA:210,2
DA:211,2
DA:215,2
DA:216,1
DA:220,5
DA:221,5
DA:222,79
DA:223,79
DA:224,79
DA:225,15
DA:226,64
DA:227,10
DA:228,79
DA:233,3
DA:234,3
DA:235,3
DA:236,3
DA:240,2
DA:241,2
DA:245,6
DA:246,6
DA:247,6
DA:248,6
DA:249,6
DA:250,6
DA:251,6
DA:252,6
DA:256,10
DA:257,10
DA:258,10
DA:259,10
DA:260,10
DA:261,10
DA:265,11
DA:269,2
DA:270,0
DA:275,5
DA:276,5
DA:277,0
DA:278,5
DA:279,0
DA:280,5
DA:281,0
DA:282,5
DA:283,5
DA:284,5
DA:285,5
DA:289,2
DA:290,2
DA:291,2
DA:292,2
DA:293,2
DA:294,2
DA:295,2
DA:298,7
DA:299,14
DA:301,2
DA:302,2
DA:304,2
DA:305,2
DA:307,2
DA:311,2
DA:312,2
DA:313,2
DA:314,2
DA:315,2
DA:316,2
DA:317,2
DA:318,2
DA:319,2
DA:320,0
DA:321,0
DA:323,2
DA:324,0
DA:325,0
DA:327,2
DA:328,2
DA:333,2
DA:334,2
DA:335,2
DA:336,2
DA:337,2
DA:338,2
DA:343,2
DA:344,2
DA:345,2
DA:346,2
DA:348,2
DA:349,2
DA:350,2
DA:351,2
DA:352,2
DA:353,2
DA:354,2
DA:355,2
DA:357,2
DA:358,2
DA:359,2
DA:360,2
DA:361,2
DA:362,2
DA:364,2
DA:365,2
DA:367,2
DA:373,4
DA:375,4
DA:377,4
DA:384,4
DA:387,4
DA:388,2
DA:389,2
DA:390,2
DA:393,2
DA:394,2
DA:395,2
DA:398,4
DA:403,19
DA:404,19
DA:408,2
DA:409,2
DA:410,6
DA:412,2
DA:413,2
DA:414,2
DA:415,2
DA:419,19
DA:420,19
DA:421,19
DA:422,152
DA:423,152
DA:424,152
DA:425,92
DA:426,152
DA:428,19
DA:433,4
DA:434,4
DA:438,4
DA:439,4
DA:440,3
DA:442,4
DA:443,4
DA:444,4
DA:445,4
DA:446,4
DA:447,4
DA:452,4
DA:460,4
DA:465,3
DA:466,3
DA:467,3
DA:468,3
DA:469,0
DA:470,3
DA:471,3
DA:472,3
DA:473,3
DA:474,3
DA:475,2
DA:476,2
DA:477,2
DA:483,4
DA:484,4
DA:485,1
DA:486,1
DA:489,3
DA:490,3
DA:491,0
DA:493,0
DA:495,3
DA:496,3
DA:498,1
DA:499,1
DA:503,2
DA:506,2
DA:507,30
DA:508,2
DA:509,28
DA:510,28
DA:511,28
DA:515,2
DA:516,2
DA:517,2
DA:518,2
DA:519,2
DA:520,2
DA:521,2
DA:525,1
DA:526,1
DA:527,1
DA:531,2
DA:532,2
DA:533,0
DA:535,2
DA:536,2
DA:537,2
DA:538,7
DA:539,1
DA:540,1
DA:542,6
DA:543,6
DA:548,7
DA:549,7
DA:554,1
DA:570,79
DA:571,79
DA:572,79
DA:573,79
DA:574,79
DA:575,79
DA:576,79
DA:577,79
DA:578,79
DA:579,79
DA:580,79
DA:581,79
DA:582,79
DA:583,79
DA:587,79
DA:588,79
DA:589,79
DA:590,79
DA:591,79
DA:592,79
DA:593,79
DA:594,79
DA:597,63
DA:599,79
DA:600,10
DA:605,5
DA:609,4
DA:613,161
DA:614,161
DA:615,161
DA:616,161
DA:620,81
DA:621,81
DA:622,81
DA:623,5
DA:624,76
DA:625,5
DA:626,71
DA:627,5
DA:628,81
DA:629,10
DA:630,81
DA:634,79
DA:635,79
DA:636,79
DA:637,79
DA:641,79
DA:642,79
DA:643,79
DA:644,79
DA:645,79
DA:649,79
DA:650,79
DA:651,79
DA:652,79
DA:656,79
DA:657,79
DA:658,79
DA:659,79
DA:660,79
DA:664,79
DA:665,79
DA:666,79
DA:667,79
DA:668,79
DA:672,63
DA:673,63
DA:674,63
DA:675,63
DA:679,10
DA:680,3
DA:682,7
DA:683,10
DA:684,10
DA:685,10
DA:689,152
DA:690,152
DA:691,122
DA:696,152
DA:697,152
DA:698,152
DA:699,152
DA:700,152
DA:701,104
DA:702,104
DA:704,48
DA:705,12
DA:706,36
DA:707,18
DA:708,18
DA:709,18
DA:713,122
DA:714,122
DA:715,122
DA:716,82
DA:717,82
DA:719,40
DA:720,40
DA:723,30
DA:724,30
DA:727,10
DA:728,10
DA:733,10
DA:734,10
DA:735,10
DA:736,10
DA:737,10
DA:738,10
DA:739,10
DA:744,112
DA:745,112
DA:746,80
DA:750,60
DA:751,60
DA:755,132
DA:756,132
LF:416
LH:396
BRDA:22,0,0,1
BRDA:22,0,1,1
BRDA:30,1,0,1
BRDA:30,1,1,1
BRDA:67,2,0,0
BRDA:68,3,0,0
BRDA:68,3,1,0
BRDA:81,4,0,1
BRDA:81,4,1,0
BRDA:87,5,0,0
BRDA:95,6,0,1
BRDA:96,7,0,0
BRDA:96,7,1,1
BRDA:98,8,0,1
BRDA:100,9,0,1
BRDA:102,10,0,1
BRDA:112,11,0,1
BRDA:112,11,1,0
BRDA:112,12,0,0
BRDA:112,12,1,1
BRDA:112,13,0,1
BRDA:112,13,1,1
BRDA:113,14,0,1
BRDA:113,14,1,0
BRDA:113,14,2,0
BRDA:113,15,0,0
BRDA:113,15,1,1
BRDA:113,16,0,1
BRDA:113,16,1,1
BRDA:117,17,0,1
BRDA:119,18,0,2
BRDA:132,19,0,0
BRDA:143,20,0,1
BRDA:153,21,0,1
BRDA:153,21,1,6
BRDA:153,22,0,7
BRDA:153,22,1,5
BRDA:153,22,2,6
BRDA:156,23,0,4
BRDA:156,23,1,2
BRDA:156,24,0,6
BRDA:156,24,1,4
BRDA:156,24,2,3
BRDA:156,24,3,1
BRDA:159,25,0,2
BRDA:159,26,0,2
BRDA:159,26,1,2
BRDA:159,26,2,0
BRDA:203,27,0,0
BRDA:215,28,0,1
BRDA:215,29,0,0
BRDA:215,29,1,2
BRDA:215,30,0,2
BRDA:215,30,1,2
BRDA:215,31,0,0
BRDA:215,31,1,2
BRDA:215,32,0,2
BRDA:215,32,1,2
BRDA:224,33,0,15
BRDA:224,33,1,64
BRDA:224,34,0,79
BRDA:224,34,1,74
BRDA:224,34,2,69
BRDA:226,35,0,10
BRDA:241,36,0,2
BRDA:241,36,1,0
BRDA:241,37,0,2
BRDA:241,37,1,0
BRDA:265,38,0,0
BRDA:265,38,1,11
BRDA:265,39,0,11
BRDA:265,39,1,11
BRDA:276,40,0,0
BRDA:278,41,0,0
BRDA:280,42,0,0
BRDA:282,43,0,0
BRDA:282,43,1,5
BRDA:298,44,0,2
BRDA:298,44,1,0
BRDA:299,45,0,2
BRDA:299,45,1,0
BRDA:301,46,0,2
BRDA:304,47,0,2
BRDA:373,48,0,0
BRDA:373,48,1,4
BRDA:373,49,0,4
BRDA:373,49,1,4
BRDA:375,50,0,0
BRDA:387,51,0,2
BRDA:387,51,1,2
BRDA:424,52,0,92
BRDA:465,53,0,3
BRDA:465,53,1,0
BRDA:465,54,0,0
BRDA:465,54,1,3
BRDA:465,55,0,3
BRDA:465,55,1,3
BRDA:465,56,0,0
BRDA:465,56,1,3
BRDA:465,57,0,3
BRDA:465,57,1,3
BRDA:468,58,0,0
BRDA:471,59,0,3
BRDA:471,59,1,0
BRDA:474,60,0,3
BRDA:474,60,1,0
BRDA:483,61,0,4
BRDA:483,61,1,0
BRDA:483,62,0,0
BRDA:483,62,1,4
BRDA:483,63,0,4
BRDA:483,63,1,4
BRDA:483,64,0,0
BRDA:483,64,1,4
BRDA:483,65,0,4
BRDA:483,65,1,4
BRDA:484,66,0,1
BRDA:490,67,0,0
BRDA:507,68,0,2
BRDA:525,69,0,1
BRDA:525,69,1,0
BRDA:531,70,0,2
BRDA:531,70,1,1
BRDA:532,71,0,0
BRDA:532,72,0,2
BRDA:532,72,1,1
BRDA:535,73,0,2
BRDA:535,73,1,0
BRDA:538,74,0,1
BRDA:542,75,0,6
BRDA:542,75,1,0
BRDA:591,76,0,79
BRDA:592,77,0,79
BRDA:593,78,0,79
BRDA:594,79,0,63
BRDA:594,80,0,79
BRDA:594,80,1,71
BRDA:594,80,2,71
BRDA:599,81,0,10
BRDA:599,82,0,79
BRDA:599,82,1,79
BRDA:614,83,0,161
BRDA:622,84,0,5
BRDA:622,84,1,76
BRDA:624,85,0,5
BRDA:624,85,1,71
BRDA:626,86,0,5
BRDA:628,87,0,10
BRDA:643,88,0,10
BRDA:643,88,1,69
BRDA:643,89,0,69
BRDA:643,89,1,0
BRDA:644,90,0,79
BRDA:644,90,1,0
BRDA:659,91,0,79
BRDA:659,91,1,0
BRDA:666,92,0,10
BRDA:666,92,1,69
BRDA:666,93,0,0
BRDA:666,93,1,69
BRDA:667,94,0,79
BRDA:667,94,1,0
BRDA:679,95,0,3
BRDA:679,95,1,7
BRDA:679,96,0,0
BRDA:679,96,1,10
BRDA:679,97,0,10
BRDA:679,97,1,10
BRDA:679,98,0,0
BRDA:679,98,1,10
BRDA:679,99,0,10
BRDA:679,99,1,10
BRDA:690,100,0,122
BRDA:700,101,0,104
BRDA:704,102,0,12
BRDA:704,102,1,36
BRDA:705,103,0,6
BRDA:705,103,1,6
BRDA:706,104,0,18
BRDA:706,104,1,18
BRDA:706,105,0,36
BRDA:706,105,1,30
BRDA:706,105,2,24
BRDA:707,106,0,3
BRDA:707,106,1,15
BRDA:708,107,0,18
BRDA:709,108,0,9
BRDA:709,108,1,9
BRDA:715,109,0,82
BRDA:720,110,0,30
BRDA:720,110,1,10
BRDA:720,111,0,40
BRDA:720,111,1,30
BRDA:720,111,2,30
BRDA:720,112,0,40
BRDA:720,112,1,0
BRDA:722,113,0,30
BRDA:722,113,1,0
BRDA:736,114,0,10
BRDA:736,115,0,10
BRDA:736,115,1,10
BRDA:737,116,0,10
BRDA:737,116,1,0
BRDA:738,117,0,10
BRDA:738,118,0,10
BRDA:738,118,1,10
BRDA:744,119,0,112
BRDA:744,119,1,0
BRDA:745,120,0,80
BRF:209
BRH:157
end_of_record
