TN:
SF:src/fieldfinder.ts
FN:26,(anonymous_7)
FN:34,(anonymous_8)
FN:83,initializeFieldFinder
FN:107,(anonymous_10)
FN:132,handleFieldUpdate
FN:140,handleButtonClick
FN:145,handleFieldSelectorClick
FN:151,handleMultiSelectClick
FN:155,handleKey
FN:168,handleRelatedTableClick
FN:200,(anonymous_18)
FN:209,(anonymous_19)
FN:224,(anonymous_20)
FN:229,(anonymous_21)
FN:231,(anonymous_22)
FN:248,(anonymous_23)
FN:255,(anonymous_24)
FN:256,(anonymous_25)
FN:257,(anonymous_26)
FN:260,(anonymous_27)
FN:267,(anonymous_28)
FN:271,(anonymous_29)
FN:280,(anonymous_30)
FN:284,(anonymous_31)
FN:285,(anonymous_32)
FN:290,(anonymous_33)
FN:304,(anonymous_34)
FN:317,(anonymous_35)
FN:326,(anonymous_36)
FN:330,(anonymous_37)
FN:334,(anonymous_38)
FN:339,(anonymous_39)
FN:348,(anonymous_40)
FN:378,(anonymous_41)
FN:409,(anonymous_42)
FN:414,(anonymous_43)
FN:425,(anonymous_44)
FN:428,(anonymous_45)
FN:439,(anonymous_46)
FN:441,(anonymous_47)
FN:444,(anonymous_48)
FN:458,(anonymous_49)
FN:470,(anonymous_50)
FN:491,(anonymous_52)
FN:496,(anonymous_53)
FN:502,(anonymous_54)
FN:509,(anonymous_55)
FN:523,(anonymous_57)
FN:559,(anonymous_59)
FN:565,(anonymous_60)
FN:582,(anonymous_61)
FN:604,(anonymous_62)
FN:621,(anonymous_63)
FN:639,(anonymous_64)
FN:643,(anonymous_65)
FN:647,(anonymous_66)
FN:654,(anonymous_67)
FN:668,(anonymous_68)
FN:675,(anonymous_69)
FN:683,(anonymous_70)
FN:690,(anonymous_71)
FN:698,(anonymous_72)
FN:720,(anonymous_73)
FN:724,(anonymous_74)
FN:727,(anonymous_75)
FN:734,(anonymous_76)
FN:737,(anonymous_77)
FN:744,(anonymous_78)
FN:761,(anonymous_79)
FN:781,(anonymous_80)
FN:792,(anonymous_81)
FN:798,(anonymous_82)
FN:803,(anonymous_83)
FNF:73
FNH:61
FNDA:1,(anonymous_7)
FNDA:1,(anonymous_8)
FNDA:24,initializeFieldFinder
FNDA:0,(anonymous_10)
FNDA:8,handleFieldUpdate
FNDA:128,handleButtonClick
FNDA:24,handleFieldSelectorClick
FNDA:32,handleMultiSelectClick
FNDA:240,handleKey
FNDA:16,handleRelatedTableClick
FNDA:72,(anonymous_18)
FNDA:72,(anonymous_19)
FNDA:72,(anonymous_20)
FNDA:128,(anonymous_21)
FNDA:1584,(anonymous_22)
FNDA:56,(anonymous_23)
FNDA:72,(anonymous_24)
FNDA:0,(anonymous_25)
FNDA:0,(anonymous_26)
FNDA:192,(anonymous_27)
FNDA:0,(anonymous_28)
FNDA:192,(anonymous_29)
FNDA:216,(anonymous_30)
FNDA:72,(anonymous_31)
FNDA:0,(anonymous_32)
FNDA:128,(anonymous_33)
FNDA:72,(anonymous_34)
FNDA:72,(anonymous_35)
FNDA:0,(anonymous_36)
FNDA:0,(anonymous_37)
FNDA:0,(anonymous_38)
FNDA:72,(anonymous_39)
FNDA:72,(anonymous_40)
FNDA:32,(anonymous_41)
FNDA:408,(anonymous_42)
FNDA:48,(anonymous_43)
FNDA:408,(anonymous_44)
FNDA:3056,(anonymous_45)
FNDA:32,(anonymous_46)
FNDA:32,(anonymous_47)
FNDA:32,(anonymous_48)
FNDA:72,(anonymous_49)
FNDA:0,(anonymous_50)
FNDA:32,(anonymous_52)
FNDA:48,(anonymous_53)
FNDA:0,(anonymous_54)
FNDA:48,(anonymous_55)
FNDA:64,(anonymous_57)
FNDA:24,(anonymous_59)
FNDA:120,(anonymous_60)
FNDA:168,(anonymous_61)
FNDA:1584,(anonymous_62)
FNDA:1584,(anonymous_63)
FNDA:40,(anonymous_64)
FNDA:48,(anonymous_65)
FNDA:3024,(anonymous_66)
FNDA:1648,(anonymous_67)
FNDA:1584,(anonymous_68)
FNDA:1188,(anonymous_69)
FNDA:1584,(anonymous_70)
FNDA:1386,(anonymous_71)
FNDA:1188,(anonymous_72)
FNDA:600,(anonymous_73)
FNDA:0,(anonymous_74)
FNDA:144,(anonymous_75)
FNDA:0,(anonymous_76)
FNDA:3056,(anonymous_77)
FNDA:3056,(anonymous_78)
FNDA:2528,(anonymous_79)
FNDA:240,(anonymous_80)
FNDA:2288,(anonymous_81)
FNDA:1168,(anonymous_82)
FNDA:2768,(anonymous_83)
DA:18,1
DA:23,1
DA:26,1
DA:27,1
DA:28,1
DA:29,1
DA:30,1
DA:31,1
DA:34,1
DA:35,1
DA:36,1
DA:37,1
DA:38,1
DA:39,1
DA:43,1
DA:54,1
DA:61,1
DA:73,1
DA:74,0
DA:75,0
DA:77,0
DA:83,1
DA:85,24
DA:87,24
DA:88,24
DA:89,24
DA:91,0
DA:92,0
DA:95,24
DA:96,0
DA:99,24
DA:100,18
DA:102,24
DA:103,18
DA:104,36
DA:105,18
DA:106,18
DA:107,18
DA:108,18
DA:115,24
DA:116,24
DA:118,24
DA:119,24
DA:120,72
DA:121,72
DA:126,24
DA:127,24
DA:132,1
DA:133,8
DA:134,8
DA:135,8
DA:136,8
DA:140,1
DA:141,128
DA:145,1
DA:146,24
DA:147,24
DA:148,24
DA:151,1
DA:152,32
DA:155,1
DA:156,240
DA:157,24
DA:159,216
DA:160,96
DA:162,120
DA:163,120
DA:168,1
DA:169,16
DA:172,1
DA:177,72
DA:178,72
DA:179,72
DA:180,72
DA:185,72
DA:186,72
DA:187,72
DA:188,72
DA:190,72
DA:191,72
DA:192,72
DA:193,72
DA:194,72
DA:195,72
DA:196,72
DA:197,72
DA:198,72
DA:201,72
DA:202,72
DA:203,72
DA:204,72
DA:205,72
DA:206,72
DA:210,72
DA:211,24
DA:212,72
DA:213,0
DA:214,72
DA:215,72
DA:216,72
DA:217,72
DA:218,72
DA:219,72
DA:220,72
DA:225,72
DA:226,24
DA:230,128
DA:231,128
DA:232,1584
DA:233,1584
DA:234,1584
DA:235,384
DA:236,384
DA:238,1200
DA:239,192
DA:240,192
DA:243,1008
DA:244,1584
DA:249,56
DA:250,56
DA:251,56
DA:252,56
DA:256,72
DA:257,72
DA:261,192
DA:262,192
DA:263,192
DA:264,192
DA:265,192
DA:266,192
DA:267,192
DA:268,192
DA:272,192
DA:273,192
DA:274,192
DA:275,192
DA:276,192
DA:277,192
DA:281,216
DA:285,72
DA:286,0
DA:291,128
DA:292,128
DA:293,32
DA:294,128
DA:295,16
DA:296,128
DA:297,32
DA:298,128
DA:299,128
DA:300,128
DA:301,128
DA:305,72
DA:306,72
DA:307,72
DA:308,72
DA:309,72
DA:310,72
DA:311,72
DA:312,72
DA:313,48
DA:314,72
DA:318,72
DA:319,72
DA:320,72
DA:321,72
DA:322,72
DA:323,72
DA:324,72
DA:325,72
DA:326,72
DA:327,0
DA:328,0
DA:330,72
DA:331,0
DA:332,0
DA:334,72
DA:335,72
DA:340,72
DA:341,72
DA:342,72
DA:343,72
DA:344,72
DA:345,72
DA:350,72
DA:351,72
DA:352,72
DA:353,72
DA:355,72
DA:356,72
DA:357,72
DA:358,72
DA:359,72
DA:360,72
DA:361,72
DA:362,72
DA:364,72
DA:365,72
DA:366,72
DA:367,72
DA:368,72
DA:369,72
DA:371,72
DA:372,72
DA:374,72
DA:380,32
DA:382,32
DA:384,32
DA:391,32
DA:394,32
DA:395,16
DA:396,16
DA:397,16
DA:400,16
DA:401,16
DA:402,16
DA:405,32
DA:410,408
DA:411,408
DA:415,48
DA:416,48
DA:417,48
DA:418,48
DA:419,48
DA:420,48
DA:421,48
DA:422,48
DA:426,408
DA:427,408
DA:428,408
DA:429,3056
DA:430,3056
DA:431,3056
DA:432,1888
DA:433,3056
DA:435,408
DA:440,32
DA:441,32
DA:445,32
DA:446,32
DA:447,24
DA:449,32
DA:450,32
DA:451,32
DA:452,32
DA:453,32
DA:454,32
DA:459,72
DA:467,72
DA:471,0
DA:472,0
DA:473,0
DA:474,0
DA:475,0
DA:476,0
DA:477,0
DA:478,0
DA:479,0
DA:480,0
DA:484,0
DA:485,0
DA:486,0
DA:492,32
DA:493,32
DA:497,48
DA:498,48
DA:499,48
DA:500,48
DA:501,0
DA:503,0
DA:506,48
DA:510,48
DA:511,48
DA:512,48
DA:513,48
DA:514,0
DA:515,48
DA:516,48
DA:517,48
DA:525,64
DA:526,64
DA:527,16
DA:530,48
DA:531,48
DA:532,0
DA:534,48
DA:535,48
DA:537,16
DA:538,16
DA:542,32
DA:545,32
DA:546,480
DA:547,32
DA:548,448
DA:550,32
DA:551,32
DA:552,32
DA:553,32
DA:554,32
DA:555,32
DA:556,32
DA:560,24
DA:561,24
DA:562,24
DA:566,120
DA:567,120
DA:568,48
DA:570,72
DA:571,72
DA:572,72
DA:573,176
DA:574,48
DA:575,48
DA:577,128
DA:578,128
DA:583,168
DA:584,168
DA:589,1
DA:605,1584
DA:606,1584
DA:607,1584
DA:608,1584
DA:609,1584
DA:610,1584
DA:611,1584
DA:612,1584
DA:613,1584
DA:614,1584
DA:615,1584
DA:616,1584
DA:617,1584
DA:618,1584
DA:622,1584
DA:623,1584
DA:624,1584
DA:625,1584
DA:626,1584
DA:627,1584
DA:628,1584
DA:629,1584
DA:632,600
DA:634,1584
DA:635,144
DA:640,40
DA:644,48
DA:648,3024
DA:649,3024
DA:650,3024
DA:651,3024
DA:655,1648
DA:656,1648
DA:657,152
DA:658,1496
DA:659,128
DA:660,1368
DA:661,128
DA:662,1240
DA:663,208
DA:665,1032
DA:669,1584
DA:670,1584
DA:671,1584
DA:672,1584
DA:676,1188
DA:677,1188
DA:678,1188
DA:679,1188
DA:680,1188
DA:684,1584
DA:685,1584
DA:686,1584
DA:687,1584
DA:691,1386
DA:692,1386
DA:693,1386
DA:694,1386
DA:695,1386
DA:699,1188
DA:700,1188
DA:703,1188
DA:704,0
DA:706,1188
DA:707,0
DA:709,1188
DA:710,0
DA:713,1188
DA:716,1188
DA:717,1188
DA:721,600
DA:722,600
DA:723,600
DA:724,600
DA:728,144
DA:729,36
DA:731,108
DA:732,144
DA:733,144
DA:734,144
DA:738,3056
DA:739,3056
DA:740,2528
DA:745,3056
DA:746,3056
DA:747,3056
DA:748,3056
DA:749,3056
DA:750,2192
DA:751,2192
DA:753,864
DA:754,192
DA:755,672
DA:756,336
DA:757,336
DA:758,336
DA:762,2528
DA:763,2528
DA:764,2528
DA:765,1648
DA:766,1648
DA:768,880
DA:769,880
DA:772,640
DA:773,640
DA:776,240
DA:777,240
DA:782,240
DA:783,240
DA:784,240
DA:785,240
DA:786,240
DA:787,240
DA:788,180
DA:793,2288
DA:794,2288
DA:795,1776
DA:799,1168
DA:800,1168
DA:804,2768
DA:805,2768
LF:439
LH:407
BRDA:26,0,0,1
BRDA:26,0,1,1
BRDA:34,1,0,1
BRDA:34,1,1,1
BRDA:73,2,0,0
BRDA:74,3,0,0
BRDA:74,3,1,0
BRDA:89,4,0,24
BRDA:89,4,1,0
BRDA:95,5,0,0
BRDA:99,6,0,18
BRDA:100,7,0,0
BRDA:100,7,1,18
BRDA:102,8,0,18
BRDA:104,9,0,18
BRDA:106,10,0,18
BRDA:115,11,0,24
BRDA:115,11,1,0
BRDA:115,12,0,0
BRDA:115,12,1,24
BRDA:115,13,0,24
BRDA:115,13,1,24
BRDA:116,14,0,24
BRDA:116,14,1,0
BRDA:116,14,2,0
BRDA:116,15,0,0
BRDA:116,15,1,24
BRDA:116,16,0,24
BRDA:116,16,1,24
BRDA:118,17,0,24
BRDA:120,18,0,72
BRDA:135,19,0,0
BRDA:146,20,0,24
BRDA:156,21,0,24
BRDA:156,21,1,216
BRDA:156,22,0,240
BRDA:156,22,1,120
BRDA:156,22,2,216
BRDA:159,23,0,96
BRDA:159,23,1,120
BRDA:159,24,0,216
BRDA:159,24,1,96
BRDA:159,24,2,72
BRDA:159,24,3,24
BRDA:162,25,0,120
BRDA:162,26,0,120
BRDA:162,26,1,120
BRDA:162,26,2,72
BRDA:210,27,0,24
BRDA:210,28,0,24
BRDA:210,28,1,48
BRDA:210,29,0,72
BRDA:210,29,1,72
BRDA:210,30,0,0
BRDA:210,30,1,72
BRDA:210,31,0,72
BRDA:210,31,1,72
BRDA:212,32,0,0
BRDA:225,33,0,24
BRDA:234,34,0,384
BRDA:234,34,1,1200
BRDA:234,35,0,1584
BRDA:234,35,1,1456
BRDA:234,35,2,1328
BRDA:238,36,0,192
BRDA:238,36,1,1008
BRDA:257,37,0,72
BRDA:257,37,1,0
BRDA:257,38,0,72
BRDA:257,38,1,0
BRDA:281,39,0,0
BRDA:281,39,1,216
BRDA:281,40,0,216
BRDA:281,40,1,216
BRDA:292,41,0,32
BRDA:294,42,0,16
BRDA:296,43,0,32
BRDA:298,44,0,0
BRDA:298,44,1,128
BRDA:310,45,0,72
BRDA:312,46,0,48
BRDA:380,47,0,0
BRDA:380,47,1,32
BRDA:380,48,0,32
BRDA:380,48,1,32
BRDA:382,49,0,0
BRDA:394,50,0,16
BRDA:394,50,1,16
BRDA:416,51,0,0
BRDA:416,51,1,48
BRDA:416,52,0,48
BRDA:416,52,1,48
BRDA:417,53,0,16
BRDA:417,53,1,32
BRDA:417,54,0,48
BRDA:417,54,1,48
BRDA:418,55,0,0
BRDA:418,55,1,48
BRDA:418,56,0,48
BRDA:418,56,1,48
BRDA:431,57,0,1888
BRDA:480,58,0,0
BRDA:480,59,0,0
BRDA:480,59,1,0
BRDA:480,59,2,0
BRDA:480,59,3,0
BRDA:480,59,4,0
BRDA:482,60,0,0
BRDA:482,60,1,0
BRDA:482,61,0,0
BRDA:482,61,1,0
BRDA:482,62,0,0
BRDA:482,62,1,0
BRDA:482,63,0,0
BRDA:482,63,1,0
BRDA:483,64,0,0
BRDA:483,64,1,0
BRDA:483,65,0,0
BRDA:483,65,1,0
BRDA:497,66,0,48
BRDA:497,66,1,0
BRDA:497,67,0,0
BRDA:497,67,1,48
BRDA:497,68,0,48
BRDA:497,68,1,48
BRDA:497,69,0,0
BRDA:497,69,1,48
BRDA:497,70,0,48
BRDA:497,70,1,48
BRDA:500,71,0,0
BRDA:506,72,0,48
BRDA:506,72,1,0
BRDA:510,73,0,48
BRDA:510,73,1,0
BRDA:510,74,0,0
BRDA:510,74,1,48
BRDA:510,75,0,48
BRDA:510,75,1,48
BRDA:510,76,0,0
BRDA:510,76,1,48
BRDA:510,77,0,48
BRDA:510,77,1,48
BRDA:513,78,0,0
BRDA:516,79,0,48
BRDA:516,79,1,0
BRDA:525,80,0,64
BRDA:525,80,1,0
BRDA:525,81,0,0
BRDA:525,81,1,64
BRDA:525,82,0,64
BRDA:525,82,1,64
BRDA:525,83,0,0
BRDA:525,83,1,64
BRDA:525,84,0,64
BRDA:525,84,1,64
BRDA:526,85,0,16
BRDA:531,86,0,0
BRDA:546,87,0,32
BRDA:560,88,0,24
BRDA:560,88,1,24
BRDA:566,89,0,120
BRDA:566,89,1,72
BRDA:567,90,0,48
BRDA:567,91,0,120
BRDA:567,91,1,72
BRDA:570,92,0,48
BRDA:570,92,1,24
BRDA:573,93,0,48
BRDA:577,94,0,128
BRDA:577,94,1,0
BRDA:626,95,0,1188
BRDA:627,96,0,1386
BRDA:628,97,0,1188
BRDA:629,98,0,600
BRDA:629,99,0,1584
BRDA:629,99,1,696
BRDA:629,99,2,696
BRDA:634,100,0,144
BRDA:634,101,0,1584
BRDA:634,101,1,1188
BRDA:649,102,0,3024
BRDA:656,103,0,152
BRDA:656,103,1,1496
BRDA:658,104,0,128
BRDA:658,104,1,1368
BRDA:660,105,0,128
BRDA:660,105,1,1240
BRDA:662,106,0,208
BRDA:662,106,1,1032
BRDA:678,107,0,144
BRDA:678,107,1,1044
BRDA:678,108,0,1044
BRDA:678,108,1,0
BRDA:679,109,0,1188
BRDA:679,109,1,0
BRDA:694,110,0,1386
BRDA:694,110,1,0
BRDA:703,111,0,0
BRDA:703,111,1,1188
BRDA:703,112,0,1188
BRDA:703,112,1,0
BRDA:706,113,0,0
BRDA:706,113,1,1188
BRDA:706,114,0,1188
BRDA:706,114,1,522
BRDA:709,115,0,0
BRDA:709,115,1,1188
BRDA:709,116,0,1188
BRDA:709,116,1,522
BRDA:716,117,0,1188
BRDA:716,117,1,0
BRDA:728,118,0,36
BRDA:728,118,1,108
BRDA:728,119,0,0
BRDA:728,119,1,144
BRDA:728,120,0,144
BRDA:728,120,1,144
BRDA:728,121,0,0
BRDA:728,121,1,144
BRDA:728,122,0,144
BRDA:728,122,1,144
BRDA:739,123,0,2528
BRDA:749,124,0,2192
BRDA:753,125,0,192
BRDA:753,125,1,672
BRDA:754,126,0,96
BRDA:754,126,1,96
BRDA:755,127,0,336
BRDA:755,127,1,336
BRDA:755,128,0,672
BRDA:755,128,1,560
BRDA:755,128,2,448
BRDA:756,129,0,72
BRDA:756,129,1,264
BRDA:757,130,0,336
BRDA:758,131,0,168
BRDA:758,131,1,168
BRDA:764,132,0,1648
BRDA:769,133,0,640
BRDA:769,133,1,240
BRDA:769,134,0,880
BRDA:769,134,1,640
BRDA:769,134,2,480
BRDA:769,135,0,880
BRDA:769,135,1,0
BRDA:771,136,0,480
BRDA:771,136,1,0
BRDA:785,137,0,240
BRDA:785,138,0,240
BRDA:785,138,1,240
BRDA:786,139,0,240
BRDA:786,139,1,0
BRDA:787,140,0,180
BRDA:787,141,0,240
BRDA:787,141,1,240
BRDA:793,142,0,2288
BRDA:793,142,1,0
BRDA:794,143,0,1776
BRF:258
BRH:189
end_of_record
